<html>
<head>
<title>TestNG:  Smoke Tests</title>
<link href="../testng.css" rel="stylesheet" type="text/css" />
<link href="../my-testng.css" rel="stylesheet" type="text/css" />

<style type="text/css">
.log { display: none;} 
.stack-trace { display: none;} 
</style>
<script type="text/javascript">
<!--
function flip(e) {
  current = e.style.display;
  if (current == 'block') {
    e.style.display = 'none';
    return 0;
  }
  else {
    e.style.display = 'block';
    return 1;
  }
}

function toggleBox(szDivId, elem, msg1, msg2)
{
  var res = -1;  if (document.getElementById) {
    res = flip(document.getElementById(szDivId));
  }
  else if (document.all) {
    // this is the way old msie versions work
    res = flip(document.all[szDivId]);
  }
  if(elem) {
    if(res == 0) elem.innerHTML = msg1; else elem.innerHTML = msg2;
  }

}

function toggleAllBoxes() {
  if (document.getElementsByTagName) {
    d = document.getElementsByTagName('div');
    for (i = 0; i < d.length; i++) {
      if (d[i].className == 'log') {
        flip(d[i]);
      }
    }
  }
}

// -->
</script>

</head>
<body>
<h2 align='center'>Smoke Tests</h2><table border='1' align="center">
<tr>
<td>Tests passed/Failed/Skipped:</td><td>10/8/1</td>
</tr><tr>
<td>Started on:</td><td>Thu Jun 13 10:53:26 IST 2024</td>
</tr>
<tr><td>Total time:</td><td>1339 seconds (1339019 ms)</td>
</tr><tr>
<td>Included groups:</td><td>smoke </td>
</tr><tr>
<td>Excluded groups:</td><td></td>
</tr>
</table><p/>
<small><i>(Hover the method name to see the test class name)</i></small><p/>
<table width='100%' border='1' class='invocation-failed'>
<tr><td colspan='4' align='center'><b>FAILED TESTS</b></td></tr>
<tr><td><b>Test method</b></td>
<td width="30%"><b>Exception</b></td>
<td width="10%"><b>Time (seconds)</b></td>
<td><b>Instance</b></td>
</tr>
<tr>
<td title='Tests.ResourceCentreTest.TC002_VerifyPPTXFileDownloaded()'><b>TC002_VerifyPPTXFileDownloaded</b><br>Test class: Tests.ResourceCentreTest</td>
<td><div><pre>java.lang.AssertionError: expected [true] but found [false]
	at Tests.ResourceCentreTest.TC002_VerifyPPTXFileDownloaded(ResourceCentreTest.java:42)
	at java.base/java.util.ArrayList.forEach(ArrayList.java:1596)
	at Tests.Main.main(Main.java:34)
... Removed 26 stack frames</pre></div><a href='#' onClick='toggleBox("stack-trace483046953", this, "Click to show all stack frames", "Click to hide stack frames")'>Click to show all stack frames</a>
<div class='stack-trace' id='stack-trace483046953'><pre>java.lang.AssertionError: expected [true] but found [false]
	at org.testng.Assert.fail(Assert.java:99)
	at org.testng.Assert.failNotEquals(Assert.java:1037)
	at org.testng.Assert.assertTrue(Assert.java:45)
	at org.testng.Assert.assertTrue(Assert.java:55)
	at Tests.ResourceCentreTest.TC002_VerifyPPTXFileDownloaded(ResourceCentreTest.java:42)
	at java.base/jdk.internal.reflect.DirectMethodHandleAccessor.invoke(DirectMethodHandleAccessor.java:103)
	at java.base/java.lang.reflect.Method.invoke(Method.java:580)
	at org.testng.internal.MethodInvocationHelper.invokeMethod(MethodInvocationHelper.java:133)
	at org.testng.internal.TestInvoker.invokeMethod(TestInvoker.java:598)
	at org.testng.internal.TestInvoker.invokeTestMethod(TestInvoker.java:173)
	at org.testng.internal.MethodRunner.runInSequence(MethodRunner.java:46)
	at org.testng.internal.TestInvoker$MethodInvocationAgent.invoke(TestInvoker.java:824)
	at org.testng.internal.TestInvoker.invokeTestMethods(TestInvoker.java:146)
	at org.testng.internal.TestMethodWorker.invokeTestMethods(TestMethodWorker.java:146)
	at org.testng.internal.TestMethodWorker.run(TestMethodWorker.java:128)
	at java.base/java.util.ArrayList.forEach(ArrayList.java:1596)
	at org.testng.TestRunner.privateRun(TestRunner.java:794)
	at org.testng.TestRunner.run(TestRunner.java:596)
	at org.testng.SuiteRunner.runTest(SuiteRunner.java:377)
	at org.testng.SuiteRunner.runSequentially(SuiteRunner.java:371)
	at org.testng.SuiteRunner.privateRun(SuiteRunner.java:332)
	at org.testng.SuiteRunner.run(SuiteRunner.java:276)
	at org.testng.SuiteRunnerWorker.runSuite(SuiteRunnerWorker.java:53)
	at org.testng.SuiteRunnerWorker.run(SuiteRunnerWorker.java:96)
	at org.testng.TestNG.runSuitesSequentially(TestNG.java:1212)
	at org.testng.TestNG.runSuitesLocally(TestNG.java:1134)
	at org.testng.TestNG.runSuites(TestNG.java:1063)
	at org.testng.TestNG.run(TestNG.java:1031)
	at Tests.Main.main(Main.java:34)
</pre></div></td>
<td>2</td>
<td>Tests.ResourceCentreTest@3a3e78f</td></tr>
<tr>
<td title='Tests.CallPlanTest.TC_009_Verify_Call_Upload()'><b>TC_009_Verify_Call_Upload</b><br>Test class: Tests.CallPlanTest</td>
<td><div><pre>java.lang.AssertionError: The following asserts failed:
	Upload Call Failed : 15013 expected [true] but found [false]
	at Modules.CallPlanModule.startCallProcess(CallPlanModule.java:58)
	at Tests.CallPlanTest.TC_009_Verify_Call_Upload(CallPlanTest.java:99)
	at java.base/java.util.ArrayList.forEach(ArrayList.java:1596)
	at Tests.Main.main(Main.java:34)
... Removed 24 stack frames</pre></div><a href='#' onClick='toggleBox("stack-trace573225871", this, "Click to show all stack frames", "Click to hide stack frames")'>Click to show all stack frames</a>
<div class='stack-trace' id='stack-trace573225871'><pre>java.lang.AssertionError: The following asserts failed:
	Upload Call Failed : 15013 expected [true] but found [false]
	at org.testng.asserts.SoftAssert.assertAll(SoftAssert.java:47)
	at org.testng.asserts.SoftAssert.assertAll(SoftAssert.java:31)
	at Modules.CallPlanModule.startCallProcess(CallPlanModule.java:58)
	at Tests.CallPlanTest.TC_009_Verify_Call_Upload(CallPlanTest.java:99)
	at java.base/jdk.internal.reflect.DirectMethodHandleAccessor.invoke(DirectMethodHandleAccessor.java:103)
	at java.base/java.lang.reflect.Method.invoke(Method.java:580)
	at org.testng.internal.MethodInvocationHelper.invokeMethod(MethodInvocationHelper.java:133)
	at org.testng.internal.TestInvoker.invokeMethod(TestInvoker.java:598)
	at org.testng.internal.TestInvoker.invokeTestMethod(TestInvoker.java:173)
	at org.testng.internal.MethodRunner.runInSequence(MethodRunner.java:46)
	at org.testng.internal.TestInvoker$MethodInvocationAgent.invoke(TestInvoker.java:824)
	at org.testng.internal.TestInvoker.invokeTestMethods(TestInvoker.java:146)
	at org.testng.internal.TestMethodWorker.invokeTestMethods(TestMethodWorker.java:146)
	at org.testng.internal.TestMethodWorker.run(TestMethodWorker.java:128)
	at java.base/java.util.ArrayList.forEach(ArrayList.java:1596)
	at org.testng.TestRunner.privateRun(TestRunner.java:794)
	at org.testng.TestRunner.run(TestRunner.java:596)
	at org.testng.SuiteRunner.runTest(SuiteRunner.java:377)
	at org.testng.SuiteRunner.runSequentially(SuiteRunner.java:371)
	at org.testng.SuiteRunner.privateRun(SuiteRunner.java:332)
	at org.testng.SuiteRunner.run(SuiteRunner.java:276)
	at org.testng.SuiteRunnerWorker.runSuite(SuiteRunnerWorker.java:53)
	at org.testng.SuiteRunnerWorker.run(SuiteRunnerWorker.java:96)
	at org.testng.TestNG.runSuitesSequentially(TestNG.java:1212)
	at org.testng.TestNG.runSuitesLocally(TestNG.java:1134)
	at org.testng.TestNG.runSuites(TestNG.java:1063)
	at org.testng.TestNG.run(TestNG.java:1031)
	at Tests.Main.main(Main.java:34)
</pre></div></td>
<td>1240</td>
<td>Tests.CallPlanTest@54dcfa5a</td></tr>
<tr>
<td title='Tests.ResourceCentreTest.TC003_VerifyMP4FileDownloaded()'><b>TC003_VerifyMP4FileDownloaded</b><br>Test class: Tests.ResourceCentreTest</td>
<td><div><pre>java.lang.AssertionError: expected [true] but found [false]
	at Tests.ResourceCentreTest.TC003_VerifyMP4FileDownloaded(ResourceCentreTest.java:56)
	at java.base/java.util.ArrayList.forEach(ArrayList.java:1596)
	at Tests.Main.main(Main.java:34)
... Removed 26 stack frames</pre></div><a href='#' onClick='toggleBox("stack-trace534027987", this, "Click to show all stack frames", "Click to hide stack frames")'>Click to show all stack frames</a>
<div class='stack-trace' id='stack-trace534027987'><pre>java.lang.AssertionError: expected [true] but found [false]
	at org.testng.Assert.fail(Assert.java:99)
	at org.testng.Assert.failNotEquals(Assert.java:1037)
	at org.testng.Assert.assertTrue(Assert.java:45)
	at org.testng.Assert.assertTrue(Assert.java:55)
	at Tests.ResourceCentreTest.TC003_VerifyMP4FileDownloaded(ResourceCentreTest.java:56)
	at java.base/jdk.internal.reflect.DirectMethodHandleAccessor.invoke(DirectMethodHandleAccessor.java:103)
	at java.base/java.lang.reflect.Method.invoke(Method.java:580)
	at org.testng.internal.MethodInvocationHelper.invokeMethod(MethodInvocationHelper.java:133)
	at org.testng.internal.TestInvoker.invokeMethod(TestInvoker.java:598)
	at org.testng.internal.TestInvoker.invokeTestMethod(TestInvoker.java:173)
	at org.testng.internal.MethodRunner.runInSequence(MethodRunner.java:46)
	at org.testng.internal.TestInvoker$MethodInvocationAgent.invoke(TestInvoker.java:824)
	at org.testng.internal.TestInvoker.invokeTestMethods(TestInvoker.java:146)
	at org.testng.internal.TestMethodWorker.invokeTestMethods(TestMethodWorker.java:146)
	at org.testng.internal.TestMethodWorker.run(TestMethodWorker.java:128)
	at java.base/java.util.ArrayList.forEach(ArrayList.java:1596)
	at org.testng.TestRunner.privateRun(TestRunner.java:794)
	at org.testng.TestRunner.run(TestRunner.java:596)
	at org.testng.SuiteRunner.runTest(SuiteRunner.java:377)
	at org.testng.SuiteRunner.runSequentially(SuiteRunner.java:371)
	at org.testng.SuiteRunner.privateRun(SuiteRunner.java:332)
	at org.testng.SuiteRunner.run(SuiteRunner.java:276)
	at org.testng.SuiteRunnerWorker.runSuite(SuiteRunnerWorker.java:53)
	at org.testng.SuiteRunnerWorker.run(SuiteRunnerWorker.java:96)
	at org.testng.TestNG.runSuitesSequentially(TestNG.java:1212)
	at org.testng.TestNG.runSuitesLocally(TestNG.java:1134)
	at org.testng.TestNG.runSuites(TestNG.java:1063)
	at org.testng.TestNG.run(TestNG.java:1031)
	at Tests.Main.main(Main.java:34)
</pre></div></td>
<td>2</td>
<td>Tests.ResourceCentreTest@3a3e78f</td></tr>
<tr>
<td title='Tests.ResourceCentreTest.TC004_VerifyPDFFileDownloaded()'><b>TC004_VerifyPDFFileDownloaded</b><br>Test class: Tests.ResourceCentreTest</td>
<td><div><pre>java.lang.AssertionError: expected [true] but found [false]
	at Tests.ResourceCentreTest.TC004_VerifyPDFFileDownloaded(ResourceCentreTest.java:71)
	at java.base/java.util.ArrayList.forEach(ArrayList.java:1596)
	at Tests.Main.main(Main.java:34)
... Removed 26 stack frames</pre></div><a href='#' onClick='toggleBox("stack-trace1712896432", this, "Click to show all stack frames", "Click to hide stack frames")'>Click to show all stack frames</a>
<div class='stack-trace' id='stack-trace1712896432'><pre>java.lang.AssertionError: expected [true] but found [false]
	at org.testng.Assert.fail(Assert.java:99)
	at org.testng.Assert.failNotEquals(Assert.java:1037)
	at org.testng.Assert.assertTrue(Assert.java:45)
	at org.testng.Assert.assertTrue(Assert.java:55)
	at Tests.ResourceCentreTest.TC004_VerifyPDFFileDownloaded(ResourceCentreTest.java:71)
	at java.base/jdk.internal.reflect.DirectMethodHandleAccessor.invoke(DirectMethodHandleAccessor.java:103)
	at java.base/java.lang.reflect.Method.invoke(Method.java:580)
	at org.testng.internal.MethodInvocationHelper.invokeMethod(MethodInvocationHelper.java:133)
	at org.testng.internal.TestInvoker.invokeMethod(TestInvoker.java:598)
	at org.testng.internal.TestInvoker.invokeTestMethod(TestInvoker.java:173)
	at org.testng.internal.MethodRunner.runInSequence(MethodRunner.java:46)
	at org.testng.internal.TestInvoker$MethodInvocationAgent.invoke(TestInvoker.java:824)
	at org.testng.internal.TestInvoker.invokeTestMethods(TestInvoker.java:146)
	at org.testng.internal.TestMethodWorker.invokeTestMethods(TestMethodWorker.java:146)
	at org.testng.internal.TestMethodWorker.run(TestMethodWorker.java:128)
	at java.base/java.util.ArrayList.forEach(ArrayList.java:1596)
	at org.testng.TestRunner.privateRun(TestRunner.java:794)
	at org.testng.TestRunner.run(TestRunner.java:596)
	at org.testng.SuiteRunner.runTest(SuiteRunner.java:377)
	at org.testng.SuiteRunner.runSequentially(SuiteRunner.java:371)
	at org.testng.SuiteRunner.privateRun(SuiteRunner.java:332)
	at org.testng.SuiteRunner.run(SuiteRunner.java:276)
	at org.testng.SuiteRunnerWorker.runSuite(SuiteRunnerWorker.java:53)
	at org.testng.SuiteRunnerWorker.run(SuiteRunnerWorker.java:96)
	at org.testng.TestNG.runSuitesSequentially(TestNG.java:1212)
	at org.testng.TestNG.runSuitesLocally(TestNG.java:1134)
	at org.testng.TestNG.runSuites(TestNG.java:1063)
	at org.testng.TestNG.run(TestNG.java:1031)
	at Tests.Main.main(Main.java:34)
</pre></div></td>
<td>2</td>
<td>Tests.ResourceCentreTest@3a3e78f</td></tr>
<tr>
<td title='Tests.VisitorLoginTest.TC_001_VerifyVisitorLoginModuleDisplayed()'><b>TC_001_VerifyVisitorLoginModuleDisplayed</b><br>Test class: Tests.VisitorLoginTest</td>
<td><div><pre>java.lang.AssertionError: TestCase Failed : Visitor Login module is not displayed
	at Utilities.AppUtils.verifyModuleDisplayedStatus(AppUtils.java:328)
	at Tests.VisitorLoginTest.TC_001_VerifyVisitorLoginModuleDisplayed(VisitorLoginTest.java:30)
	at java.base/java.util.ArrayList.forEach(ArrayList.java:1596)
	at Tests.Main.main(Main.java:34)
... Removed 23 stack frames</pre></div><a href='#' onClick='toggleBox("stack-trace848064357", this, "Click to show all stack frames", "Click to hide stack frames")'>Click to show all stack frames</a>
<div class='stack-trace' id='stack-trace848064357'><pre>java.lang.AssertionError: TestCase Failed : Visitor Login module is not displayed
	at org.testng.Assert.fail(Assert.java:99)
	at Utilities.AppUtils.verifyModuleDisplayedStatus(AppUtils.java:328)
	at Tests.VisitorLoginTest.TC_001_VerifyVisitorLoginModuleDisplayed(VisitorLoginTest.java:30)
	at java.base/jdk.internal.reflect.DirectMethodHandleAccessor.invoke(DirectMethodHandleAccessor.java:103)
	at java.base/java.lang.reflect.Method.invoke(Method.java:580)
	at org.testng.internal.MethodInvocationHelper.invokeMethod(MethodInvocationHelper.java:133)
	at org.testng.internal.TestInvoker.invokeMethod(TestInvoker.java:598)
	at org.testng.internal.TestInvoker.invokeTestMethod(TestInvoker.java:173)
	at org.testng.internal.MethodRunner.runInSequence(MethodRunner.java:46)
	at org.testng.internal.TestInvoker$MethodInvocationAgent.invoke(TestInvoker.java:824)
	at org.testng.internal.TestInvoker.invokeTestMethods(TestInvoker.java:146)
	at org.testng.internal.TestMethodWorker.invokeTestMethods(TestMethodWorker.java:146)
	at org.testng.internal.TestMethodWorker.run(TestMethodWorker.java:128)
	at java.base/java.util.ArrayList.forEach(ArrayList.java:1596)
	at org.testng.TestRunner.privateRun(TestRunner.java:794)
	at org.testng.TestRunner.run(TestRunner.java:596)
	at org.testng.SuiteRunner.runTest(SuiteRunner.java:377)
	at org.testng.SuiteRunner.runSequentially(SuiteRunner.java:371)
	at org.testng.SuiteRunner.privateRun(SuiteRunner.java:332)
	at org.testng.SuiteRunner.run(SuiteRunner.java:276)
	at org.testng.SuiteRunnerWorker.runSuite(SuiteRunnerWorker.java:53)
	at org.testng.SuiteRunnerWorker.run(SuiteRunnerWorker.java:96)
	at org.testng.TestNG.runSuitesSequentially(TestNG.java:1212)
	at org.testng.TestNG.runSuitesLocally(TestNG.java:1134)
	at org.testng.TestNG.runSuites(TestNG.java:1063)
	at org.testng.TestNG.run(TestNG.java:1031)
	at Tests.Main.main(Main.java:34)
</pre></div></td>
<td>2</td>
<td>Tests.VisitorLoginTest@767e20cf</td></tr>
<tr>
<td title='Tests.ResourceCentreTest.TC006_VerifyJPGFileDownloaded()'><b>TC006_VerifyJPGFileDownloaded</b><br>Test class: Tests.ResourceCentreTest</td>
<td><div><pre>java.lang.AssertionError: expected [true] but found [false]
	at Tests.ResourceCentreTest.TC006_VerifyJPGFileDownloaded(ResourceCentreTest.java:100)
	at java.base/java.util.ArrayList.forEach(ArrayList.java:1596)
	at Tests.Main.main(Main.java:34)
... Removed 26 stack frames</pre></div><a href='#' onClick='toggleBox("stack-trace726272992", this, "Click to show all stack frames", "Click to hide stack frames")'>Click to show all stack frames</a>
<div class='stack-trace' id='stack-trace726272992'><pre>java.lang.AssertionError: expected [true] but found [false]
	at org.testng.Assert.fail(Assert.java:99)
	at org.testng.Assert.failNotEquals(Assert.java:1037)
	at org.testng.Assert.assertTrue(Assert.java:45)
	at org.testng.Assert.assertTrue(Assert.java:55)
	at Tests.ResourceCentreTest.TC006_VerifyJPGFileDownloaded(ResourceCentreTest.java:100)
	at java.base/jdk.internal.reflect.DirectMethodHandleAccessor.invoke(DirectMethodHandleAccessor.java:103)
	at java.base/java.lang.reflect.Method.invoke(Method.java:580)
	at org.testng.internal.MethodInvocationHelper.invokeMethod(MethodInvocationHelper.java:133)
	at org.testng.internal.TestInvoker.invokeMethod(TestInvoker.java:598)
	at org.testng.internal.TestInvoker.invokeTestMethod(TestInvoker.java:173)
	at org.testng.internal.MethodRunner.runInSequence(MethodRunner.java:46)
	at org.testng.internal.TestInvoker$MethodInvocationAgent.invoke(TestInvoker.java:824)
	at org.testng.internal.TestInvoker.invokeTestMethods(TestInvoker.java:146)
	at org.testng.internal.TestMethodWorker.invokeTestMethods(TestMethodWorker.java:146)
	at org.testng.internal.TestMethodWorker.run(TestMethodWorker.java:128)
	at java.base/java.util.ArrayList.forEach(ArrayList.java:1596)
	at org.testng.TestRunner.privateRun(TestRunner.java:794)
	at org.testng.TestRunner.run(TestRunner.java:596)
	at org.testng.SuiteRunner.runTest(SuiteRunner.java:377)
	at org.testng.SuiteRunner.runSequentially(SuiteRunner.java:371)
	at org.testng.SuiteRunner.privateRun(SuiteRunner.java:332)
	at org.testng.SuiteRunner.run(SuiteRunner.java:276)
	at org.testng.SuiteRunnerWorker.runSuite(SuiteRunnerWorker.java:53)
	at org.testng.SuiteRunnerWorker.run(SuiteRunnerWorker.java:96)
	at org.testng.TestNG.runSuitesSequentially(TestNG.java:1212)
	at org.testng.TestNG.runSuitesLocally(TestNG.java:1134)
	at org.testng.TestNG.runSuites(TestNG.java:1063)
	at org.testng.TestNG.run(TestNG.java:1031)
	at Tests.Main.main(Main.java:34)
</pre></div></td>
<td>2</td>
<td>Tests.ResourceCentreTest@3a3e78f</td></tr>
<tr>
<td title='Tests.ResourceCentreTest.TC007_VerifyXLSXFileDownloaded()'><b>TC007_VerifyXLSXFileDownloaded</b><br>Test class: Tests.ResourceCentreTest</td>
<td><div><pre>java.lang.AssertionError: expected [true] but found [false]
	at Tests.ResourceCentreTest.TC007_VerifyXLSXFileDownloaded(ResourceCentreTest.java:114)
	at java.base/java.util.ArrayList.forEach(ArrayList.java:1596)
	at Tests.Main.main(Main.java:34)
... Removed 26 stack frames</pre></div><a href='#' onClick='toggleBox("stack-trace1094039545", this, "Click to show all stack frames", "Click to hide stack frames")'>Click to show all stack frames</a>
<div class='stack-trace' id='stack-trace1094039545'><pre>java.lang.AssertionError: expected [true] but found [false]
	at org.testng.Assert.fail(Assert.java:99)
	at org.testng.Assert.failNotEquals(Assert.java:1037)
	at org.testng.Assert.assertTrue(Assert.java:45)
	at org.testng.Assert.assertTrue(Assert.java:55)
	at Tests.ResourceCentreTest.TC007_VerifyXLSXFileDownloaded(ResourceCentreTest.java:114)
	at java.base/jdk.internal.reflect.DirectMethodHandleAccessor.invoke(DirectMethodHandleAccessor.java:103)
	at java.base/java.lang.reflect.Method.invoke(Method.java:580)
	at org.testng.internal.MethodInvocationHelper.invokeMethod(MethodInvocationHelper.java:133)
	at org.testng.internal.TestInvoker.invokeMethod(TestInvoker.java:598)
	at org.testng.internal.TestInvoker.invokeTestMethod(TestInvoker.java:173)
	at org.testng.internal.MethodRunner.runInSequence(MethodRunner.java:46)
	at org.testng.internal.TestInvoker$MethodInvocationAgent.invoke(TestInvoker.java:824)
	at org.testng.internal.TestInvoker.invokeTestMethods(TestInvoker.java:146)
	at org.testng.internal.TestMethodWorker.invokeTestMethods(TestMethodWorker.java:146)
	at org.testng.internal.TestMethodWorker.run(TestMethodWorker.java:128)
	at java.base/java.util.ArrayList.forEach(ArrayList.java:1596)
	at org.testng.TestRunner.privateRun(TestRunner.java:794)
	at org.testng.TestRunner.run(TestRunner.java:596)
	at org.testng.SuiteRunner.runTest(SuiteRunner.java:377)
	at org.testng.SuiteRunner.runSequentially(SuiteRunner.java:371)
	at org.testng.SuiteRunner.privateRun(SuiteRunner.java:332)
	at org.testng.SuiteRunner.run(SuiteRunner.java:276)
	at org.testng.SuiteRunnerWorker.runSuite(SuiteRunnerWorker.java:53)
	at org.testng.SuiteRunnerWorker.run(SuiteRunnerWorker.java:96)
	at org.testng.TestNG.runSuitesSequentially(TestNG.java:1212)
	at org.testng.TestNG.runSuitesLocally(TestNG.java:1134)
	at org.testng.TestNG.runSuites(TestNG.java:1063)
	at org.testng.TestNG.run(TestNG.java:1031)
	at Tests.Main.main(Main.java:34)
</pre></div></td>
<td>2</td>
<td>Tests.ResourceCentreTest@3a3e78f</td></tr>
<tr>
<td title='Tests.ResourceCentreTest.TC005_VerifyDOCXFileDownloaded()'><b>TC005_VerifyDOCXFileDownloaded</b><br>Test class: Tests.ResourceCentreTest</td>
<td><div><pre>java.lang.AssertionError: expected [true] but found [false]
	at Tests.ResourceCentreTest.TC005_VerifyDOCXFileDownloaded(ResourceCentreTest.java:85)
	at java.base/java.util.ArrayList.forEach(ArrayList.java:1596)
	at Tests.Main.main(Main.java:34)
... Removed 26 stack frames</pre></div><a href='#' onClick='toggleBox("stack-trace1922189068", this, "Click to show all stack frames", "Click to hide stack frames")'>Click to show all stack frames</a>
<div class='stack-trace' id='stack-trace1922189068'><pre>java.lang.AssertionError: expected [true] but found [false]
	at org.testng.Assert.fail(Assert.java:99)
	at org.testng.Assert.failNotEquals(Assert.java:1037)
	at org.testng.Assert.assertTrue(Assert.java:45)
	at org.testng.Assert.assertTrue(Assert.java:55)
	at Tests.ResourceCentreTest.TC005_VerifyDOCXFileDownloaded(ResourceCentreTest.java:85)
	at java.base/jdk.internal.reflect.DirectMethodHandleAccessor.invoke(DirectMethodHandleAccessor.java:103)
	at java.base/java.lang.reflect.Method.invoke(Method.java:580)
	at org.testng.internal.MethodInvocationHelper.invokeMethod(MethodInvocationHelper.java:133)
	at org.testng.internal.TestInvoker.invokeMethod(TestInvoker.java:598)
	at org.testng.internal.TestInvoker.invokeTestMethod(TestInvoker.java:173)
	at org.testng.internal.MethodRunner.runInSequence(MethodRunner.java:46)
	at org.testng.internal.TestInvoker$MethodInvocationAgent.invoke(TestInvoker.java:824)
	at org.testng.internal.TestInvoker.invokeTestMethods(TestInvoker.java:146)
	at org.testng.internal.TestMethodWorker.invokeTestMethods(TestMethodWorker.java:146)
	at org.testng.internal.TestMethodWorker.run(TestMethodWorker.java:128)
	at java.base/java.util.ArrayList.forEach(ArrayList.java:1596)
	at org.testng.TestRunner.privateRun(TestRunner.java:794)
	at org.testng.TestRunner.run(TestRunner.java:596)
	at org.testng.SuiteRunner.runTest(SuiteRunner.java:377)
	at org.testng.SuiteRunner.runSequentially(SuiteRunner.java:371)
	at org.testng.SuiteRunner.privateRun(SuiteRunner.java:332)
	at org.testng.SuiteRunner.run(SuiteRunner.java:276)
	at org.testng.SuiteRunnerWorker.runSuite(SuiteRunnerWorker.java:53)
	at org.testng.SuiteRunnerWorker.run(SuiteRunnerWorker.java:96)
	at org.testng.TestNG.runSuitesSequentially(TestNG.java:1212)
	at org.testng.TestNG.runSuitesLocally(TestNG.java:1134)
	at org.testng.TestNG.runSuites(TestNG.java:1063)
	at org.testng.TestNG.run(TestNG.java:1031)
	at Tests.Main.main(Main.java:34)
</pre></div></td>
<td>2</td>
<td>Tests.ResourceCentreTest@3a3e78f</td></tr>
</table><p>
<table width='100%' border='1' class='invocation-passed'>
<tr><td colspan='4' align='center'><b>PASSED TESTS</b></td></tr>
<tr><td><b>Test method</b></td>
<td width="30%"><b>Exception</b></td>
<td width="10%"><b>Time (seconds)</b></td>
<td><b>Instance</b></td>
</tr>
<tr>
<td title='Tests.DownloadcallsTest.TC_001_VerifyDownloadCallsModuleIsDisplayed()'><b>TC_001_VerifyDownloadCallsModuleIsDisplayed</b><br>Test class: Tests.DownloadcallsTest</td>
<td></td>
<td>10</td>
<td>Tests.DownloadcallsTest@6d23017e</td></tr>
<tr>
<td title='Tests.DownloadcallsTest.TC_002_VerifyCallsAreDownloaded()'><b>TC_002_VerifyCallsAreDownloaded</b><br>Test class: Tests.DownloadcallsTest</td>
<td></td>
<td>17</td>
<td>Tests.DownloadcallsTest@6d23017e</td></tr>
<tr>
<td title='Tests.CallPlanTest.TC_003_Verify_5_Minute_Sync_Process()'><b>TC_003_Verify_5_Minute_Sync_Process</b><br>Test class: Tests.CallPlanTest</td>
<td></td>
<td>2</td>
<td>Tests.CallPlanTest@54dcfa5a</td></tr>
<tr>
<td title='Tests.AttendanceTest.TC_004_VerifyAttendanceRecordedInDatabase()'><b>TC_004_VerifyAttendanceRecordedInDatabase</b><br>Test class: Tests.AttendanceTest</td>
<td></td>
<td>0</td>
<td>Tests.AttendanceTest@1817f1eb</td></tr>
<tr>
<td title='Tests.CallPlanTest.TC_001_Verify_Call_Plan_Module_Displayed()'><b>TC_001_Verify_Call_Plan_Module_Displayed</b><br>Test class: Tests.CallPlanTest</td>
<td></td>
<td>1</td>
<td>Tests.CallPlanTest@54dcfa5a</td></tr>
<tr>
<td title='Tests.AttendanceTest.TC_001_VerifyAttendanceModuleDisplayed()'><b>TC_001_VerifyAttendanceModuleDisplayed</b><br>Test class: Tests.AttendanceTest</td>
<td></td>
<td>5</td>
<td>Tests.AttendanceTest@1817f1eb</td></tr>
<tr>
<td title='Tests.AttendanceTest.TC_003_VerifyAttendanceSubmission()'><b>TC_003_VerifyAttendanceSubmission</b><br>Test class: Tests.AttendanceTest</td>
<td></td>
<td>17</td>
<td>Tests.AttendanceTest@1817f1eb</td></tr>
<tr>
<td title='Tests.CallPlanTest.TC_002_Verify_Sync_Button_Functionality()'><b>TC_002_Verify_Sync_Button_Functionality</b><br>Test class: Tests.CallPlanTest</td>
<td></td>
<td>4</td>
<td>Tests.CallPlanTest@54dcfa5a</td></tr>
<tr>
<td title='Tests.ResourceCentreTest.TC_001_Verify_ResourceCenter_Module_Displayed()'><b>TC_001_Verify_ResourceCenter_Module_Displayed</b><br>Test class: Tests.ResourceCentreTest</td>
<td></td>
<td>1</td>
<td>Tests.ResourceCentreTest@3a3e78f</td></tr>
<tr>
<td title='Tests.LoginTest.TC_001_Verify_Login_With_Valid_Credentials()'><b>TC_001_Verify_Login_With_Valid_Credentials</b><br>Test class: Tests.LoginTest</td>
<td></td>
<td>17</td>
<td>Tests.LoginTest@4b41e4dd</td></tr>
</table><p>
<table width='100%' border='1' class='invocation-skipped'>
<tr><td colspan='4' align='center'><b>SKIPPED TESTS</b></td></tr>
<tr><td><b>Test method</b></td>
<td width="30%"><b>Exception</b></td>
<td width="10%"><b>Time (seconds)</b></td>
<td><b>Instance</b></td>
</tr>
<tr>
<td title='Tests.VisitorLoginTest.TC_015_Verify_Visitor_Upload()'><b>TC_015_Verify_Visitor_Upload</b><br>Test class: Tests.VisitorLoginTest</td>
<td><div><pre>java.lang.Throwable: Method VisitorLoginTest.TC_015_Verify_Visitor_Upload()[pri:15, instance:Tests.VisitorLoginTest@767e20cf] depends on not successfully finished methods
	at java.base/java.util.ArrayList.forEach(ArrayList.java:1596)
	at Tests.Main.main(Main.java:34)
... Removed 15 stack frames</pre></div><a href='#' onClick='toggleBox("stack-trace1217636848", this, "Click to show all stack frames", "Click to hide stack frames")'>Click to show all stack frames</a>
<div class='stack-trace' id='stack-trace1217636848'><pre>java.lang.Throwable: Method VisitorLoginTest.TC_015_Verify_Visitor_Upload()[pri:15, instance:Tests.VisitorLoginTest@767e20cf] depends on not successfully finished methods
	at org.testng.internal.TestInvoker.invokeTestMethods(TestInvoker.java:102)
	at org.testng.internal.TestMethodWorker.invokeTestMethods(TestMethodWorker.java:146)
	at org.testng.internal.TestMethodWorker.run(TestMethodWorker.java:128)
	at java.base/java.util.ArrayList.forEach(ArrayList.java:1596)
	at org.testng.TestRunner.privateRun(TestRunner.java:794)
	at org.testng.TestRunner.run(TestRunner.java:596)
	at org.testng.SuiteRunner.runTest(SuiteRunner.java:377)
	at org.testng.SuiteRunner.runSequentially(SuiteRunner.java:371)
	at org.testng.SuiteRunner.privateRun(SuiteRunner.java:332)
	at org.testng.SuiteRunner.run(SuiteRunner.java:276)
	at org.testng.SuiteRunnerWorker.runSuite(SuiteRunnerWorker.java:53)
	at org.testng.SuiteRunnerWorker.run(SuiteRunnerWorker.java:96)
	at org.testng.TestNG.runSuitesSequentially(TestNG.java:1212)
	at org.testng.TestNG.runSuitesLocally(TestNG.java:1134)
	at org.testng.TestNG.runSuites(TestNG.java:1063)
	at org.testng.TestNG.run(TestNG.java:1031)
	at Tests.Main.main(Main.java:34)
</pre></div></td>
<td>0</td>
<td>Tests.VisitorLoginTest@767e20cf</td></tr>
</table><p>
</body>
</html>