<?xml version="1.0" encoding="UTF-8"?>
<!-- Generated by org.testng.reporters.JUnitXMLReporter -->
<testsuite ignored="38" hostname="DESKTOP-OET6KL6" failures="8" tests="19" name="Smoke Tests" time="1339.019" errors="0" timestamp="2024-06-13T11:15:45 IST">
  <testcase classname="Tests.LoginTest" name="TC_001_Verify_Login_With_Valid_Credentials" time="17.563"/>
  <testcase classname="Tests.DownloadcallsTest" name="TC_001_VerifyDownloadCallsModuleIsDisplayed" time="10.814"/>
  <testcase classname="Tests.DownloadcallsTest" name="TC_002_VerifyCallsAreDownloaded" time="17.9"/>
  <testcase classname="Tests.CallPlanTest" name="TC_001_Verify_Call_Plan_Module_Displayed" time="1.17"/>
  <testcase classname="Tests.CallPlanTest" name="TC_002_Verify_Sync_Button_Functionality" time="4.591"/>
  <testcase classname="Tests.CallPlanTest" name="TC_003_Verify_5_Minute_Sync_Process" time="2.797"/>
  <testcase classname="Tests.CallPlanTest" name="TC_009_Verify_Call_Upload" time="1240.161">
    <failure type="java.lang.AssertionError" message="The following asserts failed:
	Upload Call Failed : 15013 expected [true] but found [false]">
      <![CDATA[java.lang.AssertionError: The following asserts failed:
Upload Call Failed : 15013 expected [true] but found [false]
at Modules.CallPlanModule.startCallProcess(CallPlanModule.java:58)
at Tests.CallPlanTest.TC_009_Verify_Call_Upload(CallPlanTest.java:99)
at java.base/java.util.ArrayList.forEach(ArrayList.java:1596)
at Tests.Main.main(Main.java:34)
... Removed 24 stack frames]]>
    </failure>
  </testcase> <!-- TC_009_Verify_Call_Upload -->
  <testcase classname="Tests.AttendanceTest" name="TC_001_VerifyAttendanceModuleDisplayed" time="5.163"/>
  <testcase classname="Tests.AttendanceTest" name="TC_003_VerifyAttendanceSubmission" time="17.624"/>
  <testcase classname="Tests.AttendanceTest" name="TC_004_VerifyAttendanceRecordedInDatabase" time="0.212"/>
  <testcase classname="Tests.VisitorLoginTest" name="TC_001_VerifyVisitorLoginModuleDisplayed" time="2.39">
    <failure type="java.lang.AssertionError" message="TestCase Failed : Visitor Login module is not displayed">
      <![CDATA[java.lang.AssertionError: TestCase Failed : Visitor Login module is not displayed
at Utilities.AppUtils.verifyModuleDisplayedStatus(AppUtils.java:328)
at Tests.VisitorLoginTest.TC_001_VerifyVisitorLoginModuleDisplayed(VisitorLoginTest.java:30)
at java.base/java.util.ArrayList.forEach(ArrayList.java:1596)
at Tests.Main.main(Main.java:34)
... Removed 23 stack frames]]>
    </failure>
  </testcase> <!-- TC_001_VerifyVisitorLoginModuleDisplayed -->
  <testcase classname="Tests.VisitorLoginTest" name="TC_015_Verify_Visitor_Upload" time="0.0">
    <skipped/>
  </testcase> <!-- TC_015_Verify_Visitor_Upload -->
  <testcase classname="Tests.ResourceCentreTest" name="TC_001_Verify_ResourceCenter_Module_Displayed" time="1.264"/>
  <testcase classname="Tests.ResourceCentreTest" name="TC002_VerifyPPTXFileDownloaded" time="2.013">
    <failure type="java.lang.AssertionError" message="expected [true] but found [false]">
      <![CDATA[java.lang.AssertionError: expected [true] but found [false]
at Tests.ResourceCentreTest.TC002_VerifyPPTXFileDownloaded(ResourceCentreTest.java:42)
at java.base/java.util.ArrayList.forEach(ArrayList.java:1596)
at Tests.Main.main(Main.java:34)
... Removed 26 stack frames]]>
    </failure>
  </testcase> <!-- TC002_VerifyPPTXFileDownloaded -->
  <testcase classname="Tests.ResourceCentreTest" name="TC003_VerifyMP4FileDownloaded" time="2.195">
    <failure type="java.lang.AssertionError" message="expected [true] but found [false]">
      <![CDATA[java.lang.AssertionError: expected [true] but found [false]
at Tests.ResourceCentreTest.TC003_VerifyMP4FileDownloaded(ResourceCentreTest.java:56)
at java.base/java.util.ArrayList.forEach(ArrayList.java:1596)
at Tests.Main.main(Main.java:34)
... Removed 26 stack frames]]>
    </failure>
  </testcase> <!-- TC003_VerifyMP4FileDownloaded -->
  <testcase classname="Tests.ResourceCentreTest" name="TC004_VerifyPDFFileDownloaded" time="2.158">
    <failure type="java.lang.AssertionError" message="expected [true] but found [false]">
      <![CDATA[java.lang.AssertionError: expected [true] but found [false]
at Tests.ResourceCentreTest.TC004_VerifyPDFFileDownloaded(ResourceCentreTest.java:71)
at java.base/java.util.ArrayList.forEach(ArrayList.java:1596)
at Tests.Main.main(Main.java:34)
... Removed 26 stack frames]]>
    </failure>
  </testcase> <!-- TC004_VerifyPDFFileDownloaded -->
  <testcase classname="Tests.ResourceCentreTest" name="TC005_VerifyDOCXFileDownloaded" time="2.161">
    <failure type="java.lang.AssertionError" message="expected [true] but found [false]">
      <![CDATA[java.lang.AssertionError: expected [true] but found [false]
at Tests.ResourceCentreTest.TC005_VerifyDOCXFileDownloaded(ResourceCentreTest.java:85)
at java.base/java.util.ArrayList.forEach(ArrayList.java:1596)
at Tests.Main.main(Main.java:34)
... Removed 26 stack frames]]>
    </failure>
  </testcase> <!-- TC005_VerifyDOCXFileDownloaded -->
  <testcase classname="Tests.ResourceCentreTest" name="TC006_VerifyJPGFileDownloaded" time="2.18">
    <failure type="java.lang.AssertionError" message="expected [true] but found [false]">
      <![CDATA[java.lang.AssertionError: expected [true] but found [false]
at Tests.ResourceCentreTest.TC006_VerifyJPGFileDownloaded(ResourceCentreTest.java:100)
at java.base/java.util.ArrayList.forEach(ArrayList.java:1596)
at Tests.Main.main(Main.java:34)
... Removed 26 stack frames]]>
    </failure>
  </testcase> <!-- TC006_VerifyJPGFileDownloaded -->
  <testcase classname="Tests.ResourceCentreTest" name="TC007_VerifyXLSXFileDownloaded" time="2.151">
    <failure type="java.lang.AssertionError" message="expected [true] but found [false]">
      <![CDATA[java.lang.AssertionError: expected [true] but found [false]
at Tests.ResourceCentreTest.TC007_VerifyXLSXFileDownloaded(ResourceCentreTest.java:114)
at java.base/java.util.ArrayList.forEach(ArrayList.java:1596)
at Tests.Main.main(Main.java:34)
... Removed 26 stack frames]]>
    </failure>
  </testcase> <!-- TC007_VerifyXLSXFileDownloaded -->
  <testcase classname="Tests.DownloadcallsTest" name="TC_004_VerifyInvalidTargetDownload" time="0.0">
    <ignored/>
  </testcase> <!-- TC_004_VerifyInvalidTargetDownload -->
  <testcase classname="Tests.VisitorLoginTest" name="TC_006_VerifyVisitorNameTextboxCharacterLimit" time="0.0">
    <ignored/>
  </testcase> <!-- TC_006_VerifyVisitorNameTextboxCharacterLimit -->
  <testcase classname="Tests.DownloadcallsTest" name="TC_003_VerifyDuplicateCallDownload" time="0.0">
    <ignored/>
  </testcase> <!-- TC_003_VerifyDuplicateCallDownload -->
  <testcase classname="Tests.LoginTest" name="TC_008_Verify_Login_Without_Entering_Project" time="0.0">
    <ignored/>
  </testcase> <!-- TC_008_Verify_Login_Without_Entering_Project -->
  <testcase classname="Tests.VisitorLoginTest" name="TC_002_VerifySubmitButtonWithoutEnteringFields" time="0.0">
    <ignored/>
  </testcase> <!-- TC_002_VerifySubmitButtonWithoutEnteringFields -->
  <testcase classname="Tests.VisitorLoginTest" name="TC_007_VerifyVisitorNameTextboxAcceptsSpecialCharacters" time="0.0">
    <ignored/>
  </testcase> <!-- TC_007_VerifyVisitorNameTextboxAcceptsSpecialCharacters -->
  <testcase classname="Tests.LoginTest" name="TC_004_Verify_Login_With_Invalid_Project" time="0.0">
    <ignored/>
  </testcase> <!-- TC_004_Verify_Login_With_Invalid_Project -->
  <testcase classname="Base.TestSetup" name="@AfterSuite tearDownApp" time="0.0">
    <ignored/>
  </testcase> <!-- @AfterSuite tearDownApp -->
  <testcase classname="Tests.VisitorLoginTest" name="TC_009_VerifyDesignationTextboxCharacterLimit" time="0.0">
    <ignored/>
  </testcase> <!-- TC_009_VerifyDesignationTextboxCharacterLimit -->
  <testcase classname="Tests.LoginTest" name="TC_015_Verify_ProjectTextboxAcceptsSpecialCharacters" time="0.0">
    <ignored/>
  </testcase> <!-- TC_015_Verify_ProjectTextboxAcceptsSpecialCharacters -->
  <testcase classname="Tests.VisitorLoginTest" name="TC_008_VerifyVisitorNameTextboxAcceptsNumbers" time="0.0">
    <ignored/>
  </testcase> <!-- TC_008_VerifyVisitorNameTextboxAcceptsNumbers -->
  <testcase classname="Tests.VisitorLoginTest" name="TC_012_VerifyRemarksTextboxCharacterLimit" time="0.0">
    <ignored/>
  </testcase> <!-- TC_012_VerifyRemarksTextboxCharacterLimit -->
  <testcase classname="Tests.CallPlanTest" name="TC_005_Verify_Upload_Button_Without_Completing_Form" time="0.0">
    <ignored/>
  </testcase> <!-- TC_005_Verify_Upload_Button_Without_Completing_Form -->
  <testcase classname="Tests.LoginTest" name="TC_006_Verify_Login_Without_Entering_Username" time="0.0">
    <ignored/>
  </testcase> <!-- TC_006_Verify_Login_Without_Entering_Username -->
  <testcase classname="Tests.AttendanceTest" name="TC_002_VerifyAttendanceWithoutCapturingImage" time="0.0">
    <ignored/>
  </testcase> <!-- TC_002_VerifyAttendanceWithoutCapturingImage -->
  <testcase classname="Tests.LoginTest" name="TC_012_Verify_UsernameTextboxAcceptsNumbers" time="0.0">
    <ignored/>
  </testcase> <!-- TC_012_Verify_UsernameTextboxAcceptsNumbers -->
  <testcase classname="Base.TestSetup" name="@BeforeSuite StartApp" time="0.0">
    <ignored/>
  </testcase> <!-- @BeforeSuite StartApp -->
  <testcase classname="Tests.VisitorLoginTest" name="TC_010_VerifyDesignationTextboxAcceptsSpecialCharacters" time="0.0">
    <ignored/>
  </testcase> <!-- TC_010_VerifyDesignationTextboxAcceptsSpecialCharacters -->
  <testcase classname="Tests.LoginTest" name="TC_014_Verify_ProjectTextboxCharacterLimit" time="0.0">
    <ignored/>
  </testcase> <!-- TC_014_Verify_ProjectTextboxCharacterLimit -->
  <testcase classname="Tests.VisitorLoginTest" name="TC_005_VerifyVisitorEmpIDTextboxAcceptsNumbers" time="0.0">
    <ignored/>
  </testcase> <!-- TC_005_VerifyVisitorEmpIDTextboxAcceptsNumbers -->
  <testcase classname="Tests.LoginTest" name="TC_011_Verify_UsernameTextboxAcceptsSpecialCharacters" time="0.0">
    <ignored/>
  </testcase> <!-- TC_011_Verify_UsernameTextboxAcceptsSpecialCharacters -->
  <testcase classname="Tests.LoginTest" name="TC_013_Verify_PasswordTextboxCharacterLimit" time="0.0">
    <ignored/>
  </testcase> <!-- TC_013_Verify_PasswordTextboxCharacterLimit -->
  <testcase classname="Tests.VisitorLoginTest" name="TC_003_VerifyVisitorEmpIDTextboxCharacterLimit" time="0.0">
    <ignored/>
  </testcase> <!-- TC_003_VerifyVisitorEmpIDTextboxCharacterLimit -->
  <testcase classname="Tests.LoginTest" name="TC_010_Verify_UsernameTextboxCharacterLimit" time="0.0">
    <ignored/>
  </testcase> <!-- TC_010_Verify_UsernameTextboxCharacterLimit -->
  <testcase classname="Tests.DownloadcallsTest" name="TC_005_VerifyRemoveButtonFunctionality" time="0.0">
    <ignored/>
  </testcase> <!-- TC_005_VerifyRemoveButtonFunctionality -->
  <testcase classname="Tests.LoginTest" name="TC_009_Verify_Login_Without_Entering_Mobile_Number" time="0.0">
    <ignored/>
  </testcase> <!-- TC_009_Verify_Login_Without_Entering_Mobile_Number -->
  <testcase classname="Tests.LoginTest" name="TC_003_Verify_Login_With_Invalid_Password" time="0.0">
    <ignored/>
  </testcase> <!-- TC_003_Verify_Login_With_Invalid_Password -->
  <testcase classname="Tests.LoginTest" name="TC_017_Verify_MobileNumberTextboxCharacterLimit" time="0.0">
    <ignored/>
  </testcase> <!-- TC_017_Verify_MobileNumberTextboxCharacterLimit -->
  <testcase classname="Tests.LoginTest" name="TC_016_Verify_ProjectTextboxAcceptsNumbers" time="0.0">
    <ignored/>
  </testcase> <!-- TC_016_Verify_ProjectTextboxAcceptsNumbers -->
  <testcase classname="Tests.LoginTest" name="TC_002_Verify_Login_With_Invalid_Username" time="0.0">
    <ignored/>
  </testcase> <!-- TC_002_Verify_Login_With_Invalid_Username -->
  <testcase classname="Tests.DownloadcallsTest" name="TC_007_VerifyTargetIDTextboxCharacterLimit" time="0.0">
    <ignored/>
  </testcase> <!-- TC_007_VerifyTargetIDTextboxCharacterLimit -->
  <testcase classname="Tests.VisitorLoginTest" name="TC_014_Verify_RemarksTextboxAcceptsNumbers" time="0.0">
    <ignored/>
  </testcase> <!-- TC_014_Verify_RemarksTextboxAcceptsNumbers -->
  <testcase classname="Tests.VisitorLoginTest" name="TC_011_VerifyDesignationTextboxAcceptsNumbers" time="0.0">
    <ignored/>
  </testcase> <!-- TC_011_VerifyDesignationTextboxAcceptsNumbers -->
  <testcase classname="Tests.LoginTest" name="TC_005_Verify_Login_With_Invalid_Mobile_Number" time="0.0">
    <ignored/>
  </testcase> <!-- TC_005_Verify_Login_With_Invalid_Mobile_Number -->
  <testcase classname="Tests.DownloadcallsTest" name="TC_006_VerifySubmitButtonWithoutAddingTarget" time="0.0">
    <ignored/>
  </testcase> <!-- TC_006_VerifySubmitButtonWithoutAddingTarget -->
  <testcase classname="Tests.VisitorLoginTest" name="TC_013_VerifyRemarksTextboxAcceptsSpecialCharacters" time="0.0">
    <ignored/>
  </testcase> <!-- TC_013_VerifyRemarksTextboxAcceptsSpecialCharacters -->
  <testcase classname="Tests.VisitorLoginTest" name="TC_004_VerifyVisitorEmpIDTextboxAcceptsSpecialCharacters" time="0.0">
    <ignored/>
  </testcase> <!-- TC_004_VerifyVisitorEmpIDTextboxAcceptsSpecialCharacters -->
  <testcase classname="Tests.LoginTest" name="TC_007_Verify_Login_Without_Entering_Password" time="0.0">
    <ignored/>
  </testcase> <!-- TC_007_Verify_Login_Without_Entering_Password -->
</testsuite> <!-- Smoke Tests -->
