<!DOCTYPE html PUBLIC "-//W3C//DTD XHTML 1.1//EN" "https://www.w3.org/TR/xhtml11/DTD/xhtml11.dtd">
<html xmlns="https://www.w3.org/1999/xhtml">
<head>
<meta http-equiv="content-type" content="text/html; charset=UTF-8"/>
<title>TestNG Report</title>
<style type="text/css">table {margin-bottom:10px;border-collapse:collapse;empty-cells:show}th,td {border:1px solid #009;padding:.25em .5em}th {vertical-align:bottom}td {vertical-align:top}table a {font-weight:bold}.stripe td {background-color: #E6EBF9}.num {text-align:right}.passedodd td {background-color: #3F3}.passedeven td {background-color: #0A0}.skippedodd td {background-color: #DDD}.skippedeven td {background-color: #CCC}.failedodd td,.attn {background-color: #F33}.failedeven td,.stripe .attn {background-color: #D00}.stacktrace {white-space:pre;font-family:monospace}.totop {font-size:85%;text-align:center;border-bottom:2px solid #000}.invisible {display:none}</style>
</head>
<body>
<table>
<tr><th>Test</th><th># Passed</th><th># Skipped</th><th># Retried</th><th># Failed</th><th>Time (ms)</th><th>Included Groups</th><th>Excluded Groups</th></tr>
<tr><th colspan="8">Regression Suite</th></tr>
<tr><td><a href="#t0">Regression Tests</a></td><td class="num">0</td><td class="num attn">55</td><td class="num">0</td><td class="num">0</td><td class="num">184</td><td>regression</td><td></td></tr>
</table>
<table id='summary'><thead><tr><th>Class</th><th>Method</th><th>Start</th><th>Time (ms)</th></tr></thead><tbody><tr><th colspan="4">Regression Suite</th></tr></tbody><tbody id="t0"><tr><th colspan="4">Regression Tests &#8212; failed (configuration methods)</th></tr><tr class="failedeven"><td rowspan="1">Tests.LoginTest</td><td><a href="#m0">StartApp</a></td><td rowspan="1">1718274916213</td><td rowspan="1">20251</td></tr><tr><th colspan="4">Regression Tests &#8212; skipped</th></tr><tr class="skippedeven"><td rowspan="4">Tests.AttendanceTest</td><td><a href="#m1">TC_001_VerifyAttendanceModuleDisplayed</a></td><td rowspan="1">1718274936688</td><td rowspan="1">0</td></tr><tr class="skippedeven"><td><a href="#m2">TC_002_VerifyAttendanceWithoutCapturingImage</a></td><td rowspan="1">1718274936690</td><td rowspan="1">0</td></tr><tr class="skippedeven"><td><a href="#m3">TC_003_VerifyAttendanceSubmission</a></td><td rowspan="1">1718274936692</td><td rowspan="1">0</td></tr><tr class="skippedeven"><td><a href="#m4">TC_004_VerifyAttendanceRecordedInDatabase</a></td><td rowspan="1">1718274936694</td><td rowspan="1">0</td></tr><tr class="skippedodd"><td rowspan="5">Tests.CallPlanTest</td><td><a href="#m5">TC_001_Verify_Call_Plan_Module_Displayed</a></td><td rowspan="1">1718274936675</td><td rowspan="1">0</td></tr><tr class="skippedodd"><td><a href="#m6">TC_002_Verify_Sync_Button_Functionality</a></td><td rowspan="1">1718274936677</td><td rowspan="1">1</td></tr><tr class="skippedodd"><td><a href="#m7">TC_003_Verify_5_Minute_Sync_Process</a></td><td rowspan="1">1718274936680</td><td rowspan="1">0</td></tr><tr class="skippedodd"><td><a href="#m8">TC_005_Verify_Upload_Button_Without_Completing_Form</a></td><td rowspan="1">1718274936682</td><td rowspan="1">0</td></tr><tr class="skippedodd"><td><a href="#m9">TC_009_Verify_Call_Upload</a></td><td rowspan="1">1718274936684</td><td rowspan="1">0</td></tr><tr class="skippedeven"><td rowspan="7">Tests.DownloadcallsTest</td><td><a href="#m10">TC_001_VerifyDownloadCallsModuleIsDisplayed</a></td><td rowspan="1">1718274936653</td><td rowspan="1">0</td></tr><tr class="skippedeven"><td><a href="#m11">TC_002_VerifyCallsAreDownloaded</a></td><td rowspan="1">1718274936657</td><td rowspan="1">0</td></tr><tr class="skippedeven"><td><a href="#m12">TC_003_VerifyDuplicateCallDownload</a></td><td rowspan="1">1718274936660</td><td rowspan="1">0</td></tr><tr class="skippedeven"><td><a href="#m13">TC_004_VerifyInvalidTargetDownload</a></td><td rowspan="1">1718274936663</td><td rowspan="1">0</td></tr><tr class="skippedeven"><td><a href="#m14">TC_005_VerifyRemoveButtonFunctionality</a></td><td rowspan="1">1718274936666</td><td rowspan="1">0</td></tr><tr class="skippedeven"><td><a href="#m15">TC_006_VerifySubmitButtonWithoutAddingTarget</a></td><td rowspan="1">1718274936669</td><td rowspan="1">0</td></tr><tr class="skippedeven"><td><a href="#m16">TC_007_VerifyTargetIDTextboxCharacterLimit</a></td><td rowspan="1">1718274936672</td><td rowspan="1">0</td></tr><tr class="skippedodd"><td rowspan="17">Tests.LoginTest</td><td><a href="#m17">TC_001_Verify_Login_With_Valid_Credentials</a></td><td rowspan="1">1718274936594</td><td rowspan="1">0</td></tr><tr class="skippedodd"><td><a href="#m18">TC_002_Verify_Login_With_Invalid_Username</a></td><td rowspan="1">1718274936606</td><td rowspan="1">0</td></tr><tr class="skippedodd"><td><a href="#m19">TC_003_Verify_Login_With_Invalid_Password</a></td><td rowspan="1">1718274936609</td><td rowspan="1">0</td></tr><tr class="skippedodd"><td><a href="#m20">TC_004_Verify_Login_With_Invalid_Project</a></td><td rowspan="1">1718274936613</td><td rowspan="1">0</td></tr><tr class="skippedodd"><td><a href="#m21">TC_005_Verify_Login_With_Invalid_Mobile_Number</a></td><td rowspan="1">1718274936616</td><td rowspan="1">0</td></tr><tr class="skippedodd"><td><a href="#m22">TC_006_Verify_Login_Without_Entering_Username</a></td><td rowspan="1">1718274936618</td><td rowspan="1">0</td></tr><tr class="skippedodd"><td><a href="#m23">TC_007_Verify_Login_Without_Entering_Password</a></td><td rowspan="1">1718274936621</td><td rowspan="1">0</td></tr><tr class="skippedodd"><td><a href="#m24">TC_008_Verify_Login_Without_Entering_Project</a></td><td rowspan="1">1718274936623</td><td rowspan="1">0</td></tr><tr class="skippedodd"><td><a href="#m25">TC_009_Verify_Login_Without_Entering_Mobile_Number</a></td><td rowspan="1">1718274936626</td><td rowspan="1">0</td></tr><tr class="skippedodd"><td><a href="#m26">TC_010_Verify_UsernameTextboxCharacterLimit</a></td><td rowspan="1">1718274936628</td><td rowspan="1">0</td></tr><tr class="skippedodd"><td><a href="#m27">TC_011_Verify_UsernameTextboxAcceptsSpecialCharacters</a></td><td rowspan="1">1718274936630</td><td rowspan="1">0</td></tr><tr class="skippedodd"><td><a href="#m28">TC_012_Verify_UsernameTextboxAcceptsNumbers</a></td><td rowspan="1">1718274936633</td><td rowspan="1">0</td></tr><tr class="skippedodd"><td><a href="#m29">TC_013_Verify_PasswordTextboxCharacterLimit</a></td><td rowspan="1">1718274936637</td><td rowspan="1">0</td></tr><tr class="skippedodd"><td><a href="#m30">TC_014_Verify_ProjectTextboxCharacterLimit</a></td><td rowspan="1">1718274936640</td><td rowspan="1">0</td></tr><tr class="skippedodd"><td><a href="#m31">TC_015_Verify_ProjectTextboxAcceptsSpecialCharacters</a></td><td rowspan="1">1718274936643</td><td rowspan="1">0</td></tr><tr class="skippedodd"><td><a href="#m32">TC_016_Verify_ProjectTextboxAcceptsNumbers</a></td><td rowspan="1">1718274936645</td><td rowspan="1">0</td></tr><tr class="skippedodd"><td><a href="#m33">TC_017_Verify_MobileNumberTextboxCharacterLimit</a></td><td rowspan="1">1718274936650</td><td rowspan="1">0</td></tr><tr class="skippedeven"><td rowspan="7">Tests.ResourceCentreTest</td><td><a href="#m34">TC002_VerifyPPTXFileDownloaded</a></td><td rowspan="1">1718274936741</td><td rowspan="1">0</td></tr><tr class="skippedeven"><td><a href="#m35">TC003_VerifyMP4FileDownloaded</a></td><td rowspan="1">1718274936743</td><td rowspan="1">0</td></tr><tr class="skippedeven"><td><a href="#m36">TC004_VerifyPDFFileDownloaded</a></td><td rowspan="1">1718274936746</td><td rowspan="1">0</td></tr><tr class="skippedeven"><td><a href="#m37">TC005_VerifyDOCXFileDownloaded</a></td><td rowspan="1">1718274936748</td><td rowspan="1">0</td></tr><tr class="skippedeven"><td><a href="#m38">TC006_VerifyJPGFileDownloaded</a></td><td rowspan="1">1718274936750</td><td rowspan="1">0</td></tr><tr class="skippedeven"><td><a href="#m39">TC007_VerifyXLSXFileDownloaded</a></td><td rowspan="1">1718274936752</td><td rowspan="1">0</td></tr><tr class="skippedeven"><td><a href="#m40">TC_001_Verify_ResourceCenter_Module_Displayed</a></td><td rowspan="1">1718274936739</td><td rowspan="1">0</td></tr><tr class="skippedodd"><td rowspan="15">Tests.VisitorLoginTest</td><td><a href="#m41">TC_001_VerifyVisitorLoginModuleDisplayed</a></td><td rowspan="1">1718274936697</td><td rowspan="1">0</td></tr><tr class="skippedodd"><td><a href="#m42">TC_002_VerifySubmitButtonWithoutEnteringFields</a></td><td rowspan="1">1718274936699</td><td rowspan="1">0</td></tr><tr class="skippedodd"><td><a href="#m43">TC_003_VerifyVisitorEmpIDTextboxCharacterLimit</a></td><td rowspan="1">1718274936704</td><td rowspan="1">0</td></tr><tr class="skippedodd"><td><a href="#m44">TC_004_VerifyVisitorEmpIDTextboxAcceptsSpecialCharacters</a></td><td rowspan="1">1718274936707</td><td rowspan="1">0</td></tr><tr class="skippedodd"><td><a href="#m45">TC_005_VerifyVisitorEmpIDTextboxAcceptsNumbers</a></td><td rowspan="1">1718274936710</td><td rowspan="1">0</td></tr><tr class="skippedodd"><td><a href="#m46">TC_006_VerifyVisitorNameTextboxCharacterLimit</a></td><td rowspan="1">1718274936713</td><td rowspan="1">0</td></tr><tr class="skippedodd"><td><a href="#m47">TC_007_VerifyVisitorNameTextboxAcceptsSpecialCharacters</a></td><td rowspan="1">1718274936716</td><td rowspan="1">0</td></tr><tr class="skippedodd"><td><a href="#m48">TC_008_VerifyVisitorNameTextboxAcceptsNumbers</a></td><td rowspan="1">1718274936719</td><td rowspan="1">0</td></tr><tr class="skippedodd"><td><a href="#m49">TC_009_VerifyDesignationTextboxCharacterLimit</a></td><td rowspan="1">1718274936721</td><td rowspan="1">0</td></tr><tr class="skippedodd"><td><a href="#m50">TC_010_VerifyDesignationTextboxAcceptsSpecialCharacters</a></td><td rowspan="1">1718274936724</td><td rowspan="1">0</td></tr><tr class="skippedodd"><td><a href="#m51">TC_011_VerifyDesignationTextboxAcceptsNumbers</a></td><td rowspan="1">1718274936726</td><td rowspan="1">0</td></tr><tr class="skippedodd"><td><a href="#m52">TC_012_VerifyRemarksTextboxCharacterLimit</a></td><td rowspan="1">1718274936729</td><td rowspan="1">0</td></tr><tr class="skippedodd"><td><a href="#m53">TC_013_VerifyRemarksTextboxAcceptsSpecialCharacters</a></td><td rowspan="1">1718274936731</td><td rowspan="1">0</td></tr><tr class="skippedodd"><td><a href="#m54">TC_014_Verify_RemarksTextboxAcceptsNumbers</a></td><td rowspan="1">1718274936734</td><td rowspan="1">0</td></tr><tr class="skippedodd"><td><a href="#m55">TC_015_Verify_Visitor_Upload</a></td><td rowspan="1">1718274936737</td><td rowspan="1">0</td></tr></tbody>
</table>
<h2>Regression Tests</h2><h3 id="m0">Tests.LoginTest#StartApp</h3><table class="result"><tr><th>Exception</th></tr><tr><td><div class="stacktrace">io.appium.java_client.service.local.AppiumServerHasNotBeenStartedLocallyException: The local appium server has not been started. The given Node.js executable: C:\Program Files\nodejs\node.exe Arguments: [C:\Users\Ezhil Rj\AppData\Roaming\npm\node_modules\appium\build\lib\main.js, --port, 4723, --address, 127.0.0.1] 
Process output: [35m[Appium][39m Welcome to Appium v2.5.4
[35m[Appium][39m Non-default server args:
[35m[Appium][39m { address: [32m&apos;127.0.0.1&apos;[39m }
[35m[Appium][39m The autodetected Appium home path: C:\Users\Ezhil Rj\.appium
[35m[Appium][39m Attempting to load driver uiautomator2...
[35m[Appium][39m Requiring driver at C:\Users\Ezhil Rj\.appium\node_modules\appium-uiautomator2-driver\build\index.js
reusing global emitter


	at io.appium.java_client.service.local.AppiumDriverLocalService.start(AppiumDriverLocalService.java:187)
	at Base.TestSetup.StartApp(TestSetup.java:82)
	at Tests.Main.main(Main.java:34)
Caused by: org.openqa.selenium.net.UrlChecker$TimeoutException: Timed out waiting for [http://127.0.0.1:4723/status] to be available after 20006 ms
	at org.openqa.selenium.net.UrlChecker.waitUntilAvailable(UrlChecker.java:89)
	at io.appium.java_client.service.local.AppiumDriverLocalService.ping(AppiumDriverLocalService.java:152)
	at io.appium.java_client.service.local.AppiumDriverLocalService.start(AppiumDriverLocalService.java:174)
	... 16 more
Caused by: java.util.concurrent.TimeoutException
	at java.base/java.util.concurrent.FutureTask.get(FutureTask.java:204)
	at org.openqa.selenium.net.UrlChecker.waitUntilAvailable(UrlChecker.java:87)
	... 18 more
... Removed 14 stack frames</div></td></tr></table><p class="totop"><a href="#summary">back to summary</a></p>
<h3 id="m1">Tests.AttendanceTest#TC_001_VerifyAttendanceModuleDisplayed</h3><table class="result"><tr><th>Exception</th></tr><tr><td><div class="stacktrace">io.appium.java_client.service.local.AppiumServerHasNotBeenStartedLocallyException: The local appium server has not been started. The given Node.js executable: C:\Program Files\nodejs\node.exe Arguments: [C:\Users\Ezhil Rj\AppData\Roaming\npm\node_modules\appium\build\lib\main.js, --port, 4723, --address, 127.0.0.1] 
Process output: [35m[Appium][39m Welcome to Appium v2.5.4
[35m[Appium][39m Non-default server args:
[35m[Appium][39m { address: [32m&apos;127.0.0.1&apos;[39m }
[35m[Appium][39m The autodetected Appium home path: C:\Users\Ezhil Rj\.appium
[35m[Appium][39m Attempting to load driver uiautomator2...
[35m[Appium][39m Requiring driver at C:\Users\Ezhil Rj\.appium\node_modules\appium-uiautomator2-driver\build\index.js
reusing global emitter


	at io.appium.java_client.service.local.AppiumDriverLocalService.start(AppiumDriverLocalService.java:187)
	at Base.TestSetup.StartApp(TestSetup.java:82)
	at Tests.Main.main(Main.java:34)
Caused by: org.openqa.selenium.net.UrlChecker$TimeoutException: Timed out waiting for [http://127.0.0.1:4723/status] to be available after 20006 ms
	at org.openqa.selenium.net.UrlChecker.waitUntilAvailable(UrlChecker.java:89)
	at io.appium.java_client.service.local.AppiumDriverLocalService.ping(AppiumDriverLocalService.java:152)
	at io.appium.java_client.service.local.AppiumDriverLocalService.start(AppiumDriverLocalService.java:174)
	... 16 more
Caused by: java.util.concurrent.TimeoutException
	at java.base/java.util.concurrent.FutureTask.get(FutureTask.java:204)
	at org.openqa.selenium.net.UrlChecker.waitUntilAvailable(UrlChecker.java:87)
	... 18 more
... Removed 14 stack frames</div></td></tr></table><p class="totop"><a href="#summary">back to summary</a></p>
<h3 id="m2">Tests.AttendanceTest#TC_002_VerifyAttendanceWithoutCapturingImage</h3><table class="result"><tr><th>Exception</th></tr><tr><td><div class="stacktrace">java.lang.Throwable: Method AttendanceTest.TC_002_VerifyAttendanceWithoutCapturingImage()[pri:2, instance:Tests.AttendanceTest@232a7d73] depends on not successfully finished methods
	at java.base/java.util.ArrayList.forEach(ArrayList.java:1596)
	at Tests.Main.main(Main.java:34)
... Removed 15 stack frames</div></td></tr></table><p class="totop"><a href="#summary">back to summary</a></p>
<h3 id="m3">Tests.AttendanceTest#TC_003_VerifyAttendanceSubmission</h3><table class="result"><tr><th>Exception</th></tr><tr><td><div class="stacktrace">java.lang.Throwable: Method AttendanceTest.TC_003_VerifyAttendanceSubmission()[pri:3, instance:Tests.AttendanceTest@232a7d73] depends on not successfully finished methods
	at java.base/java.util.ArrayList.forEach(ArrayList.java:1596)
	at Tests.Main.main(Main.java:34)
... Removed 15 stack frames</div></td></tr></table><p class="totop"><a href="#summary">back to summary</a></p>
<h3 id="m4">Tests.AttendanceTest#TC_004_VerifyAttendanceRecordedInDatabase</h3><table class="result"><tr><th>Exception</th></tr><tr><td><div class="stacktrace">java.lang.Throwable: Method AttendanceTest.TC_004_VerifyAttendanceRecordedInDatabase()[pri:4, instance:Tests.AttendanceTest@232a7d73] depends on not successfully finished methods
	at java.base/java.util.ArrayList.forEach(ArrayList.java:1596)
	at Tests.Main.main(Main.java:34)
... Removed 15 stack frames</div></td></tr></table><p class="totop"><a href="#summary">back to summary</a></p>
<h3 id="m5">Tests.CallPlanTest#TC_001_Verify_Call_Plan_Module_Displayed</h3><table class="result"><tr><th>Exception</th></tr><tr><td><div class="stacktrace">io.appium.java_client.service.local.AppiumServerHasNotBeenStartedLocallyException: The local appium server has not been started. The given Node.js executable: C:\Program Files\nodejs\node.exe Arguments: [C:\Users\Ezhil Rj\AppData\Roaming\npm\node_modules\appium\build\lib\main.js, --port, 4723, --address, 127.0.0.1] 
Process output: [35m[Appium][39m Welcome to Appium v2.5.4
[35m[Appium][39m Non-default server args:
[35m[Appium][39m { address: [32m&apos;127.0.0.1&apos;[39m }
[35m[Appium][39m The autodetected Appium home path: C:\Users\Ezhil Rj\.appium
[35m[Appium][39m Attempting to load driver uiautomator2...
[35m[Appium][39m Requiring driver at C:\Users\Ezhil Rj\.appium\node_modules\appium-uiautomator2-driver\build\index.js
reusing global emitter


	at io.appium.java_client.service.local.AppiumDriverLocalService.start(AppiumDriverLocalService.java:187)
	at Base.TestSetup.StartApp(TestSetup.java:82)
	at Tests.Main.main(Main.java:34)
Caused by: org.openqa.selenium.net.UrlChecker$TimeoutException: Timed out waiting for [http://127.0.0.1:4723/status] to be available after 20006 ms
	at org.openqa.selenium.net.UrlChecker.waitUntilAvailable(UrlChecker.java:89)
	at io.appium.java_client.service.local.AppiumDriverLocalService.ping(AppiumDriverLocalService.java:152)
	at io.appium.java_client.service.local.AppiumDriverLocalService.start(AppiumDriverLocalService.java:174)
	... 16 more
Caused by: java.util.concurrent.TimeoutException
	at java.base/java.util.concurrent.FutureTask.get(FutureTask.java:204)
	at org.openqa.selenium.net.UrlChecker.waitUntilAvailable(UrlChecker.java:87)
	... 18 more
... Removed 14 stack frames</div></td></tr></table><p class="totop"><a href="#summary">back to summary</a></p>
<h3 id="m6">Tests.CallPlanTest#TC_002_Verify_Sync_Button_Functionality</h3><table class="result"><tr><th>Exception</th></tr><tr><td><div class="stacktrace">java.lang.Throwable: Method CallPlanTest.TC_002_Verify_Sync_Button_Functionality()[pri:2, instance:Tests.CallPlanTest@4372b9b6] depends on not successfully finished methods
	at java.base/java.util.ArrayList.forEach(ArrayList.java:1596)
	at Tests.Main.main(Main.java:34)
... Removed 15 stack frames</div></td></tr></table><p class="totop"><a href="#summary">back to summary</a></p>
<h3 id="m7">Tests.CallPlanTest#TC_003_Verify_5_Minute_Sync_Process</h3><table class="result"><tr><th>Exception</th></tr><tr><td><div class="stacktrace">java.lang.Throwable: Method CallPlanTest.TC_003_Verify_5_Minute_Sync_Process()[pri:3, instance:Tests.CallPlanTest@4372b9b6] depends on not successfully finished methods
	at java.base/java.util.ArrayList.forEach(ArrayList.java:1596)
	at Tests.Main.main(Main.java:34)
... Removed 15 stack frames</div></td></tr></table><p class="totop"><a href="#summary">back to summary</a></p>
<h3 id="m8">Tests.CallPlanTest#TC_005_Verify_Upload_Button_Without_Completing_Form</h3><table class="result"><tr><th>Exception</th></tr><tr><td><div class="stacktrace">java.lang.Throwable: Method CallPlanTest.TC_005_Verify_Upload_Button_Without_Completing_Form()[pri:4, instance:Tests.CallPlanTest@4372b9b6] depends on not successfully finished methods
	at java.base/java.util.ArrayList.forEach(ArrayList.java:1596)
	at Tests.Main.main(Main.java:34)
... Removed 15 stack frames</div></td></tr></table><p class="totop"><a href="#summary">back to summary</a></p>
<h3 id="m9">Tests.CallPlanTest#TC_009_Verify_Call_Upload</h3><table class="result"><tr><th>Exception</th></tr><tr><td><div class="stacktrace">java.lang.Throwable: Method CallPlanTest.TC_009_Verify_Call_Upload()[pri:5, instance:Tests.CallPlanTest@4372b9b6] depends on not successfully finished methods
	at java.base/java.util.ArrayList.forEach(ArrayList.java:1596)
	at Tests.Main.main(Main.java:34)
... Removed 15 stack frames</div></td></tr></table><p class="totop"><a href="#summary">back to summary</a></p>
<h3 id="m10">Tests.DownloadcallsTest#TC_001_VerifyDownloadCallsModuleIsDisplayed</h3><table class="result"><tr><th>Exception</th></tr><tr><td><div class="stacktrace">io.appium.java_client.service.local.AppiumServerHasNotBeenStartedLocallyException: The local appium server has not been started. The given Node.js executable: C:\Program Files\nodejs\node.exe Arguments: [C:\Users\Ezhil Rj\AppData\Roaming\npm\node_modules\appium\build\lib\main.js, --port, 4723, --address, 127.0.0.1] 
Process output: [35m[Appium][39m Welcome to Appium v2.5.4
[35m[Appium][39m Non-default server args:
[35m[Appium][39m { address: [32m&apos;127.0.0.1&apos;[39m }
[35m[Appium][39m The autodetected Appium home path: C:\Users\Ezhil Rj\.appium
[35m[Appium][39m Attempting to load driver uiautomator2...
[35m[Appium][39m Requiring driver at C:\Users\Ezhil Rj\.appium\node_modules\appium-uiautomator2-driver\build\index.js
reusing global emitter


	at io.appium.java_client.service.local.AppiumDriverLocalService.start(AppiumDriverLocalService.java:187)
	at Base.TestSetup.StartApp(TestSetup.java:82)
	at Tests.Main.main(Main.java:34)
Caused by: org.openqa.selenium.net.UrlChecker$TimeoutException: Timed out waiting for [http://127.0.0.1:4723/status] to be available after 20006 ms
	at org.openqa.selenium.net.UrlChecker.waitUntilAvailable(UrlChecker.java:89)
	at io.appium.java_client.service.local.AppiumDriverLocalService.ping(AppiumDriverLocalService.java:152)
	at io.appium.java_client.service.local.AppiumDriverLocalService.start(AppiumDriverLocalService.java:174)
	... 16 more
Caused by: java.util.concurrent.TimeoutException
	at java.base/java.util.concurrent.FutureTask.get(FutureTask.java:204)
	at org.openqa.selenium.net.UrlChecker.waitUntilAvailable(UrlChecker.java:87)
	... 18 more
... Removed 14 stack frames</div></td></tr></table><p class="totop"><a href="#summary">back to summary</a></p>
<h3 id="m11">Tests.DownloadcallsTest#TC_002_VerifyCallsAreDownloaded</h3><table class="result"><tr><th>Exception</th></tr><tr><td><div class="stacktrace">java.lang.Throwable: Method DownloadcallsTest.TC_002_VerifyCallsAreDownloaded()[pri:2, instance:Tests.DownloadcallsTest@1ecee32c] depends on not successfully finished methods
	at java.base/java.util.ArrayList.forEach(ArrayList.java:1596)
	at Tests.Main.main(Main.java:34)
... Removed 15 stack frames</div></td></tr></table><p class="totop"><a href="#summary">back to summary</a></p>
<h3 id="m12">Tests.DownloadcallsTest#TC_003_VerifyDuplicateCallDownload</h3><table class="result"><tr><th>Exception</th></tr><tr><td><div class="stacktrace">java.lang.Throwable: Method DownloadcallsTest.TC_003_VerifyDuplicateCallDownload()[pri:3, instance:Tests.DownloadcallsTest@1ecee32c] depends on not successfully finished methods
	at java.base/java.util.ArrayList.forEach(ArrayList.java:1596)
	at Tests.Main.main(Main.java:34)
... Removed 15 stack frames</div></td></tr></table><p class="totop"><a href="#summary">back to summary</a></p>
<h3 id="m13">Tests.DownloadcallsTest#TC_004_VerifyInvalidTargetDownload</h3><table class="result"><tr><th>Exception</th></tr><tr><td><div class="stacktrace">java.lang.Throwable: Method DownloadcallsTest.TC_004_VerifyInvalidTargetDownload()[pri:4, instance:Tests.DownloadcallsTest@1ecee32c] depends on not successfully finished methods
	at java.base/java.util.ArrayList.forEach(ArrayList.java:1596)
	at Tests.Main.main(Main.java:34)
... Removed 15 stack frames</div></td></tr></table><p class="totop"><a href="#summary">back to summary</a></p>
<h3 id="m14">Tests.DownloadcallsTest#TC_005_VerifyRemoveButtonFunctionality</h3><table class="result"><tr><th>Exception</th></tr><tr><td><div class="stacktrace">java.lang.Throwable: Method DownloadcallsTest.TC_005_VerifyRemoveButtonFunctionality()[pri:5, instance:Tests.DownloadcallsTest@1ecee32c] depends on not successfully finished methods
	at java.base/java.util.ArrayList.forEach(ArrayList.java:1596)
	at Tests.Main.main(Main.java:34)
... Removed 15 stack frames</div></td></tr></table><p class="totop"><a href="#summary">back to summary</a></p>
<h3 id="m15">Tests.DownloadcallsTest#TC_006_VerifySubmitButtonWithoutAddingTarget</h3><table class="result"><tr><th>Exception</th></tr><tr><td><div class="stacktrace">java.lang.Throwable: Method DownloadcallsTest.TC_006_VerifySubmitButtonWithoutAddingTarget()[pri:6, instance:Tests.DownloadcallsTest@1ecee32c] depends on not successfully finished methods
	at java.base/java.util.ArrayList.forEach(ArrayList.java:1596)
	at Tests.Main.main(Main.java:34)
... Removed 15 stack frames</div></td></tr></table><p class="totop"><a href="#summary">back to summary</a></p>
<h3 id="m16">Tests.DownloadcallsTest#TC_007_VerifyTargetIDTextboxCharacterLimit</h3><table class="result"><tr><th>Exception</th></tr><tr><td><div class="stacktrace">java.lang.Throwable: Method DownloadcallsTest.TC_007_VerifyTargetIDTextboxCharacterLimit()[pri:7, instance:Tests.DownloadcallsTest@1ecee32c] depends on not successfully finished methods
	at java.base/java.util.ArrayList.forEach(ArrayList.java:1596)
	at Tests.Main.main(Main.java:34)
... Removed 15 stack frames</div></td></tr></table><p class="totop"><a href="#summary">back to summary</a></p>
<h3 id="m17">Tests.LoginTest#TC_001_Verify_Login_With_Valid_Credentials</h3><table class="result"><tr><th>Exception</th></tr><tr><td><div class="stacktrace">io.appium.java_client.service.local.AppiumServerHasNotBeenStartedLocallyException: The local appium server has not been started. The given Node.js executable: C:\Program Files\nodejs\node.exe Arguments: [C:\Users\Ezhil Rj\AppData\Roaming\npm\node_modules\appium\build\lib\main.js, --port, 4723, --address, 127.0.0.1] 
Process output: [35m[Appium][39m Welcome to Appium v2.5.4
[35m[Appium][39m Non-default server args:
[35m[Appium][39m { address: [32m&apos;127.0.0.1&apos;[39m }
[35m[Appium][39m The autodetected Appium home path: C:\Users\Ezhil Rj\.appium
[35m[Appium][39m Attempting to load driver uiautomator2...
[35m[Appium][39m Requiring driver at C:\Users\Ezhil Rj\.appium\node_modules\appium-uiautomator2-driver\build\index.js
reusing global emitter


	at io.appium.java_client.service.local.AppiumDriverLocalService.start(AppiumDriverLocalService.java:187)
	at Base.TestSetup.StartApp(TestSetup.java:82)
	at Tests.Main.main(Main.java:34)
Caused by: org.openqa.selenium.net.UrlChecker$TimeoutException: Timed out waiting for [http://127.0.0.1:4723/status] to be available after 20006 ms
	at org.openqa.selenium.net.UrlChecker.waitUntilAvailable(UrlChecker.java:89)
	at io.appium.java_client.service.local.AppiumDriverLocalService.ping(AppiumDriverLocalService.java:152)
	at io.appium.java_client.service.local.AppiumDriverLocalService.start(AppiumDriverLocalService.java:174)
	... 16 more
Caused by: java.util.concurrent.TimeoutException
	at java.base/java.util.concurrent.FutureTask.get(FutureTask.java:204)
	at org.openqa.selenium.net.UrlChecker.waitUntilAvailable(UrlChecker.java:87)
	... 18 more
... Removed 14 stack frames</div></td></tr></table><p class="totop"><a href="#summary">back to summary</a></p>
<h3 id="m18">Tests.LoginTest#TC_002_Verify_Login_With_Invalid_Username</h3><table class="result"><tr><th>Exception</th></tr><tr><td><div class="stacktrace">io.appium.java_client.service.local.AppiumServerHasNotBeenStartedLocallyException: The local appium server has not been started. The given Node.js executable: C:\Program Files\nodejs\node.exe Arguments: [C:\Users\Ezhil Rj\AppData\Roaming\npm\node_modules\appium\build\lib\main.js, --port, 4723, --address, 127.0.0.1] 
Process output: [35m[Appium][39m Welcome to Appium v2.5.4
[35m[Appium][39m Non-default server args:
[35m[Appium][39m { address: [32m&apos;127.0.0.1&apos;[39m }
[35m[Appium][39m The autodetected Appium home path: C:\Users\Ezhil Rj\.appium
[35m[Appium][39m Attempting to load driver uiautomator2...
[35m[Appium][39m Requiring driver at C:\Users\Ezhil Rj\.appium\node_modules\appium-uiautomator2-driver\build\index.js
reusing global emitter


	at io.appium.java_client.service.local.AppiumDriverLocalService.start(AppiumDriverLocalService.java:187)
	at Base.TestSetup.StartApp(TestSetup.java:82)
	at Tests.Main.main(Main.java:34)
Caused by: org.openqa.selenium.net.UrlChecker$TimeoutException: Timed out waiting for [http://127.0.0.1:4723/status] to be available after 20006 ms
	at org.openqa.selenium.net.UrlChecker.waitUntilAvailable(UrlChecker.java:89)
	at io.appium.java_client.service.local.AppiumDriverLocalService.ping(AppiumDriverLocalService.java:152)
	at io.appium.java_client.service.local.AppiumDriverLocalService.start(AppiumDriverLocalService.java:174)
	... 16 more
Caused by: java.util.concurrent.TimeoutException
	at java.base/java.util.concurrent.FutureTask.get(FutureTask.java:204)
	at org.openqa.selenium.net.UrlChecker.waitUntilAvailable(UrlChecker.java:87)
	... 18 more
... Removed 14 stack frames</div></td></tr></table><p class="totop"><a href="#summary">back to summary</a></p>
<h3 id="m19">Tests.LoginTest#TC_003_Verify_Login_With_Invalid_Password</h3><table class="result"><tr><th>Exception</th></tr><tr><td><div class="stacktrace">io.appium.java_client.service.local.AppiumServerHasNotBeenStartedLocallyException: The local appium server has not been started. The given Node.js executable: C:\Program Files\nodejs\node.exe Arguments: [C:\Users\Ezhil Rj\AppData\Roaming\npm\node_modules\appium\build\lib\main.js, --port, 4723, --address, 127.0.0.1] 
Process output: [35m[Appium][39m Welcome to Appium v2.5.4
[35m[Appium][39m Non-default server args:
[35m[Appium][39m { address: [32m&apos;127.0.0.1&apos;[39m }
[35m[Appium][39m The autodetected Appium home path: C:\Users\Ezhil Rj\.appium
[35m[Appium][39m Attempting to load driver uiautomator2...
[35m[Appium][39m Requiring driver at C:\Users\Ezhil Rj\.appium\node_modules\appium-uiautomator2-driver\build\index.js
reusing global emitter


	at io.appium.java_client.service.local.AppiumDriverLocalService.start(AppiumDriverLocalService.java:187)
	at Base.TestSetup.StartApp(TestSetup.java:82)
	at Tests.Main.main(Main.java:34)
Caused by: org.openqa.selenium.net.UrlChecker$TimeoutException: Timed out waiting for [http://127.0.0.1:4723/status] to be available after 20006 ms
	at org.openqa.selenium.net.UrlChecker.waitUntilAvailable(UrlChecker.java:89)
	at io.appium.java_client.service.local.AppiumDriverLocalService.ping(AppiumDriverLocalService.java:152)
	at io.appium.java_client.service.local.AppiumDriverLocalService.start(AppiumDriverLocalService.java:174)
	... 16 more
Caused by: java.util.concurrent.TimeoutException
	at java.base/java.util.concurrent.FutureTask.get(FutureTask.java:204)
	at org.openqa.selenium.net.UrlChecker.waitUntilAvailable(UrlChecker.java:87)
	... 18 more
... Removed 14 stack frames</div></td></tr></table><p class="totop"><a href="#summary">back to summary</a></p>
<h3 id="m20">Tests.LoginTest#TC_004_Verify_Login_With_Invalid_Project</h3><table class="result"><tr><th>Exception</th></tr><tr><td><div class="stacktrace">io.appium.java_client.service.local.AppiumServerHasNotBeenStartedLocallyException: The local appium server has not been started. The given Node.js executable: C:\Program Files\nodejs\node.exe Arguments: [C:\Users\Ezhil Rj\AppData\Roaming\npm\node_modules\appium\build\lib\main.js, --port, 4723, --address, 127.0.0.1] 
Process output: [35m[Appium][39m Welcome to Appium v2.5.4
[35m[Appium][39m Non-default server args:
[35m[Appium][39m { address: [32m&apos;127.0.0.1&apos;[39m }
[35m[Appium][39m The autodetected Appium home path: C:\Users\Ezhil Rj\.appium
[35m[Appium][39m Attempting to load driver uiautomator2...
[35m[Appium][39m Requiring driver at C:\Users\Ezhil Rj\.appium\node_modules\appium-uiautomator2-driver\build\index.js
reusing global emitter


	at io.appium.java_client.service.local.AppiumDriverLocalService.start(AppiumDriverLocalService.java:187)
	at Base.TestSetup.StartApp(TestSetup.java:82)
	at Tests.Main.main(Main.java:34)
Caused by: org.openqa.selenium.net.UrlChecker$TimeoutException: Timed out waiting for [http://127.0.0.1:4723/status] to be available after 20006 ms
	at org.openqa.selenium.net.UrlChecker.waitUntilAvailable(UrlChecker.java:89)
	at io.appium.java_client.service.local.AppiumDriverLocalService.ping(AppiumDriverLocalService.java:152)
	at io.appium.java_client.service.local.AppiumDriverLocalService.start(AppiumDriverLocalService.java:174)
	... 16 more
Caused by: java.util.concurrent.TimeoutException
	at java.base/java.util.concurrent.FutureTask.get(FutureTask.java:204)
	at org.openqa.selenium.net.UrlChecker.waitUntilAvailable(UrlChecker.java:87)
	... 18 more
... Removed 14 stack frames</div></td></tr></table><p class="totop"><a href="#summary">back to summary</a></p>
<h3 id="m21">Tests.LoginTest#TC_005_Verify_Login_With_Invalid_Mobile_Number</h3><table class="result"><tr><th>Exception</th></tr><tr><td><div class="stacktrace">io.appium.java_client.service.local.AppiumServerHasNotBeenStartedLocallyException: The local appium server has not been started. The given Node.js executable: C:\Program Files\nodejs\node.exe Arguments: [C:\Users\Ezhil Rj\AppData\Roaming\npm\node_modules\appium\build\lib\main.js, --port, 4723, --address, 127.0.0.1] 
Process output: [35m[Appium][39m Welcome to Appium v2.5.4
[35m[Appium][39m Non-default server args:
[35m[Appium][39m { address: [32m&apos;127.0.0.1&apos;[39m }
[35m[Appium][39m The autodetected Appium home path: C:\Users\Ezhil Rj\.appium
[35m[Appium][39m Attempting to load driver uiautomator2...
[35m[Appium][39m Requiring driver at C:\Users\Ezhil Rj\.appium\node_modules\appium-uiautomator2-driver\build\index.js
reusing global emitter


	at io.appium.java_client.service.local.AppiumDriverLocalService.start(AppiumDriverLocalService.java:187)
	at Base.TestSetup.StartApp(TestSetup.java:82)
	at Tests.Main.main(Main.java:34)
Caused by: org.openqa.selenium.net.UrlChecker$TimeoutException: Timed out waiting for [http://127.0.0.1:4723/status] to be available after 20006 ms
	at org.openqa.selenium.net.UrlChecker.waitUntilAvailable(UrlChecker.java:89)
	at io.appium.java_client.service.local.AppiumDriverLocalService.ping(AppiumDriverLocalService.java:152)
	at io.appium.java_client.service.local.AppiumDriverLocalService.start(AppiumDriverLocalService.java:174)
	... 16 more
Caused by: java.util.concurrent.TimeoutException
	at java.base/java.util.concurrent.FutureTask.get(FutureTask.java:204)
	at org.openqa.selenium.net.UrlChecker.waitUntilAvailable(UrlChecker.java:87)
	... 18 more
... Removed 14 stack frames</div></td></tr></table><p class="totop"><a href="#summary">back to summary</a></p>
<h3 id="m22">Tests.LoginTest#TC_006_Verify_Login_Without_Entering_Username</h3><table class="result"><tr><th>Exception</th></tr><tr><td><div class="stacktrace">io.appium.java_client.service.local.AppiumServerHasNotBeenStartedLocallyException: The local appium server has not been started. The given Node.js executable: C:\Program Files\nodejs\node.exe Arguments: [C:\Users\Ezhil Rj\AppData\Roaming\npm\node_modules\appium\build\lib\main.js, --port, 4723, --address, 127.0.0.1] 
Process output: [35m[Appium][39m Welcome to Appium v2.5.4
[35m[Appium][39m Non-default server args:
[35m[Appium][39m { address: [32m&apos;127.0.0.1&apos;[39m }
[35m[Appium][39m The autodetected Appium home path: C:\Users\Ezhil Rj\.appium
[35m[Appium][39m Attempting to load driver uiautomator2...
[35m[Appium][39m Requiring driver at C:\Users\Ezhil Rj\.appium\node_modules\appium-uiautomator2-driver\build\index.js
reusing global emitter


	at io.appium.java_client.service.local.AppiumDriverLocalService.start(AppiumDriverLocalService.java:187)
	at Base.TestSetup.StartApp(TestSetup.java:82)
	at Tests.Main.main(Main.java:34)
Caused by: org.openqa.selenium.net.UrlChecker$TimeoutException: Timed out waiting for [http://127.0.0.1:4723/status] to be available after 20006 ms
	at org.openqa.selenium.net.UrlChecker.waitUntilAvailable(UrlChecker.java:89)
	at io.appium.java_client.service.local.AppiumDriverLocalService.ping(AppiumDriverLocalService.java:152)
	at io.appium.java_client.service.local.AppiumDriverLocalService.start(AppiumDriverLocalService.java:174)
	... 16 more
Caused by: java.util.concurrent.TimeoutException
	at java.base/java.util.concurrent.FutureTask.get(FutureTask.java:204)
	at org.openqa.selenium.net.UrlChecker.waitUntilAvailable(UrlChecker.java:87)
	... 18 more
... Removed 14 stack frames</div></td></tr></table><p class="totop"><a href="#summary">back to summary</a></p>
<h3 id="m23">Tests.LoginTest#TC_007_Verify_Login_Without_Entering_Password</h3><table class="result"><tr><th>Exception</th></tr><tr><td><div class="stacktrace">io.appium.java_client.service.local.AppiumServerHasNotBeenStartedLocallyException: The local appium server has not been started. The given Node.js executable: C:\Program Files\nodejs\node.exe Arguments: [C:\Users\Ezhil Rj\AppData\Roaming\npm\node_modules\appium\build\lib\main.js, --port, 4723, --address, 127.0.0.1] 
Process output: [35m[Appium][39m Welcome to Appium v2.5.4
[35m[Appium][39m Non-default server args:
[35m[Appium][39m { address: [32m&apos;127.0.0.1&apos;[39m }
[35m[Appium][39m The autodetected Appium home path: C:\Users\Ezhil Rj\.appium
[35m[Appium][39m Attempting to load driver uiautomator2...
[35m[Appium][39m Requiring driver at C:\Users\Ezhil Rj\.appium\node_modules\appium-uiautomator2-driver\build\index.js
reusing global emitter


	at io.appium.java_client.service.local.AppiumDriverLocalService.start(AppiumDriverLocalService.java:187)
	at Base.TestSetup.StartApp(TestSetup.java:82)
	at Tests.Main.main(Main.java:34)
Caused by: org.openqa.selenium.net.UrlChecker$TimeoutException: Timed out waiting for [http://127.0.0.1:4723/status] to be available after 20006 ms
	at org.openqa.selenium.net.UrlChecker.waitUntilAvailable(UrlChecker.java:89)
	at io.appium.java_client.service.local.AppiumDriverLocalService.ping(AppiumDriverLocalService.java:152)
	at io.appium.java_client.service.local.AppiumDriverLocalService.start(AppiumDriverLocalService.java:174)
	... 16 more
Caused by: java.util.concurrent.TimeoutException
	at java.base/java.util.concurrent.FutureTask.get(FutureTask.java:204)
	at org.openqa.selenium.net.UrlChecker.waitUntilAvailable(UrlChecker.java:87)
	... 18 more
... Removed 14 stack frames</div></td></tr></table><p class="totop"><a href="#summary">back to summary</a></p>
<h3 id="m24">Tests.LoginTest#TC_008_Verify_Login_Without_Entering_Project</h3><table class="result"><tr><th>Exception</th></tr><tr><td><div class="stacktrace">io.appium.java_client.service.local.AppiumServerHasNotBeenStartedLocallyException: The local appium server has not been started. The given Node.js executable: C:\Program Files\nodejs\node.exe Arguments: [C:\Users\Ezhil Rj\AppData\Roaming\npm\node_modules\appium\build\lib\main.js, --port, 4723, --address, 127.0.0.1] 
Process output: [35m[Appium][39m Welcome to Appium v2.5.4
[35m[Appium][39m Non-default server args:
[35m[Appium][39m { address: [32m&apos;127.0.0.1&apos;[39m }
[35m[Appium][39m The autodetected Appium home path: C:\Users\Ezhil Rj\.appium
[35m[Appium][39m Attempting to load driver uiautomator2...
[35m[Appium][39m Requiring driver at C:\Users\Ezhil Rj\.appium\node_modules\appium-uiautomator2-driver\build\index.js
reusing global emitter


	at io.appium.java_client.service.local.AppiumDriverLocalService.start(AppiumDriverLocalService.java:187)
	at Base.TestSetup.StartApp(TestSetup.java:82)
	at Tests.Main.main(Main.java:34)
Caused by: org.openqa.selenium.net.UrlChecker$TimeoutException: Timed out waiting for [http://127.0.0.1:4723/status] to be available after 20006 ms
	at org.openqa.selenium.net.UrlChecker.waitUntilAvailable(UrlChecker.java:89)
	at io.appium.java_client.service.local.AppiumDriverLocalService.ping(AppiumDriverLocalService.java:152)
	at io.appium.java_client.service.local.AppiumDriverLocalService.start(AppiumDriverLocalService.java:174)
	... 16 more
Caused by: java.util.concurrent.TimeoutException
	at java.base/java.util.concurrent.FutureTask.get(FutureTask.java:204)
	at org.openqa.selenium.net.UrlChecker.waitUntilAvailable(UrlChecker.java:87)
	... 18 more
... Removed 14 stack frames</div></td></tr></table><p class="totop"><a href="#summary">back to summary</a></p>
<h3 id="m25">Tests.LoginTest#TC_009_Verify_Login_Without_Entering_Mobile_Number</h3><table class="result"><tr><th>Exception</th></tr><tr><td><div class="stacktrace">io.appium.java_client.service.local.AppiumServerHasNotBeenStartedLocallyException: The local appium server has not been started. The given Node.js executable: C:\Program Files\nodejs\node.exe Arguments: [C:\Users\Ezhil Rj\AppData\Roaming\npm\node_modules\appium\build\lib\main.js, --port, 4723, --address, 127.0.0.1] 
Process output: [35m[Appium][39m Welcome to Appium v2.5.4
[35m[Appium][39m Non-default server args:
[35m[Appium][39m { address: [32m&apos;127.0.0.1&apos;[39m }
[35m[Appium][39m The autodetected Appium home path: C:\Users\Ezhil Rj\.appium
[35m[Appium][39m Attempting to load driver uiautomator2...
[35m[Appium][39m Requiring driver at C:\Users\Ezhil Rj\.appium\node_modules\appium-uiautomator2-driver\build\index.js
reusing global emitter


	at io.appium.java_client.service.local.AppiumDriverLocalService.start(AppiumDriverLocalService.java:187)
	at Base.TestSetup.StartApp(TestSetup.java:82)
	at Tests.Main.main(Main.java:34)
Caused by: org.openqa.selenium.net.UrlChecker$TimeoutException: Timed out waiting for [http://127.0.0.1:4723/status] to be available after 20006 ms
	at org.openqa.selenium.net.UrlChecker.waitUntilAvailable(UrlChecker.java:89)
	at io.appium.java_client.service.local.AppiumDriverLocalService.ping(AppiumDriverLocalService.java:152)
	at io.appium.java_client.service.local.AppiumDriverLocalService.start(AppiumDriverLocalService.java:174)
	... 16 more
Caused by: java.util.concurrent.TimeoutException
	at java.base/java.util.concurrent.FutureTask.get(FutureTask.java:204)
	at org.openqa.selenium.net.UrlChecker.waitUntilAvailable(UrlChecker.java:87)
	... 18 more
... Removed 14 stack frames</div></td></tr></table><p class="totop"><a href="#summary">back to summary</a></p>
<h3 id="m26">Tests.LoginTest#TC_010_Verify_UsernameTextboxCharacterLimit</h3><table class="result"><tr><th>Exception</th></tr><tr><td><div class="stacktrace">io.appium.java_client.service.local.AppiumServerHasNotBeenStartedLocallyException: The local appium server has not been started. The given Node.js executable: C:\Program Files\nodejs\node.exe Arguments: [C:\Users\Ezhil Rj\AppData\Roaming\npm\node_modules\appium\build\lib\main.js, --port, 4723, --address, 127.0.0.1] 
Process output: [35m[Appium][39m Welcome to Appium v2.5.4
[35m[Appium][39m Non-default server args:
[35m[Appium][39m { address: [32m&apos;127.0.0.1&apos;[39m }
[35m[Appium][39m The autodetected Appium home path: C:\Users\Ezhil Rj\.appium
[35m[Appium][39m Attempting to load driver uiautomator2...
[35m[Appium][39m Requiring driver at C:\Users\Ezhil Rj\.appium\node_modules\appium-uiautomator2-driver\build\index.js
reusing global emitter


	at io.appium.java_client.service.local.AppiumDriverLocalService.start(AppiumDriverLocalService.java:187)
	at Base.TestSetup.StartApp(TestSetup.java:82)
	at Tests.Main.main(Main.java:34)
Caused by: org.openqa.selenium.net.UrlChecker$TimeoutException: Timed out waiting for [http://127.0.0.1:4723/status] to be available after 20006 ms
	at org.openqa.selenium.net.UrlChecker.waitUntilAvailable(UrlChecker.java:89)
	at io.appium.java_client.service.local.AppiumDriverLocalService.ping(AppiumDriverLocalService.java:152)
	at io.appium.java_client.service.local.AppiumDriverLocalService.start(AppiumDriverLocalService.java:174)
	... 16 more
Caused by: java.util.concurrent.TimeoutException
	at java.base/java.util.concurrent.FutureTask.get(FutureTask.java:204)
	at org.openqa.selenium.net.UrlChecker.waitUntilAvailable(UrlChecker.java:87)
	... 18 more
... Removed 14 stack frames</div></td></tr></table><p class="totop"><a href="#summary">back to summary</a></p>
<h3 id="m27">Tests.LoginTest#TC_011_Verify_UsernameTextboxAcceptsSpecialCharacters</h3><table class="result"><tr><th>Exception</th></tr><tr><td><div class="stacktrace">io.appium.java_client.service.local.AppiumServerHasNotBeenStartedLocallyException: The local appium server has not been started. The given Node.js executable: C:\Program Files\nodejs\node.exe Arguments: [C:\Users\Ezhil Rj\AppData\Roaming\npm\node_modules\appium\build\lib\main.js, --port, 4723, --address, 127.0.0.1] 
Process output: [35m[Appium][39m Welcome to Appium v2.5.4
[35m[Appium][39m Non-default server args:
[35m[Appium][39m { address: [32m&apos;127.0.0.1&apos;[39m }
[35m[Appium][39m The autodetected Appium home path: C:\Users\Ezhil Rj\.appium
[35m[Appium][39m Attempting to load driver uiautomator2...
[35m[Appium][39m Requiring driver at C:\Users\Ezhil Rj\.appium\node_modules\appium-uiautomator2-driver\build\index.js
reusing global emitter


	at io.appium.java_client.service.local.AppiumDriverLocalService.start(AppiumDriverLocalService.java:187)
	at Base.TestSetup.StartApp(TestSetup.java:82)
	at Tests.Main.main(Main.java:34)
Caused by: org.openqa.selenium.net.UrlChecker$TimeoutException: Timed out waiting for [http://127.0.0.1:4723/status] to be available after 20006 ms
	at org.openqa.selenium.net.UrlChecker.waitUntilAvailable(UrlChecker.java:89)
	at io.appium.java_client.service.local.AppiumDriverLocalService.ping(AppiumDriverLocalService.java:152)
	at io.appium.java_client.service.local.AppiumDriverLocalService.start(AppiumDriverLocalService.java:174)
	... 16 more
Caused by: java.util.concurrent.TimeoutException
	at java.base/java.util.concurrent.FutureTask.get(FutureTask.java:204)
	at org.openqa.selenium.net.UrlChecker.waitUntilAvailable(UrlChecker.java:87)
	... 18 more
... Removed 14 stack frames</div></td></tr></table><p class="totop"><a href="#summary">back to summary</a></p>
<h3 id="m28">Tests.LoginTest#TC_012_Verify_UsernameTextboxAcceptsNumbers</h3><table class="result"><tr><th>Exception</th></tr><tr><td><div class="stacktrace">io.appium.java_client.service.local.AppiumServerHasNotBeenStartedLocallyException: The local appium server has not been started. The given Node.js executable: C:\Program Files\nodejs\node.exe Arguments: [C:\Users\Ezhil Rj\AppData\Roaming\npm\node_modules\appium\build\lib\main.js, --port, 4723, --address, 127.0.0.1] 
Process output: [35m[Appium][39m Welcome to Appium v2.5.4
[35m[Appium][39m Non-default server args:
[35m[Appium][39m { address: [32m&apos;127.0.0.1&apos;[39m }
[35m[Appium][39m The autodetected Appium home path: C:\Users\Ezhil Rj\.appium
[35m[Appium][39m Attempting to load driver uiautomator2...
[35m[Appium][39m Requiring driver at C:\Users\Ezhil Rj\.appium\node_modules\appium-uiautomator2-driver\build\index.js
reusing global emitter


	at io.appium.java_client.service.local.AppiumDriverLocalService.start(AppiumDriverLocalService.java:187)
	at Base.TestSetup.StartApp(TestSetup.java:82)
	at Tests.Main.main(Main.java:34)
Caused by: org.openqa.selenium.net.UrlChecker$TimeoutException: Timed out waiting for [http://127.0.0.1:4723/status] to be available after 20006 ms
	at org.openqa.selenium.net.UrlChecker.waitUntilAvailable(UrlChecker.java:89)
	at io.appium.java_client.service.local.AppiumDriverLocalService.ping(AppiumDriverLocalService.java:152)
	at io.appium.java_client.service.local.AppiumDriverLocalService.start(AppiumDriverLocalService.java:174)
	... 16 more
Caused by: java.util.concurrent.TimeoutException
	at java.base/java.util.concurrent.FutureTask.get(FutureTask.java:204)
	at org.openqa.selenium.net.UrlChecker.waitUntilAvailable(UrlChecker.java:87)
	... 18 more
... Removed 14 stack frames</div></td></tr></table><p class="totop"><a href="#summary">back to summary</a></p>
<h3 id="m29">Tests.LoginTest#TC_013_Verify_PasswordTextboxCharacterLimit</h3><table class="result"><tr><th>Exception</th></tr><tr><td><div class="stacktrace">io.appium.java_client.service.local.AppiumServerHasNotBeenStartedLocallyException: The local appium server has not been started. The given Node.js executable: C:\Program Files\nodejs\node.exe Arguments: [C:\Users\Ezhil Rj\AppData\Roaming\npm\node_modules\appium\build\lib\main.js, --port, 4723, --address, 127.0.0.1] 
Process output: [35m[Appium][39m Welcome to Appium v2.5.4
[35m[Appium][39m Non-default server args:
[35m[Appium][39m { address: [32m&apos;127.0.0.1&apos;[39m }
[35m[Appium][39m The autodetected Appium home path: C:\Users\Ezhil Rj\.appium
[35m[Appium][39m Attempting to load driver uiautomator2...
[35m[Appium][39m Requiring driver at C:\Users\Ezhil Rj\.appium\node_modules\appium-uiautomator2-driver\build\index.js
reusing global emitter


	at io.appium.java_client.service.local.AppiumDriverLocalService.start(AppiumDriverLocalService.java:187)
	at Base.TestSetup.StartApp(TestSetup.java:82)
	at Tests.Main.main(Main.java:34)
Caused by: org.openqa.selenium.net.UrlChecker$TimeoutException: Timed out waiting for [http://127.0.0.1:4723/status] to be available after 20006 ms
	at org.openqa.selenium.net.UrlChecker.waitUntilAvailable(UrlChecker.java:89)
	at io.appium.java_client.service.local.AppiumDriverLocalService.ping(AppiumDriverLocalService.java:152)
	at io.appium.java_client.service.local.AppiumDriverLocalService.start(AppiumDriverLocalService.java:174)
	... 16 more
Caused by: java.util.concurrent.TimeoutException
	at java.base/java.util.concurrent.FutureTask.get(FutureTask.java:204)
	at org.openqa.selenium.net.UrlChecker.waitUntilAvailable(UrlChecker.java:87)
	... 18 more
... Removed 14 stack frames</div></td></tr></table><p class="totop"><a href="#summary">back to summary</a></p>
<h3 id="m30">Tests.LoginTest#TC_014_Verify_ProjectTextboxCharacterLimit</h3><table class="result"><tr><th>Exception</th></tr><tr><td><div class="stacktrace">io.appium.java_client.service.local.AppiumServerHasNotBeenStartedLocallyException: The local appium server has not been started. The given Node.js executable: C:\Program Files\nodejs\node.exe Arguments: [C:\Users\Ezhil Rj\AppData\Roaming\npm\node_modules\appium\build\lib\main.js, --port, 4723, --address, 127.0.0.1] 
Process output: [35m[Appium][39m Welcome to Appium v2.5.4
[35m[Appium][39m Non-default server args:
[35m[Appium][39m { address: [32m&apos;127.0.0.1&apos;[39m }
[35m[Appium][39m The autodetected Appium home path: C:\Users\Ezhil Rj\.appium
[35m[Appium][39m Attempting to load driver uiautomator2...
[35m[Appium][39m Requiring driver at C:\Users\Ezhil Rj\.appium\node_modules\appium-uiautomator2-driver\build\index.js
reusing global emitter


	at io.appium.java_client.service.local.AppiumDriverLocalService.start(AppiumDriverLocalService.java:187)
	at Base.TestSetup.StartApp(TestSetup.java:82)
	at Tests.Main.main(Main.java:34)
Caused by: org.openqa.selenium.net.UrlChecker$TimeoutException: Timed out waiting for [http://127.0.0.1:4723/status] to be available after 20006 ms
	at org.openqa.selenium.net.UrlChecker.waitUntilAvailable(UrlChecker.java:89)
	at io.appium.java_client.service.local.AppiumDriverLocalService.ping(AppiumDriverLocalService.java:152)
	at io.appium.java_client.service.local.AppiumDriverLocalService.start(AppiumDriverLocalService.java:174)
	... 16 more
Caused by: java.util.concurrent.TimeoutException
	at java.base/java.util.concurrent.FutureTask.get(FutureTask.java:204)
	at org.openqa.selenium.net.UrlChecker.waitUntilAvailable(UrlChecker.java:87)
	... 18 more
... Removed 14 stack frames</div></td></tr></table><p class="totop"><a href="#summary">back to summary</a></p>
<h3 id="m31">Tests.LoginTest#TC_015_Verify_ProjectTextboxAcceptsSpecialCharacters</h3><table class="result"><tr><th>Exception</th></tr><tr><td><div class="stacktrace">io.appium.java_client.service.local.AppiumServerHasNotBeenStartedLocallyException: The local appium server has not been started. The given Node.js executable: C:\Program Files\nodejs\node.exe Arguments: [C:\Users\Ezhil Rj\AppData\Roaming\npm\node_modules\appium\build\lib\main.js, --port, 4723, --address, 127.0.0.1] 
Process output: [35m[Appium][39m Welcome to Appium v2.5.4
[35m[Appium][39m Non-default server args:
[35m[Appium][39m { address: [32m&apos;127.0.0.1&apos;[39m }
[35m[Appium][39m The autodetected Appium home path: C:\Users\Ezhil Rj\.appium
[35m[Appium][39m Attempting to load driver uiautomator2...
[35m[Appium][39m Requiring driver at C:\Users\Ezhil Rj\.appium\node_modules\appium-uiautomator2-driver\build\index.js
reusing global emitter


	at io.appium.java_client.service.local.AppiumDriverLocalService.start(AppiumDriverLocalService.java:187)
	at Base.TestSetup.StartApp(TestSetup.java:82)
	at Tests.Main.main(Main.java:34)
Caused by: org.openqa.selenium.net.UrlChecker$TimeoutException: Timed out waiting for [http://127.0.0.1:4723/status] to be available after 20006 ms
	at org.openqa.selenium.net.UrlChecker.waitUntilAvailable(UrlChecker.java:89)
	at io.appium.java_client.service.local.AppiumDriverLocalService.ping(AppiumDriverLocalService.java:152)
	at io.appium.java_client.service.local.AppiumDriverLocalService.start(AppiumDriverLocalService.java:174)
	... 16 more
Caused by: java.util.concurrent.TimeoutException
	at java.base/java.util.concurrent.FutureTask.get(FutureTask.java:204)
	at org.openqa.selenium.net.UrlChecker.waitUntilAvailable(UrlChecker.java:87)
	... 18 more
... Removed 14 stack frames</div></td></tr></table><p class="totop"><a href="#summary">back to summary</a></p>
<h3 id="m32">Tests.LoginTest#TC_016_Verify_ProjectTextboxAcceptsNumbers</h3><table class="result"><tr><th>Exception</th></tr><tr><td><div class="stacktrace">io.appium.java_client.service.local.AppiumServerHasNotBeenStartedLocallyException: The local appium server has not been started. The given Node.js executable: C:\Program Files\nodejs\node.exe Arguments: [C:\Users\Ezhil Rj\AppData\Roaming\npm\node_modules\appium\build\lib\main.js, --port, 4723, --address, 127.0.0.1] 
Process output: [35m[Appium][39m Welcome to Appium v2.5.4
[35m[Appium][39m Non-default server args:
[35m[Appium][39m { address: [32m&apos;127.0.0.1&apos;[39m }
[35m[Appium][39m The autodetected Appium home path: C:\Users\Ezhil Rj\.appium
[35m[Appium][39m Attempting to load driver uiautomator2...
[35m[Appium][39m Requiring driver at C:\Users\Ezhil Rj\.appium\node_modules\appium-uiautomator2-driver\build\index.js
reusing global emitter


	at io.appium.java_client.service.local.AppiumDriverLocalService.start(AppiumDriverLocalService.java:187)
	at Base.TestSetup.StartApp(TestSetup.java:82)
	at Tests.Main.main(Main.java:34)
Caused by: org.openqa.selenium.net.UrlChecker$TimeoutException: Timed out waiting for [http://127.0.0.1:4723/status] to be available after 20006 ms
	at org.openqa.selenium.net.UrlChecker.waitUntilAvailable(UrlChecker.java:89)
	at io.appium.java_client.service.local.AppiumDriverLocalService.ping(AppiumDriverLocalService.java:152)
	at io.appium.java_client.service.local.AppiumDriverLocalService.start(AppiumDriverLocalService.java:174)
	... 16 more
Caused by: java.util.concurrent.TimeoutException
	at java.base/java.util.concurrent.FutureTask.get(FutureTask.java:204)
	at org.openqa.selenium.net.UrlChecker.waitUntilAvailable(UrlChecker.java:87)
	... 18 more
... Removed 14 stack frames</div></td></tr></table><p class="totop"><a href="#summary">back to summary</a></p>
<h3 id="m33">Tests.LoginTest#TC_017_Verify_MobileNumberTextboxCharacterLimit</h3><table class="result"><tr><th>Exception</th></tr><tr><td><div class="stacktrace">io.appium.java_client.service.local.AppiumServerHasNotBeenStartedLocallyException: The local appium server has not been started. The given Node.js executable: C:\Program Files\nodejs\node.exe Arguments: [C:\Users\Ezhil Rj\AppData\Roaming\npm\node_modules\appium\build\lib\main.js, --port, 4723, --address, 127.0.0.1] 
Process output: [35m[Appium][39m Welcome to Appium v2.5.4
[35m[Appium][39m Non-default server args:
[35m[Appium][39m { address: [32m&apos;127.0.0.1&apos;[39m }
[35m[Appium][39m The autodetected Appium home path: C:\Users\Ezhil Rj\.appium
[35m[Appium][39m Attempting to load driver uiautomator2...
[35m[Appium][39m Requiring driver at C:\Users\Ezhil Rj\.appium\node_modules\appium-uiautomator2-driver\build\index.js
reusing global emitter


	at io.appium.java_client.service.local.AppiumDriverLocalService.start(AppiumDriverLocalService.java:187)
	at Base.TestSetup.StartApp(TestSetup.java:82)
	at Tests.Main.main(Main.java:34)
Caused by: org.openqa.selenium.net.UrlChecker$TimeoutException: Timed out waiting for [http://127.0.0.1:4723/status] to be available after 20006 ms
	at org.openqa.selenium.net.UrlChecker.waitUntilAvailable(UrlChecker.java:89)
	at io.appium.java_client.service.local.AppiumDriverLocalService.ping(AppiumDriverLocalService.java:152)
	at io.appium.java_client.service.local.AppiumDriverLocalService.start(AppiumDriverLocalService.java:174)
	... 16 more
Caused by: java.util.concurrent.TimeoutException
	at java.base/java.util.concurrent.FutureTask.get(FutureTask.java:204)
	at org.openqa.selenium.net.UrlChecker.waitUntilAvailable(UrlChecker.java:87)
	... 18 more
... Removed 14 stack frames</div></td></tr></table><p class="totop"><a href="#summary">back to summary</a></p>
<h3 id="m34">Tests.ResourceCentreTest#TC002_VerifyPPTXFileDownloaded</h3><table class="result"><tr><th>Exception</th></tr><tr><td><div class="stacktrace">java.lang.Throwable: Method ResourceCentreTest.TC002_VerifyPPTXFileDownloaded()[pri:2, instance:Tests.ResourceCentreTest@22ffa91a] depends on not successfully finished methods
	at java.base/java.util.ArrayList.forEach(ArrayList.java:1596)
	at Tests.Main.main(Main.java:34)
... Removed 15 stack frames</div></td></tr></table><p class="totop"><a href="#summary">back to summary</a></p>
<h3 id="m35">Tests.ResourceCentreTest#TC003_VerifyMP4FileDownloaded</h3><table class="result"><tr><th>Exception</th></tr><tr><td><div class="stacktrace">java.lang.Throwable: Method ResourceCentreTest.TC003_VerifyMP4FileDownloaded()[pri:3, instance:Tests.ResourceCentreTest@22ffa91a] depends on not successfully finished methods
	at java.base/java.util.ArrayList.forEach(ArrayList.java:1596)
	at Tests.Main.main(Main.java:34)
... Removed 15 stack frames</div></td></tr></table><p class="totop"><a href="#summary">back to summary</a></p>
<h3 id="m36">Tests.ResourceCentreTest#TC004_VerifyPDFFileDownloaded</h3><table class="result"><tr><th>Exception</th></tr><tr><td><div class="stacktrace">java.lang.Throwable: Method ResourceCentreTest.TC004_VerifyPDFFileDownloaded()[pri:4, instance:Tests.ResourceCentreTest@22ffa91a] depends on not successfully finished methods
	at java.base/java.util.ArrayList.forEach(ArrayList.java:1596)
	at Tests.Main.main(Main.java:34)
... Removed 15 stack frames</div></td></tr></table><p class="totop"><a href="#summary">back to summary</a></p>
<h3 id="m37">Tests.ResourceCentreTest#TC005_VerifyDOCXFileDownloaded</h3><table class="result"><tr><th>Exception</th></tr><tr><td><div class="stacktrace">java.lang.Throwable: Method ResourceCentreTest.TC005_VerifyDOCXFileDownloaded()[pri:5, instance:Tests.ResourceCentreTest@22ffa91a] depends on not successfully finished methods
	at java.base/java.util.ArrayList.forEach(ArrayList.java:1596)
	at Tests.Main.main(Main.java:34)
... Removed 15 stack frames</div></td></tr></table><p class="totop"><a href="#summary">back to summary</a></p>
<h3 id="m38">Tests.ResourceCentreTest#TC006_VerifyJPGFileDownloaded</h3><table class="result"><tr><th>Exception</th></tr><tr><td><div class="stacktrace">java.lang.Throwable: Method ResourceCentreTest.TC006_VerifyJPGFileDownloaded()[pri:6, instance:Tests.ResourceCentreTest@22ffa91a] depends on not successfully finished methods
	at java.base/java.util.ArrayList.forEach(ArrayList.java:1596)
	at Tests.Main.main(Main.java:34)
... Removed 15 stack frames</div></td></tr></table><p class="totop"><a href="#summary">back to summary</a></p>
<h3 id="m39">Tests.ResourceCentreTest#TC007_VerifyXLSXFileDownloaded</h3><table class="result"><tr><th>Exception</th></tr><tr><td><div class="stacktrace">java.lang.Throwable: Method ResourceCentreTest.TC007_VerifyXLSXFileDownloaded()[pri:7, instance:Tests.ResourceCentreTest@22ffa91a] depends on not successfully finished methods
	at java.base/java.util.ArrayList.forEach(ArrayList.java:1596)
	at Tests.Main.main(Main.java:34)
... Removed 15 stack frames</div></td></tr></table><p class="totop"><a href="#summary">back to summary</a></p>
<h3 id="m40">Tests.ResourceCentreTest#TC_001_Verify_ResourceCenter_Module_Displayed</h3><table class="result"><tr><th>Exception</th></tr><tr><td><div class="stacktrace">io.appium.java_client.service.local.AppiumServerHasNotBeenStartedLocallyException: The local appium server has not been started. The given Node.js executable: C:\Program Files\nodejs\node.exe Arguments: [C:\Users\Ezhil Rj\AppData\Roaming\npm\node_modules\appium\build\lib\main.js, --port, 4723, --address, 127.0.0.1] 
Process output: [35m[Appium][39m Welcome to Appium v2.5.4
[35m[Appium][39m Non-default server args:
[35m[Appium][39m { address: [32m&apos;127.0.0.1&apos;[39m }
[35m[Appium][39m The autodetected Appium home path: C:\Users\Ezhil Rj\.appium
[35m[Appium][39m Attempting to load driver uiautomator2...
[35m[Appium][39m Requiring driver at C:\Users\Ezhil Rj\.appium\node_modules\appium-uiautomator2-driver\build\index.js
reusing global emitter


	at io.appium.java_client.service.local.AppiumDriverLocalService.start(AppiumDriverLocalService.java:187)
	at Base.TestSetup.StartApp(TestSetup.java:82)
	at Tests.Main.main(Main.java:34)
Caused by: org.openqa.selenium.net.UrlChecker$TimeoutException: Timed out waiting for [http://127.0.0.1:4723/status] to be available after 20006 ms
	at org.openqa.selenium.net.UrlChecker.waitUntilAvailable(UrlChecker.java:89)
	at io.appium.java_client.service.local.AppiumDriverLocalService.ping(AppiumDriverLocalService.java:152)
	at io.appium.java_client.service.local.AppiumDriverLocalService.start(AppiumDriverLocalService.java:174)
	... 16 more
Caused by: java.util.concurrent.TimeoutException
	at java.base/java.util.concurrent.FutureTask.get(FutureTask.java:204)
	at org.openqa.selenium.net.UrlChecker.waitUntilAvailable(UrlChecker.java:87)
	... 18 more
... Removed 14 stack frames</div></td></tr></table><p class="totop"><a href="#summary">back to summary</a></p>
<h3 id="m41">Tests.VisitorLoginTest#TC_001_VerifyVisitorLoginModuleDisplayed</h3><table class="result"><tr><th>Exception</th></tr><tr><td><div class="stacktrace">io.appium.java_client.service.local.AppiumServerHasNotBeenStartedLocallyException: The local appium server has not been started. The given Node.js executable: C:\Program Files\nodejs\node.exe Arguments: [C:\Users\Ezhil Rj\AppData\Roaming\npm\node_modules\appium\build\lib\main.js, --port, 4723, --address, 127.0.0.1] 
Process output: [35m[Appium][39m Welcome to Appium v2.5.4
[35m[Appium][39m Non-default server args:
[35m[Appium][39m { address: [32m&apos;127.0.0.1&apos;[39m }
[35m[Appium][39m The autodetected Appium home path: C:\Users\Ezhil Rj\.appium
[35m[Appium][39m Attempting to load driver uiautomator2...
[35m[Appium][39m Requiring driver at C:\Users\Ezhil Rj\.appium\node_modules\appium-uiautomator2-driver\build\index.js
reusing global emitter


	at io.appium.java_client.service.local.AppiumDriverLocalService.start(AppiumDriverLocalService.java:187)
	at Base.TestSetup.StartApp(TestSetup.java:82)
	at Tests.Main.main(Main.java:34)
Caused by: org.openqa.selenium.net.UrlChecker$TimeoutException: Timed out waiting for [http://127.0.0.1:4723/status] to be available after 20006 ms
	at org.openqa.selenium.net.UrlChecker.waitUntilAvailable(UrlChecker.java:89)
	at io.appium.java_client.service.local.AppiumDriverLocalService.ping(AppiumDriverLocalService.java:152)
	at io.appium.java_client.service.local.AppiumDriverLocalService.start(AppiumDriverLocalService.java:174)
	... 16 more
Caused by: java.util.concurrent.TimeoutException
	at java.base/java.util.concurrent.FutureTask.get(FutureTask.java:204)
	at org.openqa.selenium.net.UrlChecker.waitUntilAvailable(UrlChecker.java:87)
	... 18 more
... Removed 14 stack frames</div></td></tr></table><p class="totop"><a href="#summary">back to summary</a></p>
<h3 id="m42">Tests.VisitorLoginTest#TC_002_VerifySubmitButtonWithoutEnteringFields</h3><table class="result"><tr><th>Exception</th></tr><tr><td><div class="stacktrace">java.lang.Throwable: Method VisitorLoginTest.TC_002_VerifySubmitButtonWithoutEnteringFields()[pri:2, instance:Tests.VisitorLoginTest@4b41e4dd] depends on not successfully finished methods
	at java.base/java.util.ArrayList.forEach(ArrayList.java:1596)
	at Tests.Main.main(Main.java:34)
... Removed 15 stack frames</div></td></tr></table><p class="totop"><a href="#summary">back to summary</a></p>
<h3 id="m43">Tests.VisitorLoginTest#TC_003_VerifyVisitorEmpIDTextboxCharacterLimit</h3><table class="result"><tr><th>Exception</th></tr><tr><td><div class="stacktrace">java.lang.Throwable: Method VisitorLoginTest.TC_003_VerifyVisitorEmpIDTextboxCharacterLimit()[pri:3, instance:Tests.VisitorLoginTest@4b41e4dd] depends on not successfully finished methods
	at java.base/java.util.ArrayList.forEach(ArrayList.java:1596)
	at Tests.Main.main(Main.java:34)
... Removed 15 stack frames</div></td></tr></table><p class="totop"><a href="#summary">back to summary</a></p>
<h3 id="m44">Tests.VisitorLoginTest#TC_004_VerifyVisitorEmpIDTextboxAcceptsSpecialCharacters</h3><table class="result"><tr><th>Exception</th></tr><tr><td><div class="stacktrace">java.lang.Throwable: Method VisitorLoginTest.TC_004_VerifyVisitorEmpIDTextboxAcceptsSpecialCharacters()[pri:4, instance:Tests.VisitorLoginTest@4b41e4dd] depends on not successfully finished methods
	at java.base/java.util.ArrayList.forEach(ArrayList.java:1596)
	at Tests.Main.main(Main.java:34)
... Removed 15 stack frames</div></td></tr></table><p class="totop"><a href="#summary">back to summary</a></p>
<h3 id="m45">Tests.VisitorLoginTest#TC_005_VerifyVisitorEmpIDTextboxAcceptsNumbers</h3><table class="result"><tr><th>Exception</th></tr><tr><td><div class="stacktrace">java.lang.Throwable: Method VisitorLoginTest.TC_005_VerifyVisitorEmpIDTextboxAcceptsNumbers()[pri:5, instance:Tests.VisitorLoginTest@4b41e4dd] depends on not successfully finished methods
	at java.base/java.util.ArrayList.forEach(ArrayList.java:1596)
	at Tests.Main.main(Main.java:34)
... Removed 15 stack frames</div></td></tr></table><p class="totop"><a href="#summary">back to summary</a></p>
<h3 id="m46">Tests.VisitorLoginTest#TC_006_VerifyVisitorNameTextboxCharacterLimit</h3><table class="result"><tr><th>Exception</th></tr><tr><td><div class="stacktrace">java.lang.Throwable: Method VisitorLoginTest.TC_006_VerifyVisitorNameTextboxCharacterLimit()[pri:6, instance:Tests.VisitorLoginTest@4b41e4dd] depends on not successfully finished methods
	at java.base/java.util.ArrayList.forEach(ArrayList.java:1596)
	at Tests.Main.main(Main.java:34)
... Removed 15 stack frames</div></td></tr></table><p class="totop"><a href="#summary">back to summary</a></p>
<h3 id="m47">Tests.VisitorLoginTest#TC_007_VerifyVisitorNameTextboxAcceptsSpecialCharacters</h3><table class="result"><tr><th>Exception</th></tr><tr><td><div class="stacktrace">java.lang.Throwable: Method VisitorLoginTest.TC_007_VerifyVisitorNameTextboxAcceptsSpecialCharacters()[pri:7, instance:Tests.VisitorLoginTest@4b41e4dd] depends on not successfully finished methods
	at java.base/java.util.ArrayList.forEach(ArrayList.java:1596)
	at Tests.Main.main(Main.java:34)
... Removed 15 stack frames</div></td></tr></table><p class="totop"><a href="#summary">back to summary</a></p>
<h3 id="m48">Tests.VisitorLoginTest#TC_008_VerifyVisitorNameTextboxAcceptsNumbers</h3><table class="result"><tr><th>Exception</th></tr><tr><td><div class="stacktrace">java.lang.Throwable: Method VisitorLoginTest.TC_008_VerifyVisitorNameTextboxAcceptsNumbers()[pri:8, instance:Tests.VisitorLoginTest@4b41e4dd] depends on not successfully finished methods
	at java.base/java.util.ArrayList.forEach(ArrayList.java:1596)
	at Tests.Main.main(Main.java:34)
... Removed 15 stack frames</div></td></tr></table><p class="totop"><a href="#summary">back to summary</a></p>
<h3 id="m49">Tests.VisitorLoginTest#TC_009_VerifyDesignationTextboxCharacterLimit</h3><table class="result"><tr><th>Exception</th></tr><tr><td><div class="stacktrace">java.lang.Throwable: Method VisitorLoginTest.TC_009_VerifyDesignationTextboxCharacterLimit()[pri:9, instance:Tests.VisitorLoginTest@4b41e4dd] depends on not successfully finished methods
	at java.base/java.util.ArrayList.forEach(ArrayList.java:1596)
	at Tests.Main.main(Main.java:34)
... Removed 15 stack frames</div></td></tr></table><p class="totop"><a href="#summary">back to summary</a></p>
<h3 id="m50">Tests.VisitorLoginTest#TC_010_VerifyDesignationTextboxAcceptsSpecialCharacters</h3><table class="result"><tr><th>Exception</th></tr><tr><td><div class="stacktrace">java.lang.Throwable: Method VisitorLoginTest.TC_010_VerifyDesignationTextboxAcceptsSpecialCharacters()[pri:10, instance:Tests.VisitorLoginTest@4b41e4dd] depends on not successfully finished methods
	at java.base/java.util.ArrayList.forEach(ArrayList.java:1596)
	at Tests.Main.main(Main.java:34)
... Removed 15 stack frames</div></td></tr></table><p class="totop"><a href="#summary">back to summary</a></p>
<h3 id="m51">Tests.VisitorLoginTest#TC_011_VerifyDesignationTextboxAcceptsNumbers</h3><table class="result"><tr><th>Exception</th></tr><tr><td><div class="stacktrace">java.lang.Throwable: Method VisitorLoginTest.TC_011_VerifyDesignationTextboxAcceptsNumbers()[pri:11, instance:Tests.VisitorLoginTest@4b41e4dd] depends on not successfully finished methods
	at java.base/java.util.ArrayList.forEach(ArrayList.java:1596)
	at Tests.Main.main(Main.java:34)
... Removed 15 stack frames</div></td></tr></table><p class="totop"><a href="#summary">back to summary</a></p>
<h3 id="m52">Tests.VisitorLoginTest#TC_012_VerifyRemarksTextboxCharacterLimit</h3><table class="result"><tr><th>Exception</th></tr><tr><td><div class="stacktrace">java.lang.Throwable: Method VisitorLoginTest.TC_012_VerifyRemarksTextboxCharacterLimit()[pri:12, instance:Tests.VisitorLoginTest@4b41e4dd] depends on not successfully finished methods
	at java.base/java.util.ArrayList.forEach(ArrayList.java:1596)
	at Tests.Main.main(Main.java:34)
... Removed 15 stack frames</div></td></tr></table><p class="totop"><a href="#summary">back to summary</a></p>
<h3 id="m53">Tests.VisitorLoginTest#TC_013_VerifyRemarksTextboxAcceptsSpecialCharacters</h3><table class="result"><tr><th>Exception</th></tr><tr><td><div class="stacktrace">java.lang.Throwable: Method VisitorLoginTest.TC_013_VerifyRemarksTextboxAcceptsSpecialCharacters()[pri:13, instance:Tests.VisitorLoginTest@4b41e4dd] depends on not successfully finished methods
	at java.base/java.util.ArrayList.forEach(ArrayList.java:1596)
	at Tests.Main.main(Main.java:34)
... Removed 15 stack frames</div></td></tr></table><p class="totop"><a href="#summary">back to summary</a></p>
<h3 id="m54">Tests.VisitorLoginTest#TC_014_Verify_RemarksTextboxAcceptsNumbers</h3><table class="result"><tr><th>Exception</th></tr><tr><td><div class="stacktrace">java.lang.Throwable: Method VisitorLoginTest.TC_014_Verify_RemarksTextboxAcceptsNumbers()[pri:14, instance:Tests.VisitorLoginTest@4b41e4dd] depends on not successfully finished methods
	at java.base/java.util.ArrayList.forEach(ArrayList.java:1596)
	at Tests.Main.main(Main.java:34)
... Removed 15 stack frames</div></td></tr></table><p class="totop"><a href="#summary">back to summary</a></p>
<h3 id="m55">Tests.VisitorLoginTest#TC_015_Verify_Visitor_Upload</h3><table class="result"><tr><th>Exception</th></tr><tr><td><div class="stacktrace">java.lang.Throwable: Method VisitorLoginTest.TC_015_Verify_Visitor_Upload()[pri:15, instance:Tests.VisitorLoginTest@4b41e4dd] depends on not successfully finished methods
	at java.base/java.util.ArrayList.forEach(ArrayList.java:1596)
	at Tests.Main.main(Main.java:34)
... Removed 15 stack frames</div></td></tr></table><p class="totop"><a href="#summary">back to summary</a></p>
</body>
</html>
