<!DOCTYPE html>

<html>
  <head>
  <meta charset='utf-8'>
  <title>TestNG reports</title>

    <link type="text/css" href="testng-reports1.css" rel="stylesheet" id="ultra" />
    <link type="text/css" href="testng-reports.css" rel="stylesheet" id="retro" disabled="false"/>
    <script type="text/javascript" src="jquery.min.js"></script>
    <script type="text/javascript" src="testng-reports.js"></script>
    <script type="text/javascript" src="https://www.google.com/jsapi"></script>
    <script type='text/javascript'>
      google.load('visualization', '1', {packages:['table']});
      google.setOnLoadCallback(drawTable);
      var suiteTableInitFunctions = new Array();
      var suiteTableData = new Array();
    </script>
    <!--
      <script type="text/javascript" src="jquery-ui/js/jquery-ui-1.8.16.custom.min.js"></script>
     -->
  </head>

  <body>
    <div class="top-banner-root">
      <span class="top-banner-title-font">Test results</span>
      <button id="button" class="button">Switch Retro Theme</button> <!-- button -->
      <br/>
      <span class="top-banner-font-1">1 suite</span>
    </div> <!-- top-banner-root -->
    <div class="navigator-root">
      <div class="navigator-suite-header">
        <span>All suites</span>
        <a href="#" title="Collapse/expand all the suites" class="collapse-all-link">
          <img src="collapseall.gif" class="collapse-all-icon">
          </img> <!-- collapse-all-icon -->
        </a> <!-- collapse-all-link -->
      </div> <!-- navigator-suite-header -->
      <div class="suite">
        <div class="rounded-window">
          <div class="suite-header light-rounded-window-top">
            <a href="#" panel-name="suite-Regression_Suite" class="navigator-link">
              <span class="suite-name border-skipped">Regression Suite</span>
            </a> <!-- navigator-link -->
          </div> <!-- suite-header light-rounded-window-top -->
          <div class="navigator-suite-content">
            <div class="suite-section-title">
              <span>Info</span>
            </div> <!-- suite-section-title -->
            <div class="suite-section-content">
              <ul>
                <li>
                  <a href="#" panel-name="test-xml-Regression_Suite" class="navigator-link ">
                    <span>E:\Automation Workspace\FrameXMobile\src\test\resources\Runners\Regression.xml</span>
                  </a> <!-- navigator-link  -->
                </li>
                <li>
                  <a href="#" panel-name="testlist-Regression_Suite" class="navigator-link ">
                    <span class="test-stats">1 test</span>
                  </a> <!-- navigator-link  -->
                </li>
                <li>
                  <a href="#" panel-name="group-Regression_Suite" class="navigator-link ">
                    <span>3 groups</span>
                  </a> <!-- navigator-link  -->
                </li>
                <li>
                  <a href="#" panel-name="times-Regression_Suite" class="navigator-link ">
                    <span>Times</span>
                  </a> <!-- navigator-link  -->
                </li>
                <li>
                  <a href="#" panel-name="reporter-Regression_Suite" class="navigator-link ">
                    <span>Reporter output</span>
                  </a> <!-- navigator-link  -->
                </li>
                <li>
                  <a href="#" panel-name="ignored-methods-Regression_Suite" class="navigator-link ">
                    <span>Ignored methods</span>
                  </a> <!-- navigator-link  -->
                </li>
                <li>
                  <a href="#" panel-name="chronological-Regression_Suite" class="navigator-link ">
                    <span>Chronological view</span>
                  </a> <!-- navigator-link  -->
                </li>
              </ul>
            </div> <!-- suite-section-content -->
            <div class="result-section">
              <div class="suite-section-title">
                <span>Results</span>
              </div> <!-- suite-section-title -->
              <div class="suite-section-content">
                <ul>
                  <li>
                    <span class="method-stats">55 methods,  55 skipped,  </span>
                  </li>
                  <li>
                    <span class="method-list-title skipped">Skipped methods</span>
                    <span class="show-or-hide-methods skipped">
                      <a href="#" panel-name="suite-Regression_Suite" class="hide-methods skipped suite-Regression_Suite"> (hide)</a> <!-- hide-methods skipped suite-Regression_Suite -->
                      <a href="#" panel-name="suite-Regression_Suite" class="show-methods skipped suite-Regression_Suite"> (show)</a> <!-- show-methods skipped suite-Regression_Suite -->
                    </span>
                    <div class="method-list-content skipped suite-Regression_Suite">
                      <span>
                        <img src="skipped.png" width="3%"/>
                        <a href="#" panel-name="suite-Regression_Suite" title="Tests.ResourceCentreTest" class="method navigator-link" hash-for-method="TC002_VerifyPPTXFileDownloaded">TC002_VerifyPPTXFileDownloaded</a> <!-- method navigator-link -->
                      </span>
                      <br/>
                      <span>
                        <img src="skipped.png" width="3%"/>
                        <a href="#" panel-name="suite-Regression_Suite" title="Tests.ResourceCentreTest" class="method navigator-link" hash-for-method="TC003_VerifyMP4FileDownloaded">TC003_VerifyMP4FileDownloaded</a> <!-- method navigator-link -->
                      </span>
                      <br/>
                      <span>
                        <img src="skipped.png" width="3%"/>
                        <a href="#" panel-name="suite-Regression_Suite" title="Tests.ResourceCentreTest" class="method navigator-link" hash-for-method="TC004_VerifyPDFFileDownloaded">TC004_VerifyPDFFileDownloaded</a> <!-- method navigator-link -->
                      </span>
                      <br/>
                      <span>
                        <img src="skipped.png" width="3%"/>
                        <a href="#" panel-name="suite-Regression_Suite" title="Tests.ResourceCentreTest" class="method navigator-link" hash-for-method="TC005_VerifyDOCXFileDownloaded">TC005_VerifyDOCXFileDownloaded</a> <!-- method navigator-link -->
                      </span>
                      <br/>
                      <span>
                        <img src="skipped.png" width="3%"/>
                        <a href="#" panel-name="suite-Regression_Suite" title="Tests.ResourceCentreTest" class="method navigator-link" hash-for-method="TC006_VerifyJPGFileDownloaded">TC006_VerifyJPGFileDownloaded</a> <!-- method navigator-link -->
                      </span>
                      <br/>
                      <span>
                        <img src="skipped.png" width="3%"/>
                        <a href="#" panel-name="suite-Regression_Suite" title="Tests.ResourceCentreTest" class="method navigator-link" hash-for-method="TC007_VerifyXLSXFileDownloaded">TC007_VerifyXLSXFileDownloaded</a> <!-- method navigator-link -->
                      </span>
                      <br/>
                      <span>
                        <img src="skipped.png" width="3%"/>
                        <a href="#" panel-name="suite-Regression_Suite" title="Tests.AttendanceTest" class="method navigator-link" hash-for-method="TC_001_VerifyAttendanceModuleDisplayed">TC_001_VerifyAttendanceModuleDisplayed</a> <!-- method navigator-link -->
                      </span>
                      <br/>
                      <span>
                        <img src="skipped.png" width="3%"/>
                        <a href="#" panel-name="suite-Regression_Suite" title="Tests.DownloadcallsTest" class="method navigator-link" hash-for-method="TC_001_VerifyDownloadCallsModuleIsDisplayed">TC_001_VerifyDownloadCallsModuleIsDisplayed</a> <!-- method navigator-link -->
                      </span>
                      <br/>
                      <span>
                        <img src="skipped.png" width="3%"/>
                        <a href="#" panel-name="suite-Regression_Suite" title="Tests.VisitorLoginTest" class="method navigator-link" hash-for-method="TC_001_VerifyVisitorLoginModuleDisplayed">TC_001_VerifyVisitorLoginModuleDisplayed</a> <!-- method navigator-link -->
                      </span>
                      <br/>
                      <span>
                        <img src="skipped.png" width="3%"/>
                        <a href="#" panel-name="suite-Regression_Suite" title="Tests.CallPlanTest" class="method navigator-link" hash-for-method="TC_001_Verify_Call_Plan_Module_Displayed">TC_001_Verify_Call_Plan_Module_Displayed</a> <!-- method navigator-link -->
                      </span>
                      <br/>
                      <span>
                        <img src="skipped.png" width="3%"/>
                        <a href="#" panel-name="suite-Regression_Suite" title="Tests.LoginTest" class="method navigator-link" hash-for-method="TC_001_Verify_Login_With_Valid_Credentials">TC_001_Verify_Login_With_Valid_Credentials</a> <!-- method navigator-link -->
                      </span>
                      <br/>
                      <span>
                        <img src="skipped.png" width="3%"/>
                        <a href="#" panel-name="suite-Regression_Suite" title="Tests.ResourceCentreTest" class="method navigator-link" hash-for-method="TC_001_Verify_ResourceCenter_Module_Displayed">TC_001_Verify_ResourceCenter_Module_Displayed</a> <!-- method navigator-link -->
                      </span>
                      <br/>
                      <span>
                        <img src="skipped.png" width="3%"/>
                        <a href="#" panel-name="suite-Regression_Suite" title="Tests.AttendanceTest" class="method navigator-link" hash-for-method="TC_002_VerifyAttendanceWithoutCapturingImage">TC_002_VerifyAttendanceWithoutCapturingImage</a> <!-- method navigator-link -->
                      </span>
                      <br/>
                      <span>
                        <img src="skipped.png" width="3%"/>
                        <a href="#" panel-name="suite-Regression_Suite" title="Tests.DownloadcallsTest" class="method navigator-link" hash-for-method="TC_002_VerifyCallsAreDownloaded">TC_002_VerifyCallsAreDownloaded</a> <!-- method navigator-link -->
                      </span>
                      <br/>
                      <span>
                        <img src="skipped.png" width="3%"/>
                        <a href="#" panel-name="suite-Regression_Suite" title="Tests.VisitorLoginTest" class="method navigator-link" hash-for-method="TC_002_VerifySubmitButtonWithoutEnteringFields">TC_002_VerifySubmitButtonWithoutEnteringFields</a> <!-- method navigator-link -->
                      </span>
                      <br/>
                      <span>
                        <img src="skipped.png" width="3%"/>
                        <a href="#" panel-name="suite-Regression_Suite" title="Tests.LoginTest" class="method navigator-link" hash-for-method="TC_002_Verify_Login_With_Invalid_Username">TC_002_Verify_Login_With_Invalid_Username</a> <!-- method navigator-link -->
                      </span>
                      <br/>
                      <span>
                        <img src="skipped.png" width="3%"/>
                        <a href="#" panel-name="suite-Regression_Suite" title="Tests.CallPlanTest" class="method navigator-link" hash-for-method="TC_002_Verify_Sync_Button_Functionality">TC_002_Verify_Sync_Button_Functionality</a> <!-- method navigator-link -->
                      </span>
                      <br/>
                      <span>
                        <img src="skipped.png" width="3%"/>
                        <a href="#" panel-name="suite-Regression_Suite" title="Tests.AttendanceTest" class="method navigator-link" hash-for-method="TC_003_VerifyAttendanceSubmission">TC_003_VerifyAttendanceSubmission</a> <!-- method navigator-link -->
                      </span>
                      <br/>
                      <span>
                        <img src="skipped.png" width="3%"/>
                        <a href="#" panel-name="suite-Regression_Suite" title="Tests.DownloadcallsTest" class="method navigator-link" hash-for-method="TC_003_VerifyDuplicateCallDownload">TC_003_VerifyDuplicateCallDownload</a> <!-- method navigator-link -->
                      </span>
                      <br/>
                      <span>
                        <img src="skipped.png" width="3%"/>
                        <a href="#" panel-name="suite-Regression_Suite" title="Tests.VisitorLoginTest" class="method navigator-link" hash-for-method="TC_003_VerifyVisitorEmpIDTextboxCharacterLimit">TC_003_VerifyVisitorEmpIDTextboxCharacterLimit</a> <!-- method navigator-link -->
                      </span>
                      <br/>
                      <span>
                        <img src="skipped.png" width="3%"/>
                        <a href="#" panel-name="suite-Regression_Suite" title="Tests.CallPlanTest" class="method navigator-link" hash-for-method="TC_003_Verify_5_Minute_Sync_Process">TC_003_Verify_5_Minute_Sync_Process</a> <!-- method navigator-link -->
                      </span>
                      <br/>
                      <span>
                        <img src="skipped.png" width="3%"/>
                        <a href="#" panel-name="suite-Regression_Suite" title="Tests.LoginTest" class="method navigator-link" hash-for-method="TC_003_Verify_Login_With_Invalid_Password">TC_003_Verify_Login_With_Invalid_Password</a> <!-- method navigator-link -->
                      </span>
                      <br/>
                      <span>
                        <img src="skipped.png" width="3%"/>
                        <a href="#" panel-name="suite-Regression_Suite" title="Tests.AttendanceTest" class="method navigator-link" hash-for-method="TC_004_VerifyAttendanceRecordedInDatabase">TC_004_VerifyAttendanceRecordedInDatabase</a> <!-- method navigator-link -->
                      </span>
                      <br/>
                      <span>
                        <img src="skipped.png" width="3%"/>
                        <a href="#" panel-name="suite-Regression_Suite" title="Tests.DownloadcallsTest" class="method navigator-link" hash-for-method="TC_004_VerifyInvalidTargetDownload">TC_004_VerifyInvalidTargetDownload</a> <!-- method navigator-link -->
                      </span>
                      <br/>
                      <span>
                        <img src="skipped.png" width="3%"/>
                        <a href="#" panel-name="suite-Regression_Suite" title="Tests.VisitorLoginTest" class="method navigator-link" hash-for-method="TC_004_VerifyVisitorEmpIDTextboxAcceptsSpecialCharacters">TC_004_VerifyVisitorEmpIDTextboxAcceptsSpecialCharacters</a> <!-- method navigator-link -->
                      </span>
                      <br/>
                      <span>
                        <img src="skipped.png" width="3%"/>
                        <a href="#" panel-name="suite-Regression_Suite" title="Tests.LoginTest" class="method navigator-link" hash-for-method="TC_004_Verify_Login_With_Invalid_Project">TC_004_Verify_Login_With_Invalid_Project</a> <!-- method navigator-link -->
                      </span>
                      <br/>
                      <span>
                        <img src="skipped.png" width="3%"/>
                        <a href="#" panel-name="suite-Regression_Suite" title="Tests.DownloadcallsTest" class="method navigator-link" hash-for-method="TC_005_VerifyRemoveButtonFunctionality">TC_005_VerifyRemoveButtonFunctionality</a> <!-- method navigator-link -->
                      </span>
                      <br/>
                      <span>
                        <img src="skipped.png" width="3%"/>
                        <a href="#" panel-name="suite-Regression_Suite" title="Tests.VisitorLoginTest" class="method navigator-link" hash-for-method="TC_005_VerifyVisitorEmpIDTextboxAcceptsNumbers">TC_005_VerifyVisitorEmpIDTextboxAcceptsNumbers</a> <!-- method navigator-link -->
                      </span>
                      <br/>
                      <span>
                        <img src="skipped.png" width="3%"/>
                        <a href="#" panel-name="suite-Regression_Suite" title="Tests.LoginTest" class="method navigator-link" hash-for-method="TC_005_Verify_Login_With_Invalid_Mobile_Number">TC_005_Verify_Login_With_Invalid_Mobile_Number</a> <!-- method navigator-link -->
                      </span>
                      <br/>
                      <span>
                        <img src="skipped.png" width="3%"/>
                        <a href="#" panel-name="suite-Regression_Suite" title="Tests.CallPlanTest" class="method navigator-link" hash-for-method="TC_005_Verify_Upload_Button_Without_Completing_Form">TC_005_Verify_Upload_Button_Without_Completing_Form</a> <!-- method navigator-link -->
                      </span>
                      <br/>
                      <span>
                        <img src="skipped.png" width="3%"/>
                        <a href="#" panel-name="suite-Regression_Suite" title="Tests.DownloadcallsTest" class="method navigator-link" hash-for-method="TC_006_VerifySubmitButtonWithoutAddingTarget">TC_006_VerifySubmitButtonWithoutAddingTarget</a> <!-- method navigator-link -->
                      </span>
                      <br/>
                      <span>
                        <img src="skipped.png" width="3%"/>
                        <a href="#" panel-name="suite-Regression_Suite" title="Tests.VisitorLoginTest" class="method navigator-link" hash-for-method="TC_006_VerifyVisitorNameTextboxCharacterLimit">TC_006_VerifyVisitorNameTextboxCharacterLimit</a> <!-- method navigator-link -->
                      </span>
                      <br/>
                      <span>
                        <img src="skipped.png" width="3%"/>
                        <a href="#" panel-name="suite-Regression_Suite" title="Tests.LoginTest" class="method navigator-link" hash-for-method="TC_006_Verify_Login_Without_Entering_Username">TC_006_Verify_Login_Without_Entering_Username</a> <!-- method navigator-link -->
                      </span>
                      <br/>
                      <span>
                        <img src="skipped.png" width="3%"/>
                        <a href="#" panel-name="suite-Regression_Suite" title="Tests.DownloadcallsTest" class="method navigator-link" hash-for-method="TC_007_VerifyTargetIDTextboxCharacterLimit">TC_007_VerifyTargetIDTextboxCharacterLimit</a> <!-- method navigator-link -->
                      </span>
                      <br/>
                      <span>
                        <img src="skipped.png" width="3%"/>
                        <a href="#" panel-name="suite-Regression_Suite" title="Tests.VisitorLoginTest" class="method navigator-link" hash-for-method="TC_007_VerifyVisitorNameTextboxAcceptsSpecialCharacters">TC_007_VerifyVisitorNameTextboxAcceptsSpecialCharacters</a> <!-- method navigator-link -->
                      </span>
                      <br/>
                      <span>
                        <img src="skipped.png" width="3%"/>
                        <a href="#" panel-name="suite-Regression_Suite" title="Tests.LoginTest" class="method navigator-link" hash-for-method="TC_007_Verify_Login_Without_Entering_Password">TC_007_Verify_Login_Without_Entering_Password</a> <!-- method navigator-link -->
                      </span>
                      <br/>
                      <span>
                        <img src="skipped.png" width="3%"/>
                        <a href="#" panel-name="suite-Regression_Suite" title="Tests.VisitorLoginTest" class="method navigator-link" hash-for-method="TC_008_VerifyVisitorNameTextboxAcceptsNumbers">TC_008_VerifyVisitorNameTextboxAcceptsNumbers</a> <!-- method navigator-link -->
                      </span>
                      <br/>
                      <span>
                        <img src="skipped.png" width="3%"/>
                        <a href="#" panel-name="suite-Regression_Suite" title="Tests.LoginTest" class="method navigator-link" hash-for-method="TC_008_Verify_Login_Without_Entering_Project">TC_008_Verify_Login_Without_Entering_Project</a> <!-- method navigator-link -->
                      </span>
                      <br/>
                      <span>
                        <img src="skipped.png" width="3%"/>
                        <a href="#" panel-name="suite-Regression_Suite" title="Tests.VisitorLoginTest" class="method navigator-link" hash-for-method="TC_009_VerifyDesignationTextboxCharacterLimit">TC_009_VerifyDesignationTextboxCharacterLimit</a> <!-- method navigator-link -->
                      </span>
                      <br/>
                      <span>
                        <img src="skipped.png" width="3%"/>
                        <a href="#" panel-name="suite-Regression_Suite" title="Tests.CallPlanTest" class="method navigator-link" hash-for-method="TC_009_Verify_Call_Upload">TC_009_Verify_Call_Upload</a> <!-- method navigator-link -->
                      </span>
                      <br/>
                      <span>
                        <img src="skipped.png" width="3%"/>
                        <a href="#" panel-name="suite-Regression_Suite" title="Tests.LoginTest" class="method navigator-link" hash-for-method="TC_009_Verify_Login_Without_Entering_Mobile_Number">TC_009_Verify_Login_Without_Entering_Mobile_Number</a> <!-- method navigator-link -->
                      </span>
                      <br/>
                      <span>
                        <img src="skipped.png" width="3%"/>
                        <a href="#" panel-name="suite-Regression_Suite" title="Tests.VisitorLoginTest" class="method navigator-link" hash-for-method="TC_010_VerifyDesignationTextboxAcceptsSpecialCharacters">TC_010_VerifyDesignationTextboxAcceptsSpecialCharacters</a> <!-- method navigator-link -->
                      </span>
                      <br/>
                      <span>
                        <img src="skipped.png" width="3%"/>
                        <a href="#" panel-name="suite-Regression_Suite" title="Tests.LoginTest" class="method navigator-link" hash-for-method="TC_010_Verify_UsernameTextboxCharacterLimit">TC_010_Verify_UsernameTextboxCharacterLimit</a> <!-- method navigator-link -->
                      </span>
                      <br/>
                      <span>
                        <img src="skipped.png" width="3%"/>
                        <a href="#" panel-name="suite-Regression_Suite" title="Tests.VisitorLoginTest" class="method navigator-link" hash-for-method="TC_011_VerifyDesignationTextboxAcceptsNumbers">TC_011_VerifyDesignationTextboxAcceptsNumbers</a> <!-- method navigator-link -->
                      </span>
                      <br/>
                      <span>
                        <img src="skipped.png" width="3%"/>
                        <a href="#" panel-name="suite-Regression_Suite" title="Tests.LoginTest" class="method navigator-link" hash-for-method="TC_011_Verify_UsernameTextboxAcceptsSpecialCharacters">TC_011_Verify_UsernameTextboxAcceptsSpecialCharacters</a> <!-- method navigator-link -->
                      </span>
                      <br/>
                      <span>
                        <img src="skipped.png" width="3%"/>
                        <a href="#" panel-name="suite-Regression_Suite" title="Tests.VisitorLoginTest" class="method navigator-link" hash-for-method="TC_012_VerifyRemarksTextboxCharacterLimit">TC_012_VerifyRemarksTextboxCharacterLimit</a> <!-- method navigator-link -->
                      </span>
                      <br/>
                      <span>
                        <img src="skipped.png" width="3%"/>
                        <a href="#" panel-name="suite-Regression_Suite" title="Tests.LoginTest" class="method navigator-link" hash-for-method="TC_012_Verify_UsernameTextboxAcceptsNumbers">TC_012_Verify_UsernameTextboxAcceptsNumbers</a> <!-- method navigator-link -->
                      </span>
                      <br/>
                      <span>
                        <img src="skipped.png" width="3%"/>
                        <a href="#" panel-name="suite-Regression_Suite" title="Tests.VisitorLoginTest" class="method navigator-link" hash-for-method="TC_013_VerifyRemarksTextboxAcceptsSpecialCharacters">TC_013_VerifyRemarksTextboxAcceptsSpecialCharacters</a> <!-- method navigator-link -->
                      </span>
                      <br/>
                      <span>
                        <img src="skipped.png" width="3%"/>
                        <a href="#" panel-name="suite-Regression_Suite" title="Tests.LoginTest" class="method navigator-link" hash-for-method="TC_013_Verify_PasswordTextboxCharacterLimit">TC_013_Verify_PasswordTextboxCharacterLimit</a> <!-- method navigator-link -->
                      </span>
                      <br/>
                      <span>
                        <img src="skipped.png" width="3%"/>
                        <a href="#" panel-name="suite-Regression_Suite" title="Tests.LoginTest" class="method navigator-link" hash-for-method="TC_014_Verify_ProjectTextboxCharacterLimit">TC_014_Verify_ProjectTextboxCharacterLimit</a> <!-- method navigator-link -->
                      </span>
                      <br/>
                      <span>
                        <img src="skipped.png" width="3%"/>
                        <a href="#" panel-name="suite-Regression_Suite" title="Tests.VisitorLoginTest" class="method navigator-link" hash-for-method="TC_014_Verify_RemarksTextboxAcceptsNumbers">TC_014_Verify_RemarksTextboxAcceptsNumbers</a> <!-- method navigator-link -->
                      </span>
                      <br/>
                      <span>
                        <img src="skipped.png" width="3%"/>
                        <a href="#" panel-name="suite-Regression_Suite" title="Tests.LoginTest" class="method navigator-link" hash-for-method="TC_015_Verify_ProjectTextboxAcceptsSpecialCharacters">TC_015_Verify_ProjectTextboxAcceptsSpecialCharacters</a> <!-- method navigator-link -->
                      </span>
                      <br/>
                      <span>
                        <img src="skipped.png" width="3%"/>
                        <a href="#" panel-name="suite-Regression_Suite" title="Tests.VisitorLoginTest" class="method navigator-link" hash-for-method="TC_015_Verify_Visitor_Upload">TC_015_Verify_Visitor_Upload</a> <!-- method navigator-link -->
                      </span>
                      <br/>
                      <span>
                        <img src="skipped.png" width="3%"/>
                        <a href="#" panel-name="suite-Regression_Suite" title="Tests.LoginTest" class="method navigator-link" hash-for-method="TC_016_Verify_ProjectTextboxAcceptsNumbers">TC_016_Verify_ProjectTextboxAcceptsNumbers</a> <!-- method navigator-link -->
                      </span>
                      <br/>
                      <span>
                        <img src="skipped.png" width="3%"/>
                        <a href="#" panel-name="suite-Regression_Suite" title="Tests.LoginTest" class="method navigator-link" hash-for-method="TC_017_Verify_MobileNumberTextboxCharacterLimit">TC_017_Verify_MobileNumberTextboxCharacterLimit</a> <!-- method navigator-link -->
                      </span>
                      <br/>
                    </div> <!-- method-list-content skipped suite-Regression_Suite -->
                  </li>
                </ul>
              </div> <!-- suite-section-content -->
            </div> <!-- result-section -->
          </div> <!-- navigator-suite-content -->
        </div> <!-- rounded-window -->
      </div> <!-- suite -->
    </div> <!-- navigator-root -->
    <div class="wrapper">
      <div class="main-panel-root">
        <div panel-name="suite-Regression_Suite" class="panel Regression_Suite">
          <div class="suite-Regression_Suite-class-skipped">
            <div class="main-panel-header rounded-window-top">
              <img src="skipped.png"/>
              <span class="class-name">Tests.CallPlanTest</span>
            </div> <!-- main-panel-header rounded-window-top -->
            <div class="main-panel-content rounded-window-bottom">
              <div class="method">
                <div class="method-content">
                  <a name="TC_001_Verify_Call_Plan_Module_Displayed">
                  </a> <!-- TC_001_Verify_Call_Plan_Module_Displayed -->
                  <span class="method-name">TC_001_Verify_Call_Plan_Module_Displayed</span>
                  <div class="stack-trace">io.appium.java_client.service.local.AppiumServerHasNotBeenStartedLocallyException: The local appium server has not been started. The given Node.js executable: C:\Program Files\nodejs\node.exe Arguments: [C:\Users\Ezhil Rj\AppData\Roaming\npm\node_modules\appium\build\lib\main.js, --port, 4723, --address, 127.0.0.1] 
Process output: [35m[Appium][39m Welcome to Appium v2.5.4
[35m[Appium][39m Non-default server args:
[35m[Appium][39m { address: [32m&apos;127.0.0.1&apos;[39m }
[35m[Appium][39m The autodetected Appium home path: C:\Users\Ezhil Rj\.appium
[35m[Appium][39m Attempting to load driver uiautomator2...
[35m[Appium][39m Requiring driver at C:\Users\Ezhil Rj\.appium\node_modules\appium-uiautomator2-driver\build\index.js
reusing global emitter


	at io.appium.java_client.service.local.AppiumDriverLocalService.start(AppiumDriverLocalService.java:187)
	at Base.TestSetup.StartApp(TestSetup.java:82)
	at Tests.Main.main(Main.java:34)
Caused by: org.openqa.selenium.net.UrlChecker$TimeoutException: Timed out waiting for [http://127.0.0.1:4723/status] to be available after 20006 ms
	at org.openqa.selenium.net.UrlChecker.waitUntilAvailable(UrlChecker.java:89)
	at io.appium.java_client.service.local.AppiumDriverLocalService.ping(AppiumDriverLocalService.java:152)
	at io.appium.java_client.service.local.AppiumDriverLocalService.start(AppiumDriverLocalService.java:174)
	... 16 more
Caused by: java.util.concurrent.TimeoutException
	at java.base/java.util.concurrent.FutureTask.get(FutureTask.java:204)
	at org.openqa.selenium.net.UrlChecker.waitUntilAvailable(UrlChecker.java:87)
	... 18 more
... Removed 14 stack frames
</div> <!-- stack-trace -->
                </div> <!-- method-content -->
              </div> <!-- method -->
              <div class="method">
                <div class="method-content">
                  <a name="TC_002_Verify_Sync_Button_Functionality">
                  </a> <!-- TC_002_Verify_Sync_Button_Functionality -->
                  <span class="method-name">TC_002_Verify_Sync_Button_Functionality</span>
                  <div class="stack-trace">java.lang.Throwable: Method CallPlanTest.TC_002_Verify_Sync_Button_Functionality()[pri:2, instance:Tests.CallPlanTest@4372b9b6] depends on not successfully finished methods
	at java.base/java.util.ArrayList.forEach(ArrayList.java:1596)
	at Tests.Main.main(Main.java:34)
... Removed 15 stack frames
</div> <!-- stack-trace -->
                </div> <!-- method-content -->
              </div> <!-- method -->
              <div class="method">
                <div class="method-content">
                  <a name="TC_003_Verify_5_Minute_Sync_Process">
                  </a> <!-- TC_003_Verify_5_Minute_Sync_Process -->
                  <span class="method-name">TC_003_Verify_5_Minute_Sync_Process</span>
                  <div class="stack-trace">java.lang.Throwable: Method CallPlanTest.TC_003_Verify_5_Minute_Sync_Process()[pri:3, instance:Tests.CallPlanTest@4372b9b6] depends on not successfully finished methods
	at java.base/java.util.ArrayList.forEach(ArrayList.java:1596)
	at Tests.Main.main(Main.java:34)
... Removed 15 stack frames
</div> <!-- stack-trace -->
                </div> <!-- method-content -->
              </div> <!-- method -->
              <div class="method">
                <div class="method-content">
                  <a name="TC_005_Verify_Upload_Button_Without_Completing_Form">
                  </a> <!-- TC_005_Verify_Upload_Button_Without_Completing_Form -->
                  <span class="method-name">TC_005_Verify_Upload_Button_Without_Completing_Form</span>
                  <div class="stack-trace">java.lang.Throwable: Method CallPlanTest.TC_005_Verify_Upload_Button_Without_Completing_Form()[pri:4, instance:Tests.CallPlanTest@4372b9b6] depends on not successfully finished methods
	at java.base/java.util.ArrayList.forEach(ArrayList.java:1596)
	at Tests.Main.main(Main.java:34)
... Removed 15 stack frames
</div> <!-- stack-trace -->
                </div> <!-- method-content -->
              </div> <!-- method -->
              <div class="method">
                <div class="method-content">
                  <a name="TC_009_Verify_Call_Upload">
                  </a> <!-- TC_009_Verify_Call_Upload -->
                  <span class="method-name">TC_009_Verify_Call_Upload</span>
                  <div class="stack-trace">java.lang.Throwable: Method CallPlanTest.TC_009_Verify_Call_Upload()[pri:5, instance:Tests.CallPlanTest@4372b9b6] depends on not successfully finished methods
	at java.base/java.util.ArrayList.forEach(ArrayList.java:1596)
	at Tests.Main.main(Main.java:34)
... Removed 15 stack frames
</div> <!-- stack-trace -->
                </div> <!-- method-content -->
              </div> <!-- method -->
            </div> <!-- main-panel-content rounded-window-bottom -->
          </div> <!-- suite-Regression_Suite-class-skipped -->
          <div class="suite-Regression_Suite-class-skipped">
            <div class="main-panel-header rounded-window-top">
              <img src="skipped.png"/>
              <span class="class-name">Tests.LoginTest</span>
            </div> <!-- main-panel-header rounded-window-top -->
            <div class="main-panel-content rounded-window-bottom">
              <div class="method">
                <div class="method-content">
                  <a name="TC_001_Verify_Login_With_Valid_Credentials">
                  </a> <!-- TC_001_Verify_Login_With_Valid_Credentials -->
                  <span class="method-name">TC_001_Verify_Login_With_Valid_Credentials</span>
                  <div class="stack-trace">io.appium.java_client.service.local.AppiumServerHasNotBeenStartedLocallyException: The local appium server has not been started. The given Node.js executable: C:\Program Files\nodejs\node.exe Arguments: [C:\Users\Ezhil Rj\AppData\Roaming\npm\node_modules\appium\build\lib\main.js, --port, 4723, --address, 127.0.0.1] 
Process output: [35m[Appium][39m Welcome to Appium v2.5.4
[35m[Appium][39m Non-default server args:
[35m[Appium][39m { address: [32m&apos;127.0.0.1&apos;[39m }
[35m[Appium][39m The autodetected Appium home path: C:\Users\Ezhil Rj\.appium
[35m[Appium][39m Attempting to load driver uiautomator2...
[35m[Appium][39m Requiring driver at C:\Users\Ezhil Rj\.appium\node_modules\appium-uiautomator2-driver\build\index.js
reusing global emitter


	at io.appium.java_client.service.local.AppiumDriverLocalService.start(AppiumDriverLocalService.java:187)
	at Base.TestSetup.StartApp(TestSetup.java:82)
	at Tests.Main.main(Main.java:34)
Caused by: org.openqa.selenium.net.UrlChecker$TimeoutException: Timed out waiting for [http://127.0.0.1:4723/status] to be available after 20006 ms
	at org.openqa.selenium.net.UrlChecker.waitUntilAvailable(UrlChecker.java:89)
	at io.appium.java_client.service.local.AppiumDriverLocalService.ping(AppiumDriverLocalService.java:152)
	at io.appium.java_client.service.local.AppiumDriverLocalService.start(AppiumDriverLocalService.java:174)
	... 16 more
Caused by: java.util.concurrent.TimeoutException
	at java.base/java.util.concurrent.FutureTask.get(FutureTask.java:204)
	at org.openqa.selenium.net.UrlChecker.waitUntilAvailable(UrlChecker.java:87)
	... 18 more
... Removed 14 stack frames
</div> <!-- stack-trace -->
                </div> <!-- method-content -->
              </div> <!-- method -->
              <div class="method">
                <div class="method-content">
                  <a name="TC_002_Verify_Login_With_Invalid_Username">
                  </a> <!-- TC_002_Verify_Login_With_Invalid_Username -->
                  <span class="method-name">TC_002_Verify_Login_With_Invalid_Username</span>
                  <div class="stack-trace">io.appium.java_client.service.local.AppiumServerHasNotBeenStartedLocallyException: The local appium server has not been started. The given Node.js executable: C:\Program Files\nodejs\node.exe Arguments: [C:\Users\Ezhil Rj\AppData\Roaming\npm\node_modules\appium\build\lib\main.js, --port, 4723, --address, 127.0.0.1] 
Process output: [35m[Appium][39m Welcome to Appium v2.5.4
[35m[Appium][39m Non-default server args:
[35m[Appium][39m { address: [32m&apos;127.0.0.1&apos;[39m }
[35m[Appium][39m The autodetected Appium home path: C:\Users\Ezhil Rj\.appium
[35m[Appium][39m Attempting to load driver uiautomator2...
[35m[Appium][39m Requiring driver at C:\Users\Ezhil Rj\.appium\node_modules\appium-uiautomator2-driver\build\index.js
reusing global emitter


	at io.appium.java_client.service.local.AppiumDriverLocalService.start(AppiumDriverLocalService.java:187)
	at Base.TestSetup.StartApp(TestSetup.java:82)
	at Tests.Main.main(Main.java:34)
Caused by: org.openqa.selenium.net.UrlChecker$TimeoutException: Timed out waiting for [http://127.0.0.1:4723/status] to be available after 20006 ms
	at org.openqa.selenium.net.UrlChecker.waitUntilAvailable(UrlChecker.java:89)
	at io.appium.java_client.service.local.AppiumDriverLocalService.ping(AppiumDriverLocalService.java:152)
	at io.appium.java_client.service.local.AppiumDriverLocalService.start(AppiumDriverLocalService.java:174)
	... 16 more
Caused by: java.util.concurrent.TimeoutException
	at java.base/java.util.concurrent.FutureTask.get(FutureTask.java:204)
	at org.openqa.selenium.net.UrlChecker.waitUntilAvailable(UrlChecker.java:87)
	... 18 more
... Removed 14 stack frames
</div> <!-- stack-trace -->
                </div> <!-- method-content -->
              </div> <!-- method -->
              <div class="method">
                <div class="method-content">
                  <a name="TC_003_Verify_Login_With_Invalid_Password">
                  </a> <!-- TC_003_Verify_Login_With_Invalid_Password -->
                  <span class="method-name">TC_003_Verify_Login_With_Invalid_Password</span>
                  <div class="stack-trace">io.appium.java_client.service.local.AppiumServerHasNotBeenStartedLocallyException: The local appium server has not been started. The given Node.js executable: C:\Program Files\nodejs\node.exe Arguments: [C:\Users\Ezhil Rj\AppData\Roaming\npm\node_modules\appium\build\lib\main.js, --port, 4723, --address, 127.0.0.1] 
Process output: [35m[Appium][39m Welcome to Appium v2.5.4
[35m[Appium][39m Non-default server args:
[35m[Appium][39m { address: [32m&apos;127.0.0.1&apos;[39m }
[35m[Appium][39m The autodetected Appium home path: C:\Users\Ezhil Rj\.appium
[35m[Appium][39m Attempting to load driver uiautomator2...
[35m[Appium][39m Requiring driver at C:\Users\Ezhil Rj\.appium\node_modules\appium-uiautomator2-driver\build\index.js
reusing global emitter


	at io.appium.java_client.service.local.AppiumDriverLocalService.start(AppiumDriverLocalService.java:187)
	at Base.TestSetup.StartApp(TestSetup.java:82)
	at Tests.Main.main(Main.java:34)
Caused by: org.openqa.selenium.net.UrlChecker$TimeoutException: Timed out waiting for [http://127.0.0.1:4723/status] to be available after 20006 ms
	at org.openqa.selenium.net.UrlChecker.waitUntilAvailable(UrlChecker.java:89)
	at io.appium.java_client.service.local.AppiumDriverLocalService.ping(AppiumDriverLocalService.java:152)
	at io.appium.java_client.service.local.AppiumDriverLocalService.start(AppiumDriverLocalService.java:174)
	... 16 more
Caused by: java.util.concurrent.TimeoutException
	at java.base/java.util.concurrent.FutureTask.get(FutureTask.java:204)
	at org.openqa.selenium.net.UrlChecker.waitUntilAvailable(UrlChecker.java:87)
	... 18 more
... Removed 14 stack frames
</div> <!-- stack-trace -->
                </div> <!-- method-content -->
              </div> <!-- method -->
              <div class="method">
                <div class="method-content">
                  <a name="TC_004_Verify_Login_With_Invalid_Project">
                  </a> <!-- TC_004_Verify_Login_With_Invalid_Project -->
                  <span class="method-name">TC_004_Verify_Login_With_Invalid_Project</span>
                  <div class="stack-trace">io.appium.java_client.service.local.AppiumServerHasNotBeenStartedLocallyException: The local appium server has not been started. The given Node.js executable: C:\Program Files\nodejs\node.exe Arguments: [C:\Users\Ezhil Rj\AppData\Roaming\npm\node_modules\appium\build\lib\main.js, --port, 4723, --address, 127.0.0.1] 
Process output: [35m[Appium][39m Welcome to Appium v2.5.4
[35m[Appium][39m Non-default server args:
[35m[Appium][39m { address: [32m&apos;127.0.0.1&apos;[39m }
[35m[Appium][39m The autodetected Appium home path: C:\Users\Ezhil Rj\.appium
[35m[Appium][39m Attempting to load driver uiautomator2...
[35m[Appium][39m Requiring driver at C:\Users\Ezhil Rj\.appium\node_modules\appium-uiautomator2-driver\build\index.js
reusing global emitter


	at io.appium.java_client.service.local.AppiumDriverLocalService.start(AppiumDriverLocalService.java:187)
	at Base.TestSetup.StartApp(TestSetup.java:82)
	at Tests.Main.main(Main.java:34)
Caused by: org.openqa.selenium.net.UrlChecker$TimeoutException: Timed out waiting for [http://127.0.0.1:4723/status] to be available after 20006 ms
	at org.openqa.selenium.net.UrlChecker.waitUntilAvailable(UrlChecker.java:89)
	at io.appium.java_client.service.local.AppiumDriverLocalService.ping(AppiumDriverLocalService.java:152)
	at io.appium.java_client.service.local.AppiumDriverLocalService.start(AppiumDriverLocalService.java:174)
	... 16 more
Caused by: java.util.concurrent.TimeoutException
	at java.base/java.util.concurrent.FutureTask.get(FutureTask.java:204)
	at org.openqa.selenium.net.UrlChecker.waitUntilAvailable(UrlChecker.java:87)
	... 18 more
... Removed 14 stack frames
</div> <!-- stack-trace -->
                </div> <!-- method-content -->
              </div> <!-- method -->
              <div class="method">
                <div class="method-content">
                  <a name="TC_005_Verify_Login_With_Invalid_Mobile_Number">
                  </a> <!-- TC_005_Verify_Login_With_Invalid_Mobile_Number -->
                  <span class="method-name">TC_005_Verify_Login_With_Invalid_Mobile_Number</span>
                  <div class="stack-trace">io.appium.java_client.service.local.AppiumServerHasNotBeenStartedLocallyException: The local appium server has not been started. The given Node.js executable: C:\Program Files\nodejs\node.exe Arguments: [C:\Users\Ezhil Rj\AppData\Roaming\npm\node_modules\appium\build\lib\main.js, --port, 4723, --address, 127.0.0.1] 
Process output: [35m[Appium][39m Welcome to Appium v2.5.4
[35m[Appium][39m Non-default server args:
[35m[Appium][39m { address: [32m&apos;127.0.0.1&apos;[39m }
[35m[Appium][39m The autodetected Appium home path: C:\Users\Ezhil Rj\.appium
[35m[Appium][39m Attempting to load driver uiautomator2...
[35m[Appium][39m Requiring driver at C:\Users\Ezhil Rj\.appium\node_modules\appium-uiautomator2-driver\build\index.js
reusing global emitter


	at io.appium.java_client.service.local.AppiumDriverLocalService.start(AppiumDriverLocalService.java:187)
	at Base.TestSetup.StartApp(TestSetup.java:82)
	at Tests.Main.main(Main.java:34)
Caused by: org.openqa.selenium.net.UrlChecker$TimeoutException: Timed out waiting for [http://127.0.0.1:4723/status] to be available after 20006 ms
	at org.openqa.selenium.net.UrlChecker.waitUntilAvailable(UrlChecker.java:89)
	at io.appium.java_client.service.local.AppiumDriverLocalService.ping(AppiumDriverLocalService.java:152)
	at io.appium.java_client.service.local.AppiumDriverLocalService.start(AppiumDriverLocalService.java:174)
	... 16 more
Caused by: java.util.concurrent.TimeoutException
	at java.base/java.util.concurrent.FutureTask.get(FutureTask.java:204)
	at org.openqa.selenium.net.UrlChecker.waitUntilAvailable(UrlChecker.java:87)
	... 18 more
... Removed 14 stack frames
</div> <!-- stack-trace -->
                </div> <!-- method-content -->
              </div> <!-- method -->
              <div class="method">
                <div class="method-content">
                  <a name="TC_006_Verify_Login_Without_Entering_Username">
                  </a> <!-- TC_006_Verify_Login_Without_Entering_Username -->
                  <span class="method-name">TC_006_Verify_Login_Without_Entering_Username</span>
                  <div class="stack-trace">io.appium.java_client.service.local.AppiumServerHasNotBeenStartedLocallyException: The local appium server has not been started. The given Node.js executable: C:\Program Files\nodejs\node.exe Arguments: [C:\Users\Ezhil Rj\AppData\Roaming\npm\node_modules\appium\build\lib\main.js, --port, 4723, --address, 127.0.0.1] 
Process output: [35m[Appium][39m Welcome to Appium v2.5.4
[35m[Appium][39m Non-default server args:
[35m[Appium][39m { address: [32m&apos;127.0.0.1&apos;[39m }
[35m[Appium][39m The autodetected Appium home path: C:\Users\Ezhil Rj\.appium
[35m[Appium][39m Attempting to load driver uiautomator2...
[35m[Appium][39m Requiring driver at C:\Users\Ezhil Rj\.appium\node_modules\appium-uiautomator2-driver\build\index.js
reusing global emitter


	at io.appium.java_client.service.local.AppiumDriverLocalService.start(AppiumDriverLocalService.java:187)
	at Base.TestSetup.StartApp(TestSetup.java:82)
	at Tests.Main.main(Main.java:34)
Caused by: org.openqa.selenium.net.UrlChecker$TimeoutException: Timed out waiting for [http://127.0.0.1:4723/status] to be available after 20006 ms
	at org.openqa.selenium.net.UrlChecker.waitUntilAvailable(UrlChecker.java:89)
	at io.appium.java_client.service.local.AppiumDriverLocalService.ping(AppiumDriverLocalService.java:152)
	at io.appium.java_client.service.local.AppiumDriverLocalService.start(AppiumDriverLocalService.java:174)
	... 16 more
Caused by: java.util.concurrent.TimeoutException
	at java.base/java.util.concurrent.FutureTask.get(FutureTask.java:204)
	at org.openqa.selenium.net.UrlChecker.waitUntilAvailable(UrlChecker.java:87)
	... 18 more
... Removed 14 stack frames
</div> <!-- stack-trace -->
                </div> <!-- method-content -->
              </div> <!-- method -->
              <div class="method">
                <div class="method-content">
                  <a name="TC_007_Verify_Login_Without_Entering_Password">
                  </a> <!-- TC_007_Verify_Login_Without_Entering_Password -->
                  <span class="method-name">TC_007_Verify_Login_Without_Entering_Password</span>
                  <div class="stack-trace">io.appium.java_client.service.local.AppiumServerHasNotBeenStartedLocallyException: The local appium server has not been started. The given Node.js executable: C:\Program Files\nodejs\node.exe Arguments: [C:\Users\Ezhil Rj\AppData\Roaming\npm\node_modules\appium\build\lib\main.js, --port, 4723, --address, 127.0.0.1] 
Process output: [35m[Appium][39m Welcome to Appium v2.5.4
[35m[Appium][39m Non-default server args:
[35m[Appium][39m { address: [32m&apos;127.0.0.1&apos;[39m }
[35m[Appium][39m The autodetected Appium home path: C:\Users\Ezhil Rj\.appium
[35m[Appium][39m Attempting to load driver uiautomator2...
[35m[Appium][39m Requiring driver at C:\Users\Ezhil Rj\.appium\node_modules\appium-uiautomator2-driver\build\index.js
reusing global emitter


	at io.appium.java_client.service.local.AppiumDriverLocalService.start(AppiumDriverLocalService.java:187)
	at Base.TestSetup.StartApp(TestSetup.java:82)
	at Tests.Main.main(Main.java:34)
Caused by: org.openqa.selenium.net.UrlChecker$TimeoutException: Timed out waiting for [http://127.0.0.1:4723/status] to be available after 20006 ms
	at org.openqa.selenium.net.UrlChecker.waitUntilAvailable(UrlChecker.java:89)
	at io.appium.java_client.service.local.AppiumDriverLocalService.ping(AppiumDriverLocalService.java:152)
	at io.appium.java_client.service.local.AppiumDriverLocalService.start(AppiumDriverLocalService.java:174)
	... 16 more
Caused by: java.util.concurrent.TimeoutException
	at java.base/java.util.concurrent.FutureTask.get(FutureTask.java:204)
	at org.openqa.selenium.net.UrlChecker.waitUntilAvailable(UrlChecker.java:87)
	... 18 more
... Removed 14 stack frames
</div> <!-- stack-trace -->
                </div> <!-- method-content -->
              </div> <!-- method -->
              <div class="method">
                <div class="method-content">
                  <a name="TC_008_Verify_Login_Without_Entering_Project">
                  </a> <!-- TC_008_Verify_Login_Without_Entering_Project -->
                  <span class="method-name">TC_008_Verify_Login_Without_Entering_Project</span>
                  <div class="stack-trace">io.appium.java_client.service.local.AppiumServerHasNotBeenStartedLocallyException: The local appium server has not been started. The given Node.js executable: C:\Program Files\nodejs\node.exe Arguments: [C:\Users\Ezhil Rj\AppData\Roaming\npm\node_modules\appium\build\lib\main.js, --port, 4723, --address, 127.0.0.1] 
Process output: [35m[Appium][39m Welcome to Appium v2.5.4
[35m[Appium][39m Non-default server args:
[35m[Appium][39m { address: [32m&apos;127.0.0.1&apos;[39m }
[35m[Appium][39m The autodetected Appium home path: C:\Users\Ezhil Rj\.appium
[35m[Appium][39m Attempting to load driver uiautomator2...
[35m[Appium][39m Requiring driver at C:\Users\Ezhil Rj\.appium\node_modules\appium-uiautomator2-driver\build\index.js
reusing global emitter


	at io.appium.java_client.service.local.AppiumDriverLocalService.start(AppiumDriverLocalService.java:187)
	at Base.TestSetup.StartApp(TestSetup.java:82)
	at Tests.Main.main(Main.java:34)
Caused by: org.openqa.selenium.net.UrlChecker$TimeoutException: Timed out waiting for [http://127.0.0.1:4723/status] to be available after 20006 ms
	at org.openqa.selenium.net.UrlChecker.waitUntilAvailable(UrlChecker.java:89)
	at io.appium.java_client.service.local.AppiumDriverLocalService.ping(AppiumDriverLocalService.java:152)
	at io.appium.java_client.service.local.AppiumDriverLocalService.start(AppiumDriverLocalService.java:174)
	... 16 more
Caused by: java.util.concurrent.TimeoutException
	at java.base/java.util.concurrent.FutureTask.get(FutureTask.java:204)
	at org.openqa.selenium.net.UrlChecker.waitUntilAvailable(UrlChecker.java:87)
	... 18 more
... Removed 14 stack frames
</div> <!-- stack-trace -->
                </div> <!-- method-content -->
              </div> <!-- method -->
              <div class="method">
                <div class="method-content">
                  <a name="TC_009_Verify_Login_Without_Entering_Mobile_Number">
                  </a> <!-- TC_009_Verify_Login_Without_Entering_Mobile_Number -->
                  <span class="method-name">TC_009_Verify_Login_Without_Entering_Mobile_Number</span>
                  <div class="stack-trace">io.appium.java_client.service.local.AppiumServerHasNotBeenStartedLocallyException: The local appium server has not been started. The given Node.js executable: C:\Program Files\nodejs\node.exe Arguments: [C:\Users\Ezhil Rj\AppData\Roaming\npm\node_modules\appium\build\lib\main.js, --port, 4723, --address, 127.0.0.1] 
Process output: [35m[Appium][39m Welcome to Appium v2.5.4
[35m[Appium][39m Non-default server args:
[35m[Appium][39m { address: [32m&apos;127.0.0.1&apos;[39m }
[35m[Appium][39m The autodetected Appium home path: C:\Users\Ezhil Rj\.appium
[35m[Appium][39m Attempting to load driver uiautomator2...
[35m[Appium][39m Requiring driver at C:\Users\Ezhil Rj\.appium\node_modules\appium-uiautomator2-driver\build\index.js
reusing global emitter


	at io.appium.java_client.service.local.AppiumDriverLocalService.start(AppiumDriverLocalService.java:187)
	at Base.TestSetup.StartApp(TestSetup.java:82)
	at Tests.Main.main(Main.java:34)
Caused by: org.openqa.selenium.net.UrlChecker$TimeoutException: Timed out waiting for [http://127.0.0.1:4723/status] to be available after 20006 ms
	at org.openqa.selenium.net.UrlChecker.waitUntilAvailable(UrlChecker.java:89)
	at io.appium.java_client.service.local.AppiumDriverLocalService.ping(AppiumDriverLocalService.java:152)
	at io.appium.java_client.service.local.AppiumDriverLocalService.start(AppiumDriverLocalService.java:174)
	... 16 more
Caused by: java.util.concurrent.TimeoutException
	at java.base/java.util.concurrent.FutureTask.get(FutureTask.java:204)
	at org.openqa.selenium.net.UrlChecker.waitUntilAvailable(UrlChecker.java:87)
	... 18 more
... Removed 14 stack frames
</div> <!-- stack-trace -->
                </div> <!-- method-content -->
              </div> <!-- method -->
              <div class="method">
                <div class="method-content">
                  <a name="TC_010_Verify_UsernameTextboxCharacterLimit">
                  </a> <!-- TC_010_Verify_UsernameTextboxCharacterLimit -->
                  <span class="method-name">TC_010_Verify_UsernameTextboxCharacterLimit</span>
                  <div class="stack-trace">io.appium.java_client.service.local.AppiumServerHasNotBeenStartedLocallyException: The local appium server has not been started. The given Node.js executable: C:\Program Files\nodejs\node.exe Arguments: [C:\Users\Ezhil Rj\AppData\Roaming\npm\node_modules\appium\build\lib\main.js, --port, 4723, --address, 127.0.0.1] 
Process output: [35m[Appium][39m Welcome to Appium v2.5.4
[35m[Appium][39m Non-default server args:
[35m[Appium][39m { address: [32m&apos;127.0.0.1&apos;[39m }
[35m[Appium][39m The autodetected Appium home path: C:\Users\Ezhil Rj\.appium
[35m[Appium][39m Attempting to load driver uiautomator2...
[35m[Appium][39m Requiring driver at C:\Users\Ezhil Rj\.appium\node_modules\appium-uiautomator2-driver\build\index.js
reusing global emitter


	at io.appium.java_client.service.local.AppiumDriverLocalService.start(AppiumDriverLocalService.java:187)
	at Base.TestSetup.StartApp(TestSetup.java:82)
	at Tests.Main.main(Main.java:34)
Caused by: org.openqa.selenium.net.UrlChecker$TimeoutException: Timed out waiting for [http://127.0.0.1:4723/status] to be available after 20006 ms
	at org.openqa.selenium.net.UrlChecker.waitUntilAvailable(UrlChecker.java:89)
	at io.appium.java_client.service.local.AppiumDriverLocalService.ping(AppiumDriverLocalService.java:152)
	at io.appium.java_client.service.local.AppiumDriverLocalService.start(AppiumDriverLocalService.java:174)
	... 16 more
Caused by: java.util.concurrent.TimeoutException
	at java.base/java.util.concurrent.FutureTask.get(FutureTask.java:204)
	at org.openqa.selenium.net.UrlChecker.waitUntilAvailable(UrlChecker.java:87)
	... 18 more
... Removed 14 stack frames
</div> <!-- stack-trace -->
                </div> <!-- method-content -->
              </div> <!-- method -->
              <div class="method">
                <div class="method-content">
                  <a name="TC_011_Verify_UsernameTextboxAcceptsSpecialCharacters">
                  </a> <!-- TC_011_Verify_UsernameTextboxAcceptsSpecialCharacters -->
                  <span class="method-name">TC_011_Verify_UsernameTextboxAcceptsSpecialCharacters</span>
                  <div class="stack-trace">io.appium.java_client.service.local.AppiumServerHasNotBeenStartedLocallyException: The local appium server has not been started. The given Node.js executable: C:\Program Files\nodejs\node.exe Arguments: [C:\Users\Ezhil Rj\AppData\Roaming\npm\node_modules\appium\build\lib\main.js, --port, 4723, --address, 127.0.0.1] 
Process output: [35m[Appium][39m Welcome to Appium v2.5.4
[35m[Appium][39m Non-default server args:
[35m[Appium][39m { address: [32m&apos;127.0.0.1&apos;[39m }
[35m[Appium][39m The autodetected Appium home path: C:\Users\Ezhil Rj\.appium
[35m[Appium][39m Attempting to load driver uiautomator2...
[35m[Appium][39m Requiring driver at C:\Users\Ezhil Rj\.appium\node_modules\appium-uiautomator2-driver\build\index.js
reusing global emitter


	at io.appium.java_client.service.local.AppiumDriverLocalService.start(AppiumDriverLocalService.java:187)
	at Base.TestSetup.StartApp(TestSetup.java:82)
	at Tests.Main.main(Main.java:34)
Caused by: org.openqa.selenium.net.UrlChecker$TimeoutException: Timed out waiting for [http://127.0.0.1:4723/status] to be available after 20006 ms
	at org.openqa.selenium.net.UrlChecker.waitUntilAvailable(UrlChecker.java:89)
	at io.appium.java_client.service.local.AppiumDriverLocalService.ping(AppiumDriverLocalService.java:152)
	at io.appium.java_client.service.local.AppiumDriverLocalService.start(AppiumDriverLocalService.java:174)
	... 16 more
Caused by: java.util.concurrent.TimeoutException
	at java.base/java.util.concurrent.FutureTask.get(FutureTask.java:204)
	at org.openqa.selenium.net.UrlChecker.waitUntilAvailable(UrlChecker.java:87)
	... 18 more
... Removed 14 stack frames
</div> <!-- stack-trace -->
                </div> <!-- method-content -->
              </div> <!-- method -->
              <div class="method">
                <div class="method-content">
                  <a name="TC_012_Verify_UsernameTextboxAcceptsNumbers">
                  </a> <!-- TC_012_Verify_UsernameTextboxAcceptsNumbers -->
                  <span class="method-name">TC_012_Verify_UsernameTextboxAcceptsNumbers</span>
                  <div class="stack-trace">io.appium.java_client.service.local.AppiumServerHasNotBeenStartedLocallyException: The local appium server has not been started. The given Node.js executable: C:\Program Files\nodejs\node.exe Arguments: [C:\Users\Ezhil Rj\AppData\Roaming\npm\node_modules\appium\build\lib\main.js, --port, 4723, --address, 127.0.0.1] 
Process output: [35m[Appium][39m Welcome to Appium v2.5.4
[35m[Appium][39m Non-default server args:
[35m[Appium][39m { address: [32m&apos;127.0.0.1&apos;[39m }
[35m[Appium][39m The autodetected Appium home path: C:\Users\Ezhil Rj\.appium
[35m[Appium][39m Attempting to load driver uiautomator2...
[35m[Appium][39m Requiring driver at C:\Users\Ezhil Rj\.appium\node_modules\appium-uiautomator2-driver\build\index.js
reusing global emitter


	at io.appium.java_client.service.local.AppiumDriverLocalService.start(AppiumDriverLocalService.java:187)
	at Base.TestSetup.StartApp(TestSetup.java:82)
	at Tests.Main.main(Main.java:34)
Caused by: org.openqa.selenium.net.UrlChecker$TimeoutException: Timed out waiting for [http://127.0.0.1:4723/status] to be available after 20006 ms
	at org.openqa.selenium.net.UrlChecker.waitUntilAvailable(UrlChecker.java:89)
	at io.appium.java_client.service.local.AppiumDriverLocalService.ping(AppiumDriverLocalService.java:152)
	at io.appium.java_client.service.local.AppiumDriverLocalService.start(AppiumDriverLocalService.java:174)
	... 16 more
Caused by: java.util.concurrent.TimeoutException
	at java.base/java.util.concurrent.FutureTask.get(FutureTask.java:204)
	at org.openqa.selenium.net.UrlChecker.waitUntilAvailable(UrlChecker.java:87)
	... 18 more
... Removed 14 stack frames
</div> <!-- stack-trace -->
                </div> <!-- method-content -->
              </div> <!-- method -->
              <div class="method">
                <div class="method-content">
                  <a name="TC_013_Verify_PasswordTextboxCharacterLimit">
                  </a> <!-- TC_013_Verify_PasswordTextboxCharacterLimit -->
                  <span class="method-name">TC_013_Verify_PasswordTextboxCharacterLimit</span>
                  <div class="stack-trace">io.appium.java_client.service.local.AppiumServerHasNotBeenStartedLocallyException: The local appium server has not been started. The given Node.js executable: C:\Program Files\nodejs\node.exe Arguments: [C:\Users\Ezhil Rj\AppData\Roaming\npm\node_modules\appium\build\lib\main.js, --port, 4723, --address, 127.0.0.1] 
Process output: [35m[Appium][39m Welcome to Appium v2.5.4
[35m[Appium][39m Non-default server args:
[35m[Appium][39m { address: [32m&apos;127.0.0.1&apos;[39m }
[35m[Appium][39m The autodetected Appium home path: C:\Users\Ezhil Rj\.appium
[35m[Appium][39m Attempting to load driver uiautomator2...
[35m[Appium][39m Requiring driver at C:\Users\Ezhil Rj\.appium\node_modules\appium-uiautomator2-driver\build\index.js
reusing global emitter


	at io.appium.java_client.service.local.AppiumDriverLocalService.start(AppiumDriverLocalService.java:187)
	at Base.TestSetup.StartApp(TestSetup.java:82)
	at Tests.Main.main(Main.java:34)
Caused by: org.openqa.selenium.net.UrlChecker$TimeoutException: Timed out waiting for [http://127.0.0.1:4723/status] to be available after 20006 ms
	at org.openqa.selenium.net.UrlChecker.waitUntilAvailable(UrlChecker.java:89)
	at io.appium.java_client.service.local.AppiumDriverLocalService.ping(AppiumDriverLocalService.java:152)
	at io.appium.java_client.service.local.AppiumDriverLocalService.start(AppiumDriverLocalService.java:174)
	... 16 more
Caused by: java.util.concurrent.TimeoutException
	at java.base/java.util.concurrent.FutureTask.get(FutureTask.java:204)
	at org.openqa.selenium.net.UrlChecker.waitUntilAvailable(UrlChecker.java:87)
	... 18 more
... Removed 14 stack frames
</div> <!-- stack-trace -->
                </div> <!-- method-content -->
              </div> <!-- method -->
              <div class="method">
                <div class="method-content">
                  <a name="TC_014_Verify_ProjectTextboxCharacterLimit">
                  </a> <!-- TC_014_Verify_ProjectTextboxCharacterLimit -->
                  <span class="method-name">TC_014_Verify_ProjectTextboxCharacterLimit</span>
                  <div class="stack-trace">io.appium.java_client.service.local.AppiumServerHasNotBeenStartedLocallyException: The local appium server has not been started. The given Node.js executable: C:\Program Files\nodejs\node.exe Arguments: [C:\Users\Ezhil Rj\AppData\Roaming\npm\node_modules\appium\build\lib\main.js, --port, 4723, --address, 127.0.0.1] 
Process output: [35m[Appium][39m Welcome to Appium v2.5.4
[35m[Appium][39m Non-default server args:
[35m[Appium][39m { address: [32m&apos;127.0.0.1&apos;[39m }
[35m[Appium][39m The autodetected Appium home path: C:\Users\Ezhil Rj\.appium
[35m[Appium][39m Attempting to load driver uiautomator2...
[35m[Appium][39m Requiring driver at C:\Users\Ezhil Rj\.appium\node_modules\appium-uiautomator2-driver\build\index.js
reusing global emitter


	at io.appium.java_client.service.local.AppiumDriverLocalService.start(AppiumDriverLocalService.java:187)
	at Base.TestSetup.StartApp(TestSetup.java:82)
	at Tests.Main.main(Main.java:34)
Caused by: org.openqa.selenium.net.UrlChecker$TimeoutException: Timed out waiting for [http://127.0.0.1:4723/status] to be available after 20006 ms
	at org.openqa.selenium.net.UrlChecker.waitUntilAvailable(UrlChecker.java:89)
	at io.appium.java_client.service.local.AppiumDriverLocalService.ping(AppiumDriverLocalService.java:152)
	at io.appium.java_client.service.local.AppiumDriverLocalService.start(AppiumDriverLocalService.java:174)
	... 16 more
Caused by: java.util.concurrent.TimeoutException
	at java.base/java.util.concurrent.FutureTask.get(FutureTask.java:204)
	at org.openqa.selenium.net.UrlChecker.waitUntilAvailable(UrlChecker.java:87)
	... 18 more
... Removed 14 stack frames
</div> <!-- stack-trace -->
                </div> <!-- method-content -->
              </div> <!-- method -->
              <div class="method">
                <div class="method-content">
                  <a name="TC_015_Verify_ProjectTextboxAcceptsSpecialCharacters">
                  </a> <!-- TC_015_Verify_ProjectTextboxAcceptsSpecialCharacters -->
                  <span class="method-name">TC_015_Verify_ProjectTextboxAcceptsSpecialCharacters</span>
                  <div class="stack-trace">io.appium.java_client.service.local.AppiumServerHasNotBeenStartedLocallyException: The local appium server has not been started. The given Node.js executable: C:\Program Files\nodejs\node.exe Arguments: [C:\Users\Ezhil Rj\AppData\Roaming\npm\node_modules\appium\build\lib\main.js, --port, 4723, --address, 127.0.0.1] 
Process output: [35m[Appium][39m Welcome to Appium v2.5.4
[35m[Appium][39m Non-default server args:
[35m[Appium][39m { address: [32m&apos;127.0.0.1&apos;[39m }
[35m[Appium][39m The autodetected Appium home path: C:\Users\Ezhil Rj\.appium
[35m[Appium][39m Attempting to load driver uiautomator2...
[35m[Appium][39m Requiring driver at C:\Users\Ezhil Rj\.appium\node_modules\appium-uiautomator2-driver\build\index.js
reusing global emitter


	at io.appium.java_client.service.local.AppiumDriverLocalService.start(AppiumDriverLocalService.java:187)
	at Base.TestSetup.StartApp(TestSetup.java:82)
	at Tests.Main.main(Main.java:34)
Caused by: org.openqa.selenium.net.UrlChecker$TimeoutException: Timed out waiting for [http://127.0.0.1:4723/status] to be available after 20006 ms
	at org.openqa.selenium.net.UrlChecker.waitUntilAvailable(UrlChecker.java:89)
	at io.appium.java_client.service.local.AppiumDriverLocalService.ping(AppiumDriverLocalService.java:152)
	at io.appium.java_client.service.local.AppiumDriverLocalService.start(AppiumDriverLocalService.java:174)
	... 16 more
Caused by: java.util.concurrent.TimeoutException
	at java.base/java.util.concurrent.FutureTask.get(FutureTask.java:204)
	at org.openqa.selenium.net.UrlChecker.waitUntilAvailable(UrlChecker.java:87)
	... 18 more
... Removed 14 stack frames
</div> <!-- stack-trace -->
                </div> <!-- method-content -->
              </div> <!-- method -->
              <div class="method">
                <div class="method-content">
                  <a name="TC_016_Verify_ProjectTextboxAcceptsNumbers">
                  </a> <!-- TC_016_Verify_ProjectTextboxAcceptsNumbers -->
                  <span class="method-name">TC_016_Verify_ProjectTextboxAcceptsNumbers</span>
                  <div class="stack-trace">io.appium.java_client.service.local.AppiumServerHasNotBeenStartedLocallyException: The local appium server has not been started. The given Node.js executable: C:\Program Files\nodejs\node.exe Arguments: [C:\Users\Ezhil Rj\AppData\Roaming\npm\node_modules\appium\build\lib\main.js, --port, 4723, --address, 127.0.0.1] 
Process output: [35m[Appium][39m Welcome to Appium v2.5.4
[35m[Appium][39m Non-default server args:
[35m[Appium][39m { address: [32m&apos;127.0.0.1&apos;[39m }
[35m[Appium][39m The autodetected Appium home path: C:\Users\Ezhil Rj\.appium
[35m[Appium][39m Attempting to load driver uiautomator2...
[35m[Appium][39m Requiring driver at C:\Users\Ezhil Rj\.appium\node_modules\appium-uiautomator2-driver\build\index.js
reusing global emitter


	at io.appium.java_client.service.local.AppiumDriverLocalService.start(AppiumDriverLocalService.java:187)
	at Base.TestSetup.StartApp(TestSetup.java:82)
	at Tests.Main.main(Main.java:34)
Caused by: org.openqa.selenium.net.UrlChecker$TimeoutException: Timed out waiting for [http://127.0.0.1:4723/status] to be available after 20006 ms
	at org.openqa.selenium.net.UrlChecker.waitUntilAvailable(UrlChecker.java:89)
	at io.appium.java_client.service.local.AppiumDriverLocalService.ping(AppiumDriverLocalService.java:152)
	at io.appium.java_client.service.local.AppiumDriverLocalService.start(AppiumDriverLocalService.java:174)
	... 16 more
Caused by: java.util.concurrent.TimeoutException
	at java.base/java.util.concurrent.FutureTask.get(FutureTask.java:204)
	at org.openqa.selenium.net.UrlChecker.waitUntilAvailable(UrlChecker.java:87)
	... 18 more
... Removed 14 stack frames
</div> <!-- stack-trace -->
                </div> <!-- method-content -->
              </div> <!-- method -->
              <div class="method">
                <div class="method-content">
                  <a name="TC_017_Verify_MobileNumberTextboxCharacterLimit">
                  </a> <!-- TC_017_Verify_MobileNumberTextboxCharacterLimit -->
                  <span class="method-name">TC_017_Verify_MobileNumberTextboxCharacterLimit</span>
                  <div class="stack-trace">io.appium.java_client.service.local.AppiumServerHasNotBeenStartedLocallyException: The local appium server has not been started. The given Node.js executable: C:\Program Files\nodejs\node.exe Arguments: [C:\Users\Ezhil Rj\AppData\Roaming\npm\node_modules\appium\build\lib\main.js, --port, 4723, --address, 127.0.0.1] 
Process output: [35m[Appium][39m Welcome to Appium v2.5.4
[35m[Appium][39m Non-default server args:
[35m[Appium][39m { address: [32m&apos;127.0.0.1&apos;[39m }
[35m[Appium][39m The autodetected Appium home path: C:\Users\Ezhil Rj\.appium
[35m[Appium][39m Attempting to load driver uiautomator2...
[35m[Appium][39m Requiring driver at C:\Users\Ezhil Rj\.appium\node_modules\appium-uiautomator2-driver\build\index.js
reusing global emitter


	at io.appium.java_client.service.local.AppiumDriverLocalService.start(AppiumDriverLocalService.java:187)
	at Base.TestSetup.StartApp(TestSetup.java:82)
	at Tests.Main.main(Main.java:34)
Caused by: org.openqa.selenium.net.UrlChecker$TimeoutException: Timed out waiting for [http://127.0.0.1:4723/status] to be available after 20006 ms
	at org.openqa.selenium.net.UrlChecker.waitUntilAvailable(UrlChecker.java:89)
	at io.appium.java_client.service.local.AppiumDriverLocalService.ping(AppiumDriverLocalService.java:152)
	at io.appium.java_client.service.local.AppiumDriverLocalService.start(AppiumDriverLocalService.java:174)
	... 16 more
Caused by: java.util.concurrent.TimeoutException
	at java.base/java.util.concurrent.FutureTask.get(FutureTask.java:204)
	at org.openqa.selenium.net.UrlChecker.waitUntilAvailable(UrlChecker.java:87)
	... 18 more
... Removed 14 stack frames
</div> <!-- stack-trace -->
                </div> <!-- method-content -->
              </div> <!-- method -->
            </div> <!-- main-panel-content rounded-window-bottom -->
          </div> <!-- suite-Regression_Suite-class-skipped -->
          <div class="suite-Regression_Suite-class-skipped">
            <div class="main-panel-header rounded-window-top">
              <img src="skipped.png"/>
              <span class="class-name">Tests.ResourceCentreTest</span>
            </div> <!-- main-panel-header rounded-window-top -->
            <div class="main-panel-content rounded-window-bottom">
              <div class="method">
                <div class="method-content">
                  <a name="TC002_VerifyPPTXFileDownloaded">
                  </a> <!-- TC002_VerifyPPTXFileDownloaded -->
                  <span class="method-name">TC002_VerifyPPTXFileDownloaded</span>
                  <div class="stack-trace">java.lang.Throwable: Method ResourceCentreTest.TC002_VerifyPPTXFileDownloaded()[pri:2, instance:Tests.ResourceCentreTest@22ffa91a] depends on not successfully finished methods
	at java.base/java.util.ArrayList.forEach(ArrayList.java:1596)
	at Tests.Main.main(Main.java:34)
... Removed 15 stack frames
</div> <!-- stack-trace -->
                </div> <!-- method-content -->
              </div> <!-- method -->
              <div class="method">
                <div class="method-content">
                  <a name="TC003_VerifyMP4FileDownloaded">
                  </a> <!-- TC003_VerifyMP4FileDownloaded -->
                  <span class="method-name">TC003_VerifyMP4FileDownloaded</span>
                  <div class="stack-trace">java.lang.Throwable: Method ResourceCentreTest.TC003_VerifyMP4FileDownloaded()[pri:3, instance:Tests.ResourceCentreTest@22ffa91a] depends on not successfully finished methods
	at java.base/java.util.ArrayList.forEach(ArrayList.java:1596)
	at Tests.Main.main(Main.java:34)
... Removed 15 stack frames
</div> <!-- stack-trace -->
                </div> <!-- method-content -->
              </div> <!-- method -->
              <div class="method">
                <div class="method-content">
                  <a name="TC004_VerifyPDFFileDownloaded">
                  </a> <!-- TC004_VerifyPDFFileDownloaded -->
                  <span class="method-name">TC004_VerifyPDFFileDownloaded</span>
                  <div class="stack-trace">java.lang.Throwable: Method ResourceCentreTest.TC004_VerifyPDFFileDownloaded()[pri:4, instance:Tests.ResourceCentreTest@22ffa91a] depends on not successfully finished methods
	at java.base/java.util.ArrayList.forEach(ArrayList.java:1596)
	at Tests.Main.main(Main.java:34)
... Removed 15 stack frames
</div> <!-- stack-trace -->
                </div> <!-- method-content -->
              </div> <!-- method -->
              <div class="method">
                <div class="method-content">
                  <a name="TC005_VerifyDOCXFileDownloaded">
                  </a> <!-- TC005_VerifyDOCXFileDownloaded -->
                  <span class="method-name">TC005_VerifyDOCXFileDownloaded</span>
                  <div class="stack-trace">java.lang.Throwable: Method ResourceCentreTest.TC005_VerifyDOCXFileDownloaded()[pri:5, instance:Tests.ResourceCentreTest@22ffa91a] depends on not successfully finished methods
	at java.base/java.util.ArrayList.forEach(ArrayList.java:1596)
	at Tests.Main.main(Main.java:34)
... Removed 15 stack frames
</div> <!-- stack-trace -->
                </div> <!-- method-content -->
              </div> <!-- method -->
              <div class="method">
                <div class="method-content">
                  <a name="TC006_VerifyJPGFileDownloaded">
                  </a> <!-- TC006_VerifyJPGFileDownloaded -->
                  <span class="method-name">TC006_VerifyJPGFileDownloaded</span>
                  <div class="stack-trace">java.lang.Throwable: Method ResourceCentreTest.TC006_VerifyJPGFileDownloaded()[pri:6, instance:Tests.ResourceCentreTest@22ffa91a] depends on not successfully finished methods
	at java.base/java.util.ArrayList.forEach(ArrayList.java:1596)
	at Tests.Main.main(Main.java:34)
... Removed 15 stack frames
</div> <!-- stack-trace -->
                </div> <!-- method-content -->
              </div> <!-- method -->
              <div class="method">
                <div class="method-content">
                  <a name="TC007_VerifyXLSXFileDownloaded">
                  </a> <!-- TC007_VerifyXLSXFileDownloaded -->
                  <span class="method-name">TC007_VerifyXLSXFileDownloaded</span>
                  <div class="stack-trace">java.lang.Throwable: Method ResourceCentreTest.TC007_VerifyXLSXFileDownloaded()[pri:7, instance:Tests.ResourceCentreTest@22ffa91a] depends on not successfully finished methods
	at java.base/java.util.ArrayList.forEach(ArrayList.java:1596)
	at Tests.Main.main(Main.java:34)
... Removed 15 stack frames
</div> <!-- stack-trace -->
                </div> <!-- method-content -->
              </div> <!-- method -->
              <div class="method">
                <div class="method-content">
                  <a name="TC_001_Verify_ResourceCenter_Module_Displayed">
                  </a> <!-- TC_001_Verify_ResourceCenter_Module_Displayed -->
                  <span class="method-name">TC_001_Verify_ResourceCenter_Module_Displayed</span>
                  <div class="stack-trace">io.appium.java_client.service.local.AppiumServerHasNotBeenStartedLocallyException: The local appium server has not been started. The given Node.js executable: C:\Program Files\nodejs\node.exe Arguments: [C:\Users\Ezhil Rj\AppData\Roaming\npm\node_modules\appium\build\lib\main.js, --port, 4723, --address, 127.0.0.1] 
Process output: [35m[Appium][39m Welcome to Appium v2.5.4
[35m[Appium][39m Non-default server args:
[35m[Appium][39m { address: [32m&apos;127.0.0.1&apos;[39m }
[35m[Appium][39m The autodetected Appium home path: C:\Users\Ezhil Rj\.appium
[35m[Appium][39m Attempting to load driver uiautomator2...
[35m[Appium][39m Requiring driver at C:\Users\Ezhil Rj\.appium\node_modules\appium-uiautomator2-driver\build\index.js
reusing global emitter


	at io.appium.java_client.service.local.AppiumDriverLocalService.start(AppiumDriverLocalService.java:187)
	at Base.TestSetup.StartApp(TestSetup.java:82)
	at Tests.Main.main(Main.java:34)
Caused by: org.openqa.selenium.net.UrlChecker$TimeoutException: Timed out waiting for [http://127.0.0.1:4723/status] to be available after 20006 ms
	at org.openqa.selenium.net.UrlChecker.waitUntilAvailable(UrlChecker.java:89)
	at io.appium.java_client.service.local.AppiumDriverLocalService.ping(AppiumDriverLocalService.java:152)
	at io.appium.java_client.service.local.AppiumDriverLocalService.start(AppiumDriverLocalService.java:174)
	... 16 more
Caused by: java.util.concurrent.TimeoutException
	at java.base/java.util.concurrent.FutureTask.get(FutureTask.java:204)
	at org.openqa.selenium.net.UrlChecker.waitUntilAvailable(UrlChecker.java:87)
	... 18 more
... Removed 14 stack frames
</div> <!-- stack-trace -->
                </div> <!-- method-content -->
              </div> <!-- method -->
            </div> <!-- main-panel-content rounded-window-bottom -->
          </div> <!-- suite-Regression_Suite-class-skipped -->
          <div class="suite-Regression_Suite-class-skipped">
            <div class="main-panel-header rounded-window-top">
              <img src="skipped.png"/>
              <span class="class-name">Tests.DownloadcallsTest</span>
            </div> <!-- main-panel-header rounded-window-top -->
            <div class="main-panel-content rounded-window-bottom">
              <div class="method">
                <div class="method-content">
                  <a name="TC_001_VerifyDownloadCallsModuleIsDisplayed">
                  </a> <!-- TC_001_VerifyDownloadCallsModuleIsDisplayed -->
                  <span class="method-name">TC_001_VerifyDownloadCallsModuleIsDisplayed</span>
                  <div class="stack-trace">io.appium.java_client.service.local.AppiumServerHasNotBeenStartedLocallyException: The local appium server has not been started. The given Node.js executable: C:\Program Files\nodejs\node.exe Arguments: [C:\Users\Ezhil Rj\AppData\Roaming\npm\node_modules\appium\build\lib\main.js, --port, 4723, --address, 127.0.0.1] 
Process output: [35m[Appium][39m Welcome to Appium v2.5.4
[35m[Appium][39m Non-default server args:
[35m[Appium][39m { address: [32m&apos;127.0.0.1&apos;[39m }
[35m[Appium][39m The autodetected Appium home path: C:\Users\Ezhil Rj\.appium
[35m[Appium][39m Attempting to load driver uiautomator2...
[35m[Appium][39m Requiring driver at C:\Users\Ezhil Rj\.appium\node_modules\appium-uiautomator2-driver\build\index.js
reusing global emitter


	at io.appium.java_client.service.local.AppiumDriverLocalService.start(AppiumDriverLocalService.java:187)
	at Base.TestSetup.StartApp(TestSetup.java:82)
	at Tests.Main.main(Main.java:34)
Caused by: org.openqa.selenium.net.UrlChecker$TimeoutException: Timed out waiting for [http://127.0.0.1:4723/status] to be available after 20006 ms
	at org.openqa.selenium.net.UrlChecker.waitUntilAvailable(UrlChecker.java:89)
	at io.appium.java_client.service.local.AppiumDriverLocalService.ping(AppiumDriverLocalService.java:152)
	at io.appium.java_client.service.local.AppiumDriverLocalService.start(AppiumDriverLocalService.java:174)
	... 16 more
Caused by: java.util.concurrent.TimeoutException
	at java.base/java.util.concurrent.FutureTask.get(FutureTask.java:204)
	at org.openqa.selenium.net.UrlChecker.waitUntilAvailable(UrlChecker.java:87)
	... 18 more
... Removed 14 stack frames
</div> <!-- stack-trace -->
                </div> <!-- method-content -->
              </div> <!-- method -->
              <div class="method">
                <div class="method-content">
                  <a name="TC_002_VerifyCallsAreDownloaded">
                  </a> <!-- TC_002_VerifyCallsAreDownloaded -->
                  <span class="method-name">TC_002_VerifyCallsAreDownloaded</span>
                  <div class="stack-trace">java.lang.Throwable: Method DownloadcallsTest.TC_002_VerifyCallsAreDownloaded()[pri:2, instance:Tests.DownloadcallsTest@1ecee32c] depends on not successfully finished methods
	at java.base/java.util.ArrayList.forEach(ArrayList.java:1596)
	at Tests.Main.main(Main.java:34)
... Removed 15 stack frames
</div> <!-- stack-trace -->
                </div> <!-- method-content -->
              </div> <!-- method -->
              <div class="method">
                <div class="method-content">
                  <a name="TC_003_VerifyDuplicateCallDownload">
                  </a> <!-- TC_003_VerifyDuplicateCallDownload -->
                  <span class="method-name">TC_003_VerifyDuplicateCallDownload</span>
                  <div class="stack-trace">java.lang.Throwable: Method DownloadcallsTest.TC_003_VerifyDuplicateCallDownload()[pri:3, instance:Tests.DownloadcallsTest@1ecee32c] depends on not successfully finished methods
	at java.base/java.util.ArrayList.forEach(ArrayList.java:1596)
	at Tests.Main.main(Main.java:34)
... Removed 15 stack frames
</div> <!-- stack-trace -->
                </div> <!-- method-content -->
              </div> <!-- method -->
              <div class="method">
                <div class="method-content">
                  <a name="TC_004_VerifyInvalidTargetDownload">
                  </a> <!-- TC_004_VerifyInvalidTargetDownload -->
                  <span class="method-name">TC_004_VerifyInvalidTargetDownload</span>
                  <div class="stack-trace">java.lang.Throwable: Method DownloadcallsTest.TC_004_VerifyInvalidTargetDownload()[pri:4, instance:Tests.DownloadcallsTest@1ecee32c] depends on not successfully finished methods
	at java.base/java.util.ArrayList.forEach(ArrayList.java:1596)
	at Tests.Main.main(Main.java:34)
... Removed 15 stack frames
</div> <!-- stack-trace -->
                </div> <!-- method-content -->
              </div> <!-- method -->
              <div class="method">
                <div class="method-content">
                  <a name="TC_005_VerifyRemoveButtonFunctionality">
                  </a> <!-- TC_005_VerifyRemoveButtonFunctionality -->
                  <span class="method-name">TC_005_VerifyRemoveButtonFunctionality</span>
                  <div class="stack-trace">java.lang.Throwable: Method DownloadcallsTest.TC_005_VerifyRemoveButtonFunctionality()[pri:5, instance:Tests.DownloadcallsTest@1ecee32c] depends on not successfully finished methods
	at java.base/java.util.ArrayList.forEach(ArrayList.java:1596)
	at Tests.Main.main(Main.java:34)
... Removed 15 stack frames
</div> <!-- stack-trace -->
                </div> <!-- method-content -->
              </div> <!-- method -->
              <div class="method">
                <div class="method-content">
                  <a name="TC_006_VerifySubmitButtonWithoutAddingTarget">
                  </a> <!-- TC_006_VerifySubmitButtonWithoutAddingTarget -->
                  <span class="method-name">TC_006_VerifySubmitButtonWithoutAddingTarget</span>
                  <div class="stack-trace">java.lang.Throwable: Method DownloadcallsTest.TC_006_VerifySubmitButtonWithoutAddingTarget()[pri:6, instance:Tests.DownloadcallsTest@1ecee32c] depends on not successfully finished methods
	at java.base/java.util.ArrayList.forEach(ArrayList.java:1596)
	at Tests.Main.main(Main.java:34)
... Removed 15 stack frames
</div> <!-- stack-trace -->
                </div> <!-- method-content -->
              </div> <!-- method -->
              <div class="method">
                <div class="method-content">
                  <a name="TC_007_VerifyTargetIDTextboxCharacterLimit">
                  </a> <!-- TC_007_VerifyTargetIDTextboxCharacterLimit -->
                  <span class="method-name">TC_007_VerifyTargetIDTextboxCharacterLimit</span>
                  <div class="stack-trace">java.lang.Throwable: Method DownloadcallsTest.TC_007_VerifyTargetIDTextboxCharacterLimit()[pri:7, instance:Tests.DownloadcallsTest@1ecee32c] depends on not successfully finished methods
	at java.base/java.util.ArrayList.forEach(ArrayList.java:1596)
	at Tests.Main.main(Main.java:34)
... Removed 15 stack frames
</div> <!-- stack-trace -->
                </div> <!-- method-content -->
              </div> <!-- method -->
            </div> <!-- main-panel-content rounded-window-bottom -->
          </div> <!-- suite-Regression_Suite-class-skipped -->
          <div class="suite-Regression_Suite-class-skipped">
            <div class="main-panel-header rounded-window-top">
              <img src="skipped.png"/>
              <span class="class-name">Tests.AttendanceTest</span>
            </div> <!-- main-panel-header rounded-window-top -->
            <div class="main-panel-content rounded-window-bottom">
              <div class="method">
                <div class="method-content">
                  <a name="TC_001_VerifyAttendanceModuleDisplayed">
                  </a> <!-- TC_001_VerifyAttendanceModuleDisplayed -->
                  <span class="method-name">TC_001_VerifyAttendanceModuleDisplayed</span>
                  <div class="stack-trace">io.appium.java_client.service.local.AppiumServerHasNotBeenStartedLocallyException: The local appium server has not been started. The given Node.js executable: C:\Program Files\nodejs\node.exe Arguments: [C:\Users\Ezhil Rj\AppData\Roaming\npm\node_modules\appium\build\lib\main.js, --port, 4723, --address, 127.0.0.1] 
Process output: [35m[Appium][39m Welcome to Appium v2.5.4
[35m[Appium][39m Non-default server args:
[35m[Appium][39m { address: [32m&apos;127.0.0.1&apos;[39m }
[35m[Appium][39m The autodetected Appium home path: C:\Users\Ezhil Rj\.appium
[35m[Appium][39m Attempting to load driver uiautomator2...
[35m[Appium][39m Requiring driver at C:\Users\Ezhil Rj\.appium\node_modules\appium-uiautomator2-driver\build\index.js
reusing global emitter


	at io.appium.java_client.service.local.AppiumDriverLocalService.start(AppiumDriverLocalService.java:187)
	at Base.TestSetup.StartApp(TestSetup.java:82)
	at Tests.Main.main(Main.java:34)
Caused by: org.openqa.selenium.net.UrlChecker$TimeoutException: Timed out waiting for [http://127.0.0.1:4723/status] to be available after 20006 ms
	at org.openqa.selenium.net.UrlChecker.waitUntilAvailable(UrlChecker.java:89)
	at io.appium.java_client.service.local.AppiumDriverLocalService.ping(AppiumDriverLocalService.java:152)
	at io.appium.java_client.service.local.AppiumDriverLocalService.start(AppiumDriverLocalService.java:174)
	... 16 more
Caused by: java.util.concurrent.TimeoutException
	at java.base/java.util.concurrent.FutureTask.get(FutureTask.java:204)
	at org.openqa.selenium.net.UrlChecker.waitUntilAvailable(UrlChecker.java:87)
	... 18 more
... Removed 14 stack frames
</div> <!-- stack-trace -->
                </div> <!-- method-content -->
              </div> <!-- method -->
              <div class="method">
                <div class="method-content">
                  <a name="TC_002_VerifyAttendanceWithoutCapturingImage">
                  </a> <!-- TC_002_VerifyAttendanceWithoutCapturingImage -->
                  <span class="method-name">TC_002_VerifyAttendanceWithoutCapturingImage</span>
                  <div class="stack-trace">java.lang.Throwable: Method AttendanceTest.TC_002_VerifyAttendanceWithoutCapturingImage()[pri:2, instance:Tests.AttendanceTest@232a7d73] depends on not successfully finished methods
	at java.base/java.util.ArrayList.forEach(ArrayList.java:1596)
	at Tests.Main.main(Main.java:34)
... Removed 15 stack frames
</div> <!-- stack-trace -->
                </div> <!-- method-content -->
              </div> <!-- method -->
              <div class="method">
                <div class="method-content">
                  <a name="TC_003_VerifyAttendanceSubmission">
                  </a> <!-- TC_003_VerifyAttendanceSubmission -->
                  <span class="method-name">TC_003_VerifyAttendanceSubmission</span>
                  <div class="stack-trace">java.lang.Throwable: Method AttendanceTest.TC_003_VerifyAttendanceSubmission()[pri:3, instance:Tests.AttendanceTest@232a7d73] depends on not successfully finished methods
	at java.base/java.util.ArrayList.forEach(ArrayList.java:1596)
	at Tests.Main.main(Main.java:34)
... Removed 15 stack frames
</div> <!-- stack-trace -->
                </div> <!-- method-content -->
              </div> <!-- method -->
              <div class="method">
                <div class="method-content">
                  <a name="TC_004_VerifyAttendanceRecordedInDatabase">
                  </a> <!-- TC_004_VerifyAttendanceRecordedInDatabase -->
                  <span class="method-name">TC_004_VerifyAttendanceRecordedInDatabase</span>
                  <div class="stack-trace">java.lang.Throwable: Method AttendanceTest.TC_004_VerifyAttendanceRecordedInDatabase()[pri:4, instance:Tests.AttendanceTest@232a7d73] depends on not successfully finished methods
	at java.base/java.util.ArrayList.forEach(ArrayList.java:1596)
	at Tests.Main.main(Main.java:34)
... Removed 15 stack frames
</div> <!-- stack-trace -->
                </div> <!-- method-content -->
              </div> <!-- method -->
            </div> <!-- main-panel-content rounded-window-bottom -->
          </div> <!-- suite-Regression_Suite-class-skipped -->
          <div class="suite-Regression_Suite-class-skipped">
            <div class="main-panel-header rounded-window-top">
              <img src="skipped.png"/>
              <span class="class-name">Tests.VisitorLoginTest</span>
            </div> <!-- main-panel-header rounded-window-top -->
            <div class="main-panel-content rounded-window-bottom">
              <div class="method">
                <div class="method-content">
                  <a name="TC_001_VerifyVisitorLoginModuleDisplayed">
                  </a> <!-- TC_001_VerifyVisitorLoginModuleDisplayed -->
                  <span class="method-name">TC_001_VerifyVisitorLoginModuleDisplayed</span>
                  <div class="stack-trace">io.appium.java_client.service.local.AppiumServerHasNotBeenStartedLocallyException: The local appium server has not been started. The given Node.js executable: C:\Program Files\nodejs\node.exe Arguments: [C:\Users\Ezhil Rj\AppData\Roaming\npm\node_modules\appium\build\lib\main.js, --port, 4723, --address, 127.0.0.1] 
Process output: [35m[Appium][39m Welcome to Appium v2.5.4
[35m[Appium][39m Non-default server args:
[35m[Appium][39m { address: [32m&apos;127.0.0.1&apos;[39m }
[35m[Appium][39m The autodetected Appium home path: C:\Users\Ezhil Rj\.appium
[35m[Appium][39m Attempting to load driver uiautomator2...
[35m[Appium][39m Requiring driver at C:\Users\Ezhil Rj\.appium\node_modules\appium-uiautomator2-driver\build\index.js
reusing global emitter


	at io.appium.java_client.service.local.AppiumDriverLocalService.start(AppiumDriverLocalService.java:187)
	at Base.TestSetup.StartApp(TestSetup.java:82)
	at Tests.Main.main(Main.java:34)
Caused by: org.openqa.selenium.net.UrlChecker$TimeoutException: Timed out waiting for [http://127.0.0.1:4723/status] to be available after 20006 ms
	at org.openqa.selenium.net.UrlChecker.waitUntilAvailable(UrlChecker.java:89)
	at io.appium.java_client.service.local.AppiumDriverLocalService.ping(AppiumDriverLocalService.java:152)
	at io.appium.java_client.service.local.AppiumDriverLocalService.start(AppiumDriverLocalService.java:174)
	... 16 more
Caused by: java.util.concurrent.TimeoutException
	at java.base/java.util.concurrent.FutureTask.get(FutureTask.java:204)
	at org.openqa.selenium.net.UrlChecker.waitUntilAvailable(UrlChecker.java:87)
	... 18 more
... Removed 14 stack frames
</div> <!-- stack-trace -->
                </div> <!-- method-content -->
              </div> <!-- method -->
              <div class="method">
                <div class="method-content">
                  <a name="TC_002_VerifySubmitButtonWithoutEnteringFields">
                  </a> <!-- TC_002_VerifySubmitButtonWithoutEnteringFields -->
                  <span class="method-name">TC_002_VerifySubmitButtonWithoutEnteringFields</span>
                  <div class="stack-trace">java.lang.Throwable: Method VisitorLoginTest.TC_002_VerifySubmitButtonWithoutEnteringFields()[pri:2, instance:Tests.VisitorLoginTest@4b41e4dd] depends on not successfully finished methods
	at java.base/java.util.ArrayList.forEach(ArrayList.java:1596)
	at Tests.Main.main(Main.java:34)
... Removed 15 stack frames
</div> <!-- stack-trace -->
                </div> <!-- method-content -->
              </div> <!-- method -->
              <div class="method">
                <div class="method-content">
                  <a name="TC_003_VerifyVisitorEmpIDTextboxCharacterLimit">
                  </a> <!-- TC_003_VerifyVisitorEmpIDTextboxCharacterLimit -->
                  <span class="method-name">TC_003_VerifyVisitorEmpIDTextboxCharacterLimit</span>
                  <div class="stack-trace">java.lang.Throwable: Method VisitorLoginTest.TC_003_VerifyVisitorEmpIDTextboxCharacterLimit()[pri:3, instance:Tests.VisitorLoginTest@4b41e4dd] depends on not successfully finished methods
	at java.base/java.util.ArrayList.forEach(ArrayList.java:1596)
	at Tests.Main.main(Main.java:34)
... Removed 15 stack frames
</div> <!-- stack-trace -->
                </div> <!-- method-content -->
              </div> <!-- method -->
              <div class="method">
                <div class="method-content">
                  <a name="TC_004_VerifyVisitorEmpIDTextboxAcceptsSpecialCharacters">
                  </a> <!-- TC_004_VerifyVisitorEmpIDTextboxAcceptsSpecialCharacters -->
                  <span class="method-name">TC_004_VerifyVisitorEmpIDTextboxAcceptsSpecialCharacters</span>
                  <div class="stack-trace">java.lang.Throwable: Method VisitorLoginTest.TC_004_VerifyVisitorEmpIDTextboxAcceptsSpecialCharacters()[pri:4, instance:Tests.VisitorLoginTest@4b41e4dd] depends on not successfully finished methods
	at java.base/java.util.ArrayList.forEach(ArrayList.java:1596)
	at Tests.Main.main(Main.java:34)
... Removed 15 stack frames
</div> <!-- stack-trace -->
                </div> <!-- method-content -->
              </div> <!-- method -->
              <div class="method">
                <div class="method-content">
                  <a name="TC_005_VerifyVisitorEmpIDTextboxAcceptsNumbers">
                  </a> <!-- TC_005_VerifyVisitorEmpIDTextboxAcceptsNumbers -->
                  <span class="method-name">TC_005_VerifyVisitorEmpIDTextboxAcceptsNumbers</span>
                  <div class="stack-trace">java.lang.Throwable: Method VisitorLoginTest.TC_005_VerifyVisitorEmpIDTextboxAcceptsNumbers()[pri:5, instance:Tests.VisitorLoginTest@4b41e4dd] depends on not successfully finished methods
	at java.base/java.util.ArrayList.forEach(ArrayList.java:1596)
	at Tests.Main.main(Main.java:34)
... Removed 15 stack frames
</div> <!-- stack-trace -->
                </div> <!-- method-content -->
              </div> <!-- method -->
              <div class="method">
                <div class="method-content">
                  <a name="TC_006_VerifyVisitorNameTextboxCharacterLimit">
                  </a> <!-- TC_006_VerifyVisitorNameTextboxCharacterLimit -->
                  <span class="method-name">TC_006_VerifyVisitorNameTextboxCharacterLimit</span>
                  <div class="stack-trace">java.lang.Throwable: Method VisitorLoginTest.TC_006_VerifyVisitorNameTextboxCharacterLimit()[pri:6, instance:Tests.VisitorLoginTest@4b41e4dd] depends on not successfully finished methods
	at java.base/java.util.ArrayList.forEach(ArrayList.java:1596)
	at Tests.Main.main(Main.java:34)
... Removed 15 stack frames
</div> <!-- stack-trace -->
                </div> <!-- method-content -->
              </div> <!-- method -->
              <div class="method">
                <div class="method-content">
                  <a name="TC_007_VerifyVisitorNameTextboxAcceptsSpecialCharacters">
                  </a> <!-- TC_007_VerifyVisitorNameTextboxAcceptsSpecialCharacters -->
                  <span class="method-name">TC_007_VerifyVisitorNameTextboxAcceptsSpecialCharacters</span>
                  <div class="stack-trace">java.lang.Throwable: Method VisitorLoginTest.TC_007_VerifyVisitorNameTextboxAcceptsSpecialCharacters()[pri:7, instance:Tests.VisitorLoginTest@4b41e4dd] depends on not successfully finished methods
	at java.base/java.util.ArrayList.forEach(ArrayList.java:1596)
	at Tests.Main.main(Main.java:34)
... Removed 15 stack frames
</div> <!-- stack-trace -->
                </div> <!-- method-content -->
              </div> <!-- method -->
              <div class="method">
                <div class="method-content">
                  <a name="TC_008_VerifyVisitorNameTextboxAcceptsNumbers">
                  </a> <!-- TC_008_VerifyVisitorNameTextboxAcceptsNumbers -->
                  <span class="method-name">TC_008_VerifyVisitorNameTextboxAcceptsNumbers</span>
                  <div class="stack-trace">java.lang.Throwable: Method VisitorLoginTest.TC_008_VerifyVisitorNameTextboxAcceptsNumbers()[pri:8, instance:Tests.VisitorLoginTest@4b41e4dd] depends on not successfully finished methods
	at java.base/java.util.ArrayList.forEach(ArrayList.java:1596)
	at Tests.Main.main(Main.java:34)
... Removed 15 stack frames
</div> <!-- stack-trace -->
                </div> <!-- method-content -->
              </div> <!-- method -->
              <div class="method">
                <div class="method-content">
                  <a name="TC_009_VerifyDesignationTextboxCharacterLimit">
                  </a> <!-- TC_009_VerifyDesignationTextboxCharacterLimit -->
                  <span class="method-name">TC_009_VerifyDesignationTextboxCharacterLimit</span>
                  <div class="stack-trace">java.lang.Throwable: Method VisitorLoginTest.TC_009_VerifyDesignationTextboxCharacterLimit()[pri:9, instance:Tests.VisitorLoginTest@4b41e4dd] depends on not successfully finished methods
	at java.base/java.util.ArrayList.forEach(ArrayList.java:1596)
	at Tests.Main.main(Main.java:34)
... Removed 15 stack frames
</div> <!-- stack-trace -->
                </div> <!-- method-content -->
              </div> <!-- method -->
              <div class="method">
                <div class="method-content">
                  <a name="TC_010_VerifyDesignationTextboxAcceptsSpecialCharacters">
                  </a> <!-- TC_010_VerifyDesignationTextboxAcceptsSpecialCharacters -->
                  <span class="method-name">TC_010_VerifyDesignationTextboxAcceptsSpecialCharacters</span>
                  <div class="stack-trace">java.lang.Throwable: Method VisitorLoginTest.TC_010_VerifyDesignationTextboxAcceptsSpecialCharacters()[pri:10, instance:Tests.VisitorLoginTest@4b41e4dd] depends on not successfully finished methods
	at java.base/java.util.ArrayList.forEach(ArrayList.java:1596)
	at Tests.Main.main(Main.java:34)
... Removed 15 stack frames
</div> <!-- stack-trace -->
                </div> <!-- method-content -->
              </div> <!-- method -->
              <div class="method">
                <div class="method-content">
                  <a name="TC_011_VerifyDesignationTextboxAcceptsNumbers">
                  </a> <!-- TC_011_VerifyDesignationTextboxAcceptsNumbers -->
                  <span class="method-name">TC_011_VerifyDesignationTextboxAcceptsNumbers</span>
                  <div class="stack-trace">java.lang.Throwable: Method VisitorLoginTest.TC_011_VerifyDesignationTextboxAcceptsNumbers()[pri:11, instance:Tests.VisitorLoginTest@4b41e4dd] depends on not successfully finished methods
	at java.base/java.util.ArrayList.forEach(ArrayList.java:1596)
	at Tests.Main.main(Main.java:34)
... Removed 15 stack frames
</div> <!-- stack-trace -->
                </div> <!-- method-content -->
              </div> <!-- method -->
              <div class="method">
                <div class="method-content">
                  <a name="TC_012_VerifyRemarksTextboxCharacterLimit">
                  </a> <!-- TC_012_VerifyRemarksTextboxCharacterLimit -->
                  <span class="method-name">TC_012_VerifyRemarksTextboxCharacterLimit</span>
                  <div class="stack-trace">java.lang.Throwable: Method VisitorLoginTest.TC_012_VerifyRemarksTextboxCharacterLimit()[pri:12, instance:Tests.VisitorLoginTest@4b41e4dd] depends on not successfully finished methods
	at java.base/java.util.ArrayList.forEach(ArrayList.java:1596)
	at Tests.Main.main(Main.java:34)
... Removed 15 stack frames
</div> <!-- stack-trace -->
                </div> <!-- method-content -->
              </div> <!-- method -->
              <div class="method">
                <div class="method-content">
                  <a name="TC_013_VerifyRemarksTextboxAcceptsSpecialCharacters">
                  </a> <!-- TC_013_VerifyRemarksTextboxAcceptsSpecialCharacters -->
                  <span class="method-name">TC_013_VerifyRemarksTextboxAcceptsSpecialCharacters</span>
                  <div class="stack-trace">java.lang.Throwable: Method VisitorLoginTest.TC_013_VerifyRemarksTextboxAcceptsSpecialCharacters()[pri:13, instance:Tests.VisitorLoginTest@4b41e4dd] depends on not successfully finished methods
	at java.base/java.util.ArrayList.forEach(ArrayList.java:1596)
	at Tests.Main.main(Main.java:34)
... Removed 15 stack frames
</div> <!-- stack-trace -->
                </div> <!-- method-content -->
              </div> <!-- method -->
              <div class="method">
                <div class="method-content">
                  <a name="TC_014_Verify_RemarksTextboxAcceptsNumbers">
                  </a> <!-- TC_014_Verify_RemarksTextboxAcceptsNumbers -->
                  <span class="method-name">TC_014_Verify_RemarksTextboxAcceptsNumbers</span>
                  <div class="stack-trace">java.lang.Throwable: Method VisitorLoginTest.TC_014_Verify_RemarksTextboxAcceptsNumbers()[pri:14, instance:Tests.VisitorLoginTest@4b41e4dd] depends on not successfully finished methods
	at java.base/java.util.ArrayList.forEach(ArrayList.java:1596)
	at Tests.Main.main(Main.java:34)
... Removed 15 stack frames
</div> <!-- stack-trace -->
                </div> <!-- method-content -->
              </div> <!-- method -->
              <div class="method">
                <div class="method-content">
                  <a name="TC_015_Verify_Visitor_Upload">
                  </a> <!-- TC_015_Verify_Visitor_Upload -->
                  <span class="method-name">TC_015_Verify_Visitor_Upload</span>
                  <div class="stack-trace">java.lang.Throwable: Method VisitorLoginTest.TC_015_Verify_Visitor_Upload()[pri:15, instance:Tests.VisitorLoginTest@4b41e4dd] depends on not successfully finished methods
	at java.base/java.util.ArrayList.forEach(ArrayList.java:1596)
	at Tests.Main.main(Main.java:34)
... Removed 15 stack frames
</div> <!-- stack-trace -->
                </div> <!-- method-content -->
              </div> <!-- method -->
            </div> <!-- main-panel-content rounded-window-bottom -->
          </div> <!-- suite-Regression_Suite-class-skipped -->
        </div> <!-- panel Regression_Suite -->
        <div panel-name="test-xml-Regression_Suite" class="panel">
          <div class="main-panel-header rounded-window-top">
            <span class="header-content">E:\Automation Workspace\FrameXMobile\src\test\resources\Runners\Regression.xml</span>
          </div> <!-- main-panel-header rounded-window-top -->
          <div class="main-panel-content rounded-window-bottom">
            <pre>
&lt;?xml version=&quot;1.0&quot; encoding=&quot;UTF-8&quot;?&gt;
&lt;!DOCTYPE suite SYSTEM &quot;https://testng.org/testng-1.0.dtd&quot;&gt;
&lt;suite name=&quot;Regression Suite&quot; guice-stage=&quot;DEVELOPMENT&quot;&gt;
  &lt;listeners&gt;
    &lt;listener class-name=&quot;Base.FrameX_Listeners&quot;/&gt;
  &lt;/listeners&gt;
  &lt;test thread-count=&quot;5&quot; name=&quot;Regression Tests&quot;&gt;
    &lt;groups&gt;
      &lt;run&gt;
        &lt;include name=&quot;regression&quot;/&gt;
      &lt;/run&gt;
    &lt;/groups&gt;
    &lt;classes&gt;
      &lt;class name=&quot;Tests.LoginTest&quot;/&gt;
      &lt;class name=&quot;Tests.DownloadcallsTest&quot;/&gt;
      &lt;class name=&quot;Tests.CallPlanTest&quot;/&gt;
      &lt;class name=&quot;Tests.AttendanceTest&quot;/&gt;
      &lt;class name=&quot;Tests.VisitorLoginTest&quot;/&gt;
      &lt;class name=&quot;Tests.ResourceCentreTest&quot;/&gt;
    &lt;/classes&gt;
  &lt;/test&gt; &lt;!-- Regression Tests --&gt;
&lt;/suite&gt; &lt;!-- Regression Suite --&gt;
            </pre>
          </div> <!-- main-panel-content rounded-window-bottom -->
        </div> <!-- panel -->
        <div panel-name="testlist-Regression_Suite" class="panel">
          <div class="main-panel-header rounded-window-top">
            <span class="header-content">Tests for Regression Suite</span>
          </div> <!-- main-panel-header rounded-window-top -->
          <div class="main-panel-content rounded-window-bottom">
            <ul>
              <li>
                <span class="test-name">Regression Tests (6 classes)</span>
              </li>
            </ul>
          </div> <!-- main-panel-content rounded-window-bottom -->
        </div> <!-- panel -->
        <div panel-name="group-Regression_Suite" class="panel">
          <div class="main-panel-header rounded-window-top">
            <span class="header-content">Groups for Regression Suite</span>
          </div> <!-- main-panel-header rounded-window-top -->
          <div class="main-panel-content rounded-window-bottom">
            <div class="test-group">
              <span class="test-group-name">negative</span>
              <br/>
              <div class="method-in-group">
                <span class="method-in-group-name">TC_002_VerifyAttendanceWithoutCapturingImage</span>
                <br/>
              </div> <!-- method-in-group -->
              <div class="method-in-group">
                <span class="method-in-group-name">TC_002_VerifySubmitButtonWithoutEnteringFields</span>
                <br/>
              </div> <!-- method-in-group -->
              <div class="method-in-group">
                <span class="method-in-group-name">TC_002_Verify_Login_With_Invalid_Username</span>
                <br/>
              </div> <!-- method-in-group -->
              <div class="method-in-group">
                <span class="method-in-group-name">TC_003_VerifyDuplicateCallDownload</span>
                <br/>
              </div> <!-- method-in-group -->
              <div class="method-in-group">
                <span class="method-in-group-name">TC_003_Verify_Login_With_Invalid_Password</span>
                <br/>
              </div> <!-- method-in-group -->
              <div class="method-in-group">
                <span class="method-in-group-name">TC_004_VerifyInvalidTargetDownload</span>
                <br/>
              </div> <!-- method-in-group -->
              <div class="method-in-group">
                <span class="method-in-group-name">TC_004_Verify_Login_With_Invalid_Project</span>
                <br/>
              </div> <!-- method-in-group -->
              <div class="method-in-group">
                <span class="method-in-group-name">TC_005_Verify_Login_With_Invalid_Mobile_Number</span>
                <br/>
              </div> <!-- method-in-group -->
              <div class="method-in-group">
                <span class="method-in-group-name">TC_005_Verify_Upload_Button_Without_Completing_Form</span>
                <br/>
              </div> <!-- method-in-group -->
              <div class="method-in-group">
                <span class="method-in-group-name">TC_006_VerifySubmitButtonWithoutAddingTarget</span>
                <br/>
              </div> <!-- method-in-group -->
              <div class="method-in-group">
                <span class="method-in-group-name">TC_006_Verify_Login_Without_Entering_Username</span>
                <br/>
              </div> <!-- method-in-group -->
              <div class="method-in-group">
                <span class="method-in-group-name">TC_007_Verify_Login_Without_Entering_Password</span>
                <br/>
              </div> <!-- method-in-group -->
              <div class="method-in-group">
                <span class="method-in-group-name">TC_008_Verify_Login_Without_Entering_Project</span>
                <br/>
              </div> <!-- method-in-group -->
              <div class="method-in-group">
                <span class="method-in-group-name">TC_009_Verify_Login_Without_Entering_Mobile_Number</span>
                <br/>
              </div> <!-- method-in-group -->
            </div> <!-- test-group -->
            <div class="test-group">
              <span class="test-group-name">regression</span>
              <br/>
              <div class="method-in-group">
                <span class="method-in-group-name">TC002_VerifyPPTXFileDownloaded</span>
                <br/>
              </div> <!-- method-in-group -->
              <div class="method-in-group">
                <span class="method-in-group-name">TC003_VerifyMP4FileDownloaded</span>
                <br/>
              </div> <!-- method-in-group -->
              <div class="method-in-group">
                <span class="method-in-group-name">TC004_VerifyPDFFileDownloaded</span>
                <br/>
              </div> <!-- method-in-group -->
              <div class="method-in-group">
                <span class="method-in-group-name">TC005_VerifyDOCXFileDownloaded</span>
                <br/>
              </div> <!-- method-in-group -->
              <div class="method-in-group">
                <span class="method-in-group-name">TC006_VerifyJPGFileDownloaded</span>
                <br/>
              </div> <!-- method-in-group -->
              <div class="method-in-group">
                <span class="method-in-group-name">TC007_VerifyXLSXFileDownloaded</span>
                <br/>
              </div> <!-- method-in-group -->
              <div class="method-in-group">
                <span class="method-in-group-name">TC_001_VerifyAttendanceModuleDisplayed</span>
                <br/>
              </div> <!-- method-in-group -->
              <div class="method-in-group">
                <span class="method-in-group-name">TC_001_VerifyDownloadCallsModuleIsDisplayed</span>
                <br/>
              </div> <!-- method-in-group -->
              <div class="method-in-group">
                <span class="method-in-group-name">TC_001_VerifyVisitorLoginModuleDisplayed</span>
                <br/>
              </div> <!-- method-in-group -->
              <div class="method-in-group">
                <span class="method-in-group-name">TC_001_Verify_Call_Plan_Module_Displayed</span>
                <br/>
              </div> <!-- method-in-group -->
              <div class="method-in-group">
                <span class="method-in-group-name">TC_001_Verify_Login_With_Valid_Credentials</span>
                <br/>
              </div> <!-- method-in-group -->
              <div class="method-in-group">
                <span class="method-in-group-name">TC_001_Verify_ResourceCenter_Module_Displayed</span>
                <br/>
              </div> <!-- method-in-group -->
              <div class="method-in-group">
                <span class="method-in-group-name">TC_002_VerifyAttendanceWithoutCapturingImage</span>
                <br/>
              </div> <!-- method-in-group -->
              <div class="method-in-group">
                <span class="method-in-group-name">TC_002_VerifyCallsAreDownloaded</span>
                <br/>
              </div> <!-- method-in-group -->
              <div class="method-in-group">
                <span class="method-in-group-name">TC_002_VerifySubmitButtonWithoutEnteringFields</span>
                <br/>
              </div> <!-- method-in-group -->
              <div class="method-in-group">
                <span class="method-in-group-name">TC_002_Verify_Login_With_Invalid_Username</span>
                <br/>
              </div> <!-- method-in-group -->
              <div class="method-in-group">
                <span class="method-in-group-name">TC_002_Verify_Sync_Button_Functionality</span>
                <br/>
              </div> <!-- method-in-group -->
              <div class="method-in-group">
                <span class="method-in-group-name">TC_003_VerifyAttendanceSubmission</span>
                <br/>
              </div> <!-- method-in-group -->
              <div class="method-in-group">
                <span class="method-in-group-name">TC_003_VerifyDuplicateCallDownload</span>
                <br/>
              </div> <!-- method-in-group -->
              <div class="method-in-group">
                <span class="method-in-group-name">TC_003_VerifyVisitorEmpIDTextboxCharacterLimit</span>
                <br/>
              </div> <!-- method-in-group -->
              <div class="method-in-group">
                <span class="method-in-group-name">TC_003_Verify_5_Minute_Sync_Process</span>
                <br/>
              </div> <!-- method-in-group -->
              <div class="method-in-group">
                <span class="method-in-group-name">TC_003_Verify_Login_With_Invalid_Password</span>
                <br/>
              </div> <!-- method-in-group -->
              <div class="method-in-group">
                <span class="method-in-group-name">TC_004_VerifyAttendanceRecordedInDatabase</span>
                <br/>
              </div> <!-- method-in-group -->
              <div class="method-in-group">
                <span class="method-in-group-name">TC_004_VerifyInvalidTargetDownload</span>
                <br/>
              </div> <!-- method-in-group -->
              <div class="method-in-group">
                <span class="method-in-group-name">TC_004_VerifyVisitorEmpIDTextboxAcceptsSpecialCharacters</span>
                <br/>
              </div> <!-- method-in-group -->
              <div class="method-in-group">
                <span class="method-in-group-name">TC_004_Verify_Login_With_Invalid_Project</span>
                <br/>
              </div> <!-- method-in-group -->
              <div class="method-in-group">
                <span class="method-in-group-name">TC_005_VerifyRemoveButtonFunctionality</span>
                <br/>
              </div> <!-- method-in-group -->
              <div class="method-in-group">
                <span class="method-in-group-name">TC_005_VerifyVisitorEmpIDTextboxAcceptsNumbers</span>
                <br/>
              </div> <!-- method-in-group -->
              <div class="method-in-group">
                <span class="method-in-group-name">TC_005_Verify_Login_With_Invalid_Mobile_Number</span>
                <br/>
              </div> <!-- method-in-group -->
              <div class="method-in-group">
                <span class="method-in-group-name">TC_005_Verify_Upload_Button_Without_Completing_Form</span>
                <br/>
              </div> <!-- method-in-group -->
              <div class="method-in-group">
                <span class="method-in-group-name">TC_006_VerifySubmitButtonWithoutAddingTarget</span>
                <br/>
              </div> <!-- method-in-group -->
              <div class="method-in-group">
                <span class="method-in-group-name">TC_006_VerifyVisitorNameTextboxCharacterLimit</span>
                <br/>
              </div> <!-- method-in-group -->
              <div class="method-in-group">
                <span class="method-in-group-name">TC_006_Verify_Login_Without_Entering_Username</span>
                <br/>
              </div> <!-- method-in-group -->
              <div class="method-in-group">
                <span class="method-in-group-name">TC_007_VerifyTargetIDTextboxCharacterLimit</span>
                <br/>
              </div> <!-- method-in-group -->
              <div class="method-in-group">
                <span class="method-in-group-name">TC_007_VerifyVisitorNameTextboxAcceptsSpecialCharacters</span>
                <br/>
              </div> <!-- method-in-group -->
              <div class="method-in-group">
                <span class="method-in-group-name">TC_007_Verify_Login_Without_Entering_Password</span>
                <br/>
              </div> <!-- method-in-group -->
              <div class="method-in-group">
                <span class="method-in-group-name">TC_008_VerifyVisitorNameTextboxAcceptsNumbers</span>
                <br/>
              </div> <!-- method-in-group -->
              <div class="method-in-group">
                <span class="method-in-group-name">TC_008_Verify_Login_Without_Entering_Project</span>
                <br/>
              </div> <!-- method-in-group -->
              <div class="method-in-group">
                <span class="method-in-group-name">TC_009_VerifyDesignationTextboxCharacterLimit</span>
                <br/>
              </div> <!-- method-in-group -->
              <div class="method-in-group">
                <span class="method-in-group-name">TC_009_Verify_Call_Upload</span>
                <br/>
              </div> <!-- method-in-group -->
              <div class="method-in-group">
                <span class="method-in-group-name">TC_009_Verify_Login_Without_Entering_Mobile_Number</span>
                <br/>
              </div> <!-- method-in-group -->
              <div class="method-in-group">
                <span class="method-in-group-name">TC_010_VerifyDesignationTextboxAcceptsSpecialCharacters</span>
                <br/>
              </div> <!-- method-in-group -->
              <div class="method-in-group">
                <span class="method-in-group-name">TC_010_Verify_UsernameTextboxCharacterLimit</span>
                <br/>
              </div> <!-- method-in-group -->
              <div class="method-in-group">
                <span class="method-in-group-name">TC_011_VerifyDesignationTextboxAcceptsNumbers</span>
                <br/>
              </div> <!-- method-in-group -->
              <div class="method-in-group">
                <span class="method-in-group-name">TC_011_Verify_UsernameTextboxAcceptsSpecialCharacters</span>
                <br/>
              </div> <!-- method-in-group -->
              <div class="method-in-group">
                <span class="method-in-group-name">TC_012_VerifyRemarksTextboxCharacterLimit</span>
                <br/>
              </div> <!-- method-in-group -->
              <div class="method-in-group">
                <span class="method-in-group-name">TC_012_Verify_UsernameTextboxAcceptsNumbers</span>
                <br/>
              </div> <!-- method-in-group -->
              <div class="method-in-group">
                <span class="method-in-group-name">TC_013_VerifyRemarksTextboxAcceptsSpecialCharacters</span>
                <br/>
              </div> <!-- method-in-group -->
              <div class="method-in-group">
                <span class="method-in-group-name">TC_013_Verify_PasswordTextboxCharacterLimit</span>
                <br/>
              </div> <!-- method-in-group -->
              <div class="method-in-group">
                <span class="method-in-group-name">TC_014_Verify_ProjectTextboxCharacterLimit</span>
                <br/>
              </div> <!-- method-in-group -->
              <div class="method-in-group">
                <span class="method-in-group-name">TC_014_Verify_RemarksTextboxAcceptsNumbers</span>
                <br/>
              </div> <!-- method-in-group -->
              <div class="method-in-group">
                <span class="method-in-group-name">TC_015_Verify_ProjectTextboxAcceptsSpecialCharacters</span>
                <br/>
              </div> <!-- method-in-group -->
              <div class="method-in-group">
                <span class="method-in-group-name">TC_015_Verify_Visitor_Upload</span>
                <br/>
              </div> <!-- method-in-group -->
              <div class="method-in-group">
                <span class="method-in-group-name">TC_016_Verify_ProjectTextboxAcceptsNumbers</span>
                <br/>
              </div> <!-- method-in-group -->
              <div class="method-in-group">
                <span class="method-in-group-name">TC_017_Verify_MobileNumberTextboxCharacterLimit</span>
                <br/>
              </div> <!-- method-in-group -->
            </div> <!-- test-group -->
            <div class="test-group">
              <span class="test-group-name">smoke</span>
              <br/>
              <div class="method-in-group">
                <span class="method-in-group-name">TC002_VerifyPPTXFileDownloaded</span>
                <br/>
              </div> <!-- method-in-group -->
              <div class="method-in-group">
                <span class="method-in-group-name">TC003_VerifyMP4FileDownloaded</span>
                <br/>
              </div> <!-- method-in-group -->
              <div class="method-in-group">
                <span class="method-in-group-name">TC004_VerifyPDFFileDownloaded</span>
                <br/>
              </div> <!-- method-in-group -->
              <div class="method-in-group">
                <span class="method-in-group-name">TC005_VerifyDOCXFileDownloaded</span>
                <br/>
              </div> <!-- method-in-group -->
              <div class="method-in-group">
                <span class="method-in-group-name">TC006_VerifyJPGFileDownloaded</span>
                <br/>
              </div> <!-- method-in-group -->
              <div class="method-in-group">
                <span class="method-in-group-name">TC007_VerifyXLSXFileDownloaded</span>
                <br/>
              </div> <!-- method-in-group -->
              <div class="method-in-group">
                <span class="method-in-group-name">TC_001_VerifyAttendanceModuleDisplayed</span>
                <br/>
              </div> <!-- method-in-group -->
              <div class="method-in-group">
                <span class="method-in-group-name">TC_001_VerifyDownloadCallsModuleIsDisplayed</span>
                <br/>
              </div> <!-- method-in-group -->
              <div class="method-in-group">
                <span class="method-in-group-name">TC_001_VerifyVisitorLoginModuleDisplayed</span>
                <br/>
              </div> <!-- method-in-group -->
              <div class="method-in-group">
                <span class="method-in-group-name">TC_001_Verify_Call_Plan_Module_Displayed</span>
                <br/>
              </div> <!-- method-in-group -->
              <div class="method-in-group">
                <span class="method-in-group-name">TC_001_Verify_Login_With_Valid_Credentials</span>
                <br/>
              </div> <!-- method-in-group -->
              <div class="method-in-group">
                <span class="method-in-group-name">TC_001_Verify_ResourceCenter_Module_Displayed</span>
                <br/>
              </div> <!-- method-in-group -->
              <div class="method-in-group">
                <span class="method-in-group-name">TC_002_VerifyCallsAreDownloaded</span>
                <br/>
              </div> <!-- method-in-group -->
              <div class="method-in-group">
                <span class="method-in-group-name">TC_002_Verify_Sync_Button_Functionality</span>
                <br/>
              </div> <!-- method-in-group -->
              <div class="method-in-group">
                <span class="method-in-group-name">TC_003_VerifyAttendanceSubmission</span>
                <br/>
              </div> <!-- method-in-group -->
              <div class="method-in-group">
                <span class="method-in-group-name">TC_003_Verify_5_Minute_Sync_Process</span>
                <br/>
              </div> <!-- method-in-group -->
              <div class="method-in-group">
                <span class="method-in-group-name">TC_004_VerifyAttendanceRecordedInDatabase</span>
                <br/>
              </div> <!-- method-in-group -->
              <div class="method-in-group">
                <span class="method-in-group-name">TC_009_Verify_Call_Upload</span>
                <br/>
              </div> <!-- method-in-group -->
              <div class="method-in-group">
                <span class="method-in-group-name">TC_015_Verify_Visitor_Upload</span>
                <br/>
              </div> <!-- method-in-group -->
            </div> <!-- test-group -->
          </div> <!-- main-panel-content rounded-window-bottom -->
        </div> <!-- panel -->
        <div panel-name="times-Regression_Suite" class="panel">
          <div class="main-panel-header rounded-window-top">
            <span class="header-content">Times for Regression Suite</span>
          </div> <!-- main-panel-header rounded-window-top -->
          <div class="main-panel-content rounded-window-bottom">
            <div class="times-div">
              <script type="text/javascript">
suiteTableInitFunctions.push('tableData_Regression_Suite');
function tableData_Regression_Suite() {
var data = new google.visualization.DataTable();
data.addColumn('number', 'Number');
data.addColumn('string', 'Method');
data.addColumn('string', 'Class');
data.addColumn('number', 'Time (ms)');
data.addRows(55);
data.setCell(0, 0, 0)
data.setCell(0, 1, 'TC_002_Verify_Sync_Button_Functionality')
data.setCell(0, 2, 'Tests.CallPlanTest')
data.setCell(0, 3, 1);
data.setCell(1, 0, 1)
data.setCell(1, 1, 'TC_007_VerifyVisitorNameTextboxAcceptsSpecialCharacters')
data.setCell(1, 2, 'Tests.VisitorLoginTest')
data.setCell(1, 3, 0);
data.setCell(2, 0, 2)
data.setCell(2, 1, 'TC_003_Verify_Login_With_Invalid_Password')
data.setCell(2, 2, 'Tests.LoginTest')
data.setCell(2, 3, 0);
data.setCell(3, 0, 3)
data.setCell(3, 1, 'TC_001_VerifyAttendanceModuleDisplayed')
data.setCell(3, 2, 'Tests.AttendanceTest')
data.setCell(3, 3, 0);
data.setCell(4, 0, 4)
data.setCell(4, 1, 'TC_003_VerifyDuplicateCallDownload')
data.setCell(4, 2, 'Tests.DownloadcallsTest')
data.setCell(4, 3, 0);
data.setCell(5, 0, 5)
data.setCell(5, 1, 'TC005_VerifyDOCXFileDownloaded')
data.setCell(5, 2, 'Tests.ResourceCentreTest')
data.setCell(5, 3, 0);
data.setCell(6, 0, 6)
data.setCell(6, 1, 'TC_007_VerifyTargetIDTextboxCharacterLimit')
data.setCell(6, 2, 'Tests.DownloadcallsTest')
data.setCell(6, 3, 0);
data.setCell(7, 0, 7)
data.setCell(7, 1, 'TC_014_Verify_ProjectTextboxCharacterLimit')
data.setCell(7, 2, 'Tests.LoginTest')
data.setCell(7, 3, 0);
data.setCell(8, 0, 8)
data.setCell(8, 1, 'TC_015_Verify_Visitor_Upload')
data.setCell(8, 2, 'Tests.VisitorLoginTest')
data.setCell(8, 3, 0);
data.setCell(9, 0, 9)
data.setCell(9, 1, 'TC_002_Verify_Login_With_Invalid_Username')
data.setCell(9, 2, 'Tests.LoginTest')
data.setCell(9, 3, 0);
data.setCell(10, 0, 10)
data.setCell(10, 1, 'TC_009_Verify_Login_Without_Entering_Mobile_Number')
data.setCell(10, 2, 'Tests.LoginTest')
data.setCell(10, 3, 0);
data.setCell(11, 0, 11)
data.setCell(11, 1, 'TC_016_Verify_ProjectTextboxAcceptsNumbers')
data.setCell(11, 2, 'Tests.LoginTest')
data.setCell(11, 3, 0);
data.setCell(12, 0, 12)
data.setCell(12, 1, 'TC_005_Verify_Upload_Button_Without_Completing_Form')
data.setCell(12, 2, 'Tests.CallPlanTest')
data.setCell(12, 3, 0);
data.setCell(13, 0, 13)
data.setCell(13, 1, 'TC_009_Verify_Call_Upload')
data.setCell(13, 2, 'Tests.CallPlanTest')
data.setCell(13, 3, 0);
data.setCell(14, 0, 14)
data.setCell(14, 1, 'TC003_VerifyMP4FileDownloaded')
data.setCell(14, 2, 'Tests.ResourceCentreTest')
data.setCell(14, 3, 0);
data.setCell(15, 0, 15)
data.setCell(15, 1, 'TC_013_Verify_PasswordTextboxCharacterLimit')
data.setCell(15, 2, 'Tests.LoginTest')
data.setCell(15, 3, 0);
data.setCell(16, 0, 16)
data.setCell(16, 1, 'TC_011_Verify_UsernameTextboxAcceptsSpecialCharacters')
data.setCell(16, 2, 'Tests.LoginTest')
data.setCell(16, 3, 0);
data.setCell(17, 0, 17)
data.setCell(17, 1, 'TC_001_Verify_Login_With_Valid_Credentials')
data.setCell(17, 2, 'Tests.LoginTest')
data.setCell(17, 3, 0);
data.setCell(18, 0, 18)
data.setCell(18, 1, 'TC_004_VerifyVisitorEmpIDTextboxAcceptsSpecialCharacters')
data.setCell(18, 2, 'Tests.VisitorLoginTest')
data.setCell(18, 3, 0);
data.setCell(19, 0, 19)
data.setCell(19, 1, 'TC_011_VerifyDesignationTextboxAcceptsNumbers')
data.setCell(19, 2, 'Tests.VisitorLoginTest')
data.setCell(19, 3, 0);
data.setCell(20, 0, 20)
data.setCell(20, 1, 'TC_012_VerifyRemarksTextboxCharacterLimit')
data.setCell(20, 2, 'Tests.VisitorLoginTest')
data.setCell(20, 3, 0);
data.setCell(21, 0, 21)
data.setCell(21, 1, 'TC_001_Verify_Call_Plan_Module_Displayed')
data.setCell(21, 2, 'Tests.CallPlanTest')
data.setCell(21, 3, 0);
data.setCell(22, 0, 22)
data.setCell(22, 1, 'TC_002_VerifyAttendanceWithoutCapturingImage')
data.setCell(22, 2, 'Tests.AttendanceTest')
data.setCell(22, 3, 0);
data.setCell(23, 0, 23)
data.setCell(23, 1, 'TC_003_VerifyVisitorEmpIDTextboxCharacterLimit')
data.setCell(23, 2, 'Tests.VisitorLoginTest')
data.setCell(23, 3, 0);
data.setCell(24, 0, 24)
data.setCell(24, 1, 'TC_017_Verify_MobileNumberTextboxCharacterLimit')
data.setCell(24, 2, 'Tests.LoginTest')
data.setCell(24, 3, 0);
data.setCell(25, 0, 25)
data.setCell(25, 1, 'TC_008_Verify_Login_Without_Entering_Project')
data.setCell(25, 2, 'Tests.LoginTest')
data.setCell(25, 3, 0);
data.setCell(26, 0, 26)
data.setCell(26, 1, 'TC007_VerifyXLSXFileDownloaded')
data.setCell(26, 2, 'Tests.ResourceCentreTest')
data.setCell(26, 3, 0);
data.setCell(27, 0, 27)
data.setCell(27, 1, 'TC_007_Verify_Login_Without_Entering_Password')
data.setCell(27, 2, 'Tests.LoginTest')
data.setCell(27, 3, 0);
data.setCell(28, 0, 28)
data.setCell(28, 1, 'TC_006_VerifyVisitorNameTextboxCharacterLimit')
data.setCell(28, 2, 'Tests.VisitorLoginTest')
data.setCell(28, 3, 0);
data.setCell(29, 0, 29)
data.setCell(29, 1, 'TC_004_VerifyInvalidTargetDownload')
data.setCell(29, 2, 'Tests.DownloadcallsTest')
data.setCell(29, 3, 0);
data.setCell(30, 0, 30)
data.setCell(30, 1, 'TC_010_VerifyDesignationTextboxAcceptsSpecialCharacters')
data.setCell(30, 2, 'Tests.VisitorLoginTest')
data.setCell(30, 3, 0);
data.setCell(31, 0, 31)
data.setCell(31, 1, 'TC_003_Verify_5_Minute_Sync_Process')
data.setCell(31, 2, 'Tests.CallPlanTest')
data.setCell(31, 3, 0);
data.setCell(32, 0, 32)
data.setCell(32, 1, 'TC_004_VerifyAttendanceRecordedInDatabase')
data.setCell(32, 2, 'Tests.AttendanceTest')
data.setCell(32, 3, 0);
data.setCell(33, 0, 33)
data.setCell(33, 1, 'TC_014_Verify_RemarksTextboxAcceptsNumbers')
data.setCell(33, 2, 'Tests.VisitorLoginTest')
data.setCell(33, 3, 0);
data.setCell(34, 0, 34)
data.setCell(34, 1, 'TC_005_VerifyRemoveButtonFunctionality')
data.setCell(34, 2, 'Tests.DownloadcallsTest')
data.setCell(34, 3, 0);
data.setCell(35, 0, 35)
data.setCell(35, 1, 'TC_005_VerifyVisitorEmpIDTextboxAcceptsNumbers')
data.setCell(35, 2, 'Tests.VisitorLoginTest')
data.setCell(35, 3, 0);
data.setCell(36, 0, 36)
data.setCell(36, 1, 'TC_005_Verify_Login_With_Invalid_Mobile_Number')
data.setCell(36, 2, 'Tests.LoginTest')
data.setCell(36, 3, 0);
data.setCell(37, 0, 37)
data.setCell(37, 1, 'TC_001_Verify_ResourceCenter_Module_Displayed')
data.setCell(37, 2, 'Tests.ResourceCentreTest')
data.setCell(37, 3, 0);
data.setCell(38, 0, 38)
data.setCell(38, 1, 'TC_009_VerifyDesignationTextboxCharacterLimit')
data.setCell(38, 2, 'Tests.VisitorLoginTest')
data.setCell(38, 3, 0);
data.setCell(39, 0, 39)
data.setCell(39, 1, 'TC_010_Verify_UsernameTextboxCharacterLimit')
data.setCell(39, 2, 'Tests.LoginTest')
data.setCell(39, 3, 0);
data.setCell(40, 0, 40)
data.setCell(40, 1, 'TC_003_VerifyAttendanceSubmission')
data.setCell(40, 2, 'Tests.AttendanceTest')
data.setCell(40, 3, 0);
data.setCell(41, 0, 41)
data.setCell(41, 1, 'TC_015_Verify_ProjectTextboxAcceptsSpecialCharacters')
data.setCell(41, 2, 'Tests.LoginTest')
data.setCell(41, 3, 0);
data.setCell(42, 0, 42)
data.setCell(42, 1, 'TC004_VerifyPDFFileDownloaded')
data.setCell(42, 2, 'Tests.ResourceCentreTest')
data.setCell(42, 3, 0);
data.setCell(43, 0, 43)
data.setCell(43, 1, 'TC_001_VerifyDownloadCallsModuleIsDisplayed')
data.setCell(43, 2, 'Tests.DownloadcallsTest')
data.setCell(43, 3, 0);
data.setCell(44, 0, 44)
data.setCell(44, 1, 'TC_001_VerifyVisitorLoginModuleDisplayed')
data.setCell(44, 2, 'Tests.VisitorLoginTest')
data.setCell(44, 3, 0);
data.setCell(45, 0, 45)
data.setCell(45, 1, 'TC_004_Verify_Login_With_Invalid_Project')
data.setCell(45, 2, 'Tests.LoginTest')
data.setCell(45, 3, 0);
data.setCell(46, 0, 46)
data.setCell(46, 1, 'TC_002_VerifyCallsAreDownloaded')
data.setCell(46, 2, 'Tests.DownloadcallsTest')
data.setCell(46, 3, 0);
data.setCell(47, 0, 47)
data.setCell(47, 1, 'TC006_VerifyJPGFileDownloaded')
data.setCell(47, 2, 'Tests.ResourceCentreTest')
data.setCell(47, 3, 0);
data.setCell(48, 0, 48)
data.setCell(48, 1, 'TC_008_VerifyVisitorNameTextboxAcceptsNumbers')
data.setCell(48, 2, 'Tests.VisitorLoginTest')
data.setCell(48, 3, 0);
data.setCell(49, 0, 49)
data.setCell(49, 1, 'TC_013_VerifyRemarksTextboxAcceptsSpecialCharacters')
data.setCell(49, 2, 'Tests.VisitorLoginTest')
data.setCell(49, 3, 0);
data.setCell(50, 0, 50)
data.setCell(50, 1, 'TC_012_Verify_UsernameTextboxAcceptsNumbers')
data.setCell(50, 2, 'Tests.LoginTest')
data.setCell(50, 3, 0);
data.setCell(51, 0, 51)
data.setCell(51, 1, 'TC002_VerifyPPTXFileDownloaded')
data.setCell(51, 2, 'Tests.ResourceCentreTest')
data.setCell(51, 3, 0);
data.setCell(52, 0, 52)
data.setCell(52, 1, 'TC_006_VerifySubmitButtonWithoutAddingTarget')
data.setCell(52, 2, 'Tests.DownloadcallsTest')
data.setCell(52, 3, 0);
data.setCell(53, 0, 53)
data.setCell(53, 1, 'TC_002_VerifySubmitButtonWithoutEnteringFields')
data.setCell(53, 2, 'Tests.VisitorLoginTest')
data.setCell(53, 3, 0);
data.setCell(54, 0, 54)
data.setCell(54, 1, 'TC_006_Verify_Login_Without_Entering_Username')
data.setCell(54, 2, 'Tests.LoginTest')
data.setCell(54, 3, 0);
window.suiteTableData['Regression_Suite']= { tableData: data, tableDiv: 'times-div-Regression_Suite'}
return data;
}
              </script>
              <span class="suite-total-time">Total running time: 1 ms</span>
              <div id="times-div-Regression_Suite">
              </div> <!-- times-div-Regression_Suite -->
            </div> <!-- times-div -->
          </div> <!-- main-panel-content rounded-window-bottom -->
        </div> <!-- panel -->
        <div panel-name="reporter-Regression_Suite" class="panel">
          <div class="main-panel-header rounded-window-top">
            <span class="header-content">Reporter output for Regression Suite</span>
          </div> <!-- main-panel-header rounded-window-top -->
          <div class="main-panel-content rounded-window-bottom">
          </div> <!-- main-panel-content rounded-window-bottom -->
        </div> <!-- panel -->
        <div panel-name="ignored-methods-Regression_Suite" class="panel">
          <div class="main-panel-header rounded-window-top">
            <span class="header-content">2 ignored methods</span>
          </div> <!-- main-panel-header rounded-window-top -->
          <div class="main-panel-content rounded-window-bottom">
            <div class="ignored-class-div">
              <span class="ignored-class-name">Tests.CallPlanTest</span>
              <div class="ignored-methods-div">
                <span class="ignored-method-name">tearDownApp</span>
                <br/>
                <span class="ignored-method-name">StartApp</span>
                <br/>
              </div> <!-- ignored-methods-div -->
            </div> <!-- ignored-class-div -->
          </div> <!-- main-panel-content rounded-window-bottom -->
        </div> <!-- panel -->
        <div panel-name="chronological-Regression_Suite" class="panel">
          <div class="main-panel-header rounded-window-top">
            <span class="header-content">Methods in chronological order</span>
          </div> <!-- main-panel-header rounded-window-top -->
          <div class="main-panel-content rounded-window-bottom">
            <div class="chronological-class">
              <div class="chronological-class-name">Tests.LoginTest</div> <!-- chronological-class-name -->
              <div class="configuration-suite before">
                <img src="failed.png">
                </img>
                <span class="method-name">StartApp</span>
                <span class="method-start">0 ms</span>
              </div> <!-- configuration-suite before -->
              <div class="test-method">
                <span class="method-name">TC_001_Verify_Login_With_Valid_Credentials</span>
                <span class="method-start">20381 ms</span>
              </div> <!-- test-method -->
              <div class="test-method">
                <span class="method-name">TC_002_Verify_Login_With_Invalid_Username</span>
                <span class="method-start">20393 ms</span>
              </div> <!-- test-method -->
              <div class="test-method">
                <span class="method-name">TC_003_Verify_Login_With_Invalid_Password</span>
                <span class="method-start">20396 ms</span>
              </div> <!-- test-method -->
              <div class="test-method">
                <span class="method-name">TC_004_Verify_Login_With_Invalid_Project</span>
                <span class="method-start">20400 ms</span>
              </div> <!-- test-method -->
              <div class="test-method">
                <span class="method-name">TC_005_Verify_Login_With_Invalid_Mobile_Number</span>
                <span class="method-start">20403 ms</span>
              </div> <!-- test-method -->
              <div class="test-method">
                <span class="method-name">TC_006_Verify_Login_Without_Entering_Username</span>
                <span class="method-start">20405 ms</span>
              </div> <!-- test-method -->
              <div class="test-method">
                <span class="method-name">TC_007_Verify_Login_Without_Entering_Password</span>
                <span class="method-start">20408 ms</span>
              </div> <!-- test-method -->
              <div class="test-method">
                <span class="method-name">TC_008_Verify_Login_Without_Entering_Project</span>
                <span class="method-start">20410 ms</span>
              </div> <!-- test-method -->
              <div class="test-method">
                <span class="method-name">TC_009_Verify_Login_Without_Entering_Mobile_Number</span>
                <span class="method-start">20413 ms</span>
              </div> <!-- test-method -->
              <div class="test-method">
                <span class="method-name">TC_010_Verify_UsernameTextboxCharacterLimit</span>
                <span class="method-start">20415 ms</span>
              </div> <!-- test-method -->
              <div class="test-method">
                <span class="method-name">TC_011_Verify_UsernameTextboxAcceptsSpecialCharacters</span>
                <span class="method-start">20417 ms</span>
              </div> <!-- test-method -->
              <div class="test-method">
                <span class="method-name">TC_012_Verify_UsernameTextboxAcceptsNumbers</span>
                <span class="method-start">20420 ms</span>
              </div> <!-- test-method -->
              <div class="test-method">
                <span class="method-name">TC_013_Verify_PasswordTextboxCharacterLimit</span>
                <span class="method-start">20424 ms</span>
              </div> <!-- test-method -->
              <div class="test-method">
                <span class="method-name">TC_014_Verify_ProjectTextboxCharacterLimit</span>
                <span class="method-start">20427 ms</span>
              </div> <!-- test-method -->
              <div class="test-method">
                <span class="method-name">TC_015_Verify_ProjectTextboxAcceptsSpecialCharacters</span>
                <span class="method-start">20430 ms</span>
              </div> <!-- test-method -->
              <div class="test-method">
                <span class="method-name">TC_016_Verify_ProjectTextboxAcceptsNumbers</span>
                <span class="method-start">20432 ms</span>
              </div> <!-- test-method -->
              <div class="test-method">
                <span class="method-name">TC_017_Verify_MobileNumberTextboxCharacterLimit</span>
                <span class="method-start">20437 ms</span>
              </div> <!-- test-method -->
            </div> <!-- chronological-class -->
            <div class="chronological-class">
              <div class="chronological-class-name">Tests.DownloadcallsTest</div> <!-- chronological-class-name -->
              <div class="test-method">
                <span class="method-name">TC_001_VerifyDownloadCallsModuleIsDisplayed</span>
                <span class="method-start">20440 ms</span>
              </div> <!-- test-method -->
              <div class="test-method">
                <span class="method-name">TC_002_VerifyCallsAreDownloaded</span>
                <span class="method-start">20444 ms</span>
              </div> <!-- test-method -->
              <div class="test-method">
                <span class="method-name">TC_003_VerifyDuplicateCallDownload</span>
                <span class="method-start">20447 ms</span>
              </div> <!-- test-method -->
              <div class="test-method">
                <span class="method-name">TC_004_VerifyInvalidTargetDownload</span>
                <span class="method-start">20450 ms</span>
              </div> <!-- test-method -->
              <div class="test-method">
                <span class="method-name">TC_005_VerifyRemoveButtonFunctionality</span>
                <span class="method-start">20453 ms</span>
              </div> <!-- test-method -->
              <div class="test-method">
                <span class="method-name">TC_006_VerifySubmitButtonWithoutAddingTarget</span>
                <span class="method-start">20456 ms</span>
              </div> <!-- test-method -->
              <div class="test-method">
                <span class="method-name">TC_007_VerifyTargetIDTextboxCharacterLimit</span>
                <span class="method-start">20459 ms</span>
              </div> <!-- test-method -->
            </div> <!-- chronological-class -->
            <div class="chronological-class">
              <div class="chronological-class-name">Tests.CallPlanTest</div> <!-- chronological-class-name -->
              <div class="test-method">
                <span class="method-name">TC_001_Verify_Call_Plan_Module_Displayed</span>
                <span class="method-start">20462 ms</span>
              </div> <!-- test-method -->
              <div class="test-method">
                <span class="method-name">TC_002_Verify_Sync_Button_Functionality</span>
                <span class="method-start">20464 ms</span>
              </div> <!-- test-method -->
              <div class="test-method">
                <span class="method-name">TC_003_Verify_5_Minute_Sync_Process</span>
                <span class="method-start">20467 ms</span>
              </div> <!-- test-method -->
              <div class="test-method">
                <span class="method-name">TC_005_Verify_Upload_Button_Without_Completing_Form</span>
                <span class="method-start">20469 ms</span>
              </div> <!-- test-method -->
              <div class="test-method">
                <span class="method-name">TC_009_Verify_Call_Upload</span>
                <span class="method-start">20471 ms</span>
              </div> <!-- test-method -->
            </div> <!-- chronological-class -->
            <div class="chronological-class">
              <div class="chronological-class-name">Tests.AttendanceTest</div> <!-- chronological-class-name -->
              <div class="test-method">
                <span class="method-name">TC_001_VerifyAttendanceModuleDisplayed</span>
                <span class="method-start">20475 ms</span>
              </div> <!-- test-method -->
              <div class="test-method">
                <span class="method-name">TC_002_VerifyAttendanceWithoutCapturingImage</span>
                <span class="method-start">20477 ms</span>
              </div> <!-- test-method -->
              <div class="test-method">
                <span class="method-name">TC_003_VerifyAttendanceSubmission</span>
                <span class="method-start">20479 ms</span>
              </div> <!-- test-method -->
              <div class="test-method">
                <span class="method-name">TC_004_VerifyAttendanceRecordedInDatabase</span>
                <span class="method-start">20481 ms</span>
              </div> <!-- test-method -->
            </div> <!-- chronological-class -->
            <div class="chronological-class">
              <div class="chronological-class-name">Tests.VisitorLoginTest</div> <!-- chronological-class-name -->
              <div class="test-method">
                <span class="method-name">TC_001_VerifyVisitorLoginModuleDisplayed</span>
                <span class="method-start">20484 ms</span>
              </div> <!-- test-method -->
              <div class="test-method">
                <span class="method-name">TC_002_VerifySubmitButtonWithoutEnteringFields</span>
                <span class="method-start">20486 ms</span>
              </div> <!-- test-method -->
              <div class="test-method">
                <span class="method-name">TC_003_VerifyVisitorEmpIDTextboxCharacterLimit</span>
                <span class="method-start">20491 ms</span>
              </div> <!-- test-method -->
              <div class="test-method">
                <span class="method-name">TC_004_VerifyVisitorEmpIDTextboxAcceptsSpecialCharacters</span>
                <span class="method-start">20494 ms</span>
              </div> <!-- test-method -->
              <div class="test-method">
                <span class="method-name">TC_005_VerifyVisitorEmpIDTextboxAcceptsNumbers</span>
                <span class="method-start">20497 ms</span>
              </div> <!-- test-method -->
              <div class="test-method">
                <span class="method-name">TC_006_VerifyVisitorNameTextboxCharacterLimit</span>
                <span class="method-start">20500 ms</span>
              </div> <!-- test-method -->
              <div class="test-method">
                <span class="method-name">TC_007_VerifyVisitorNameTextboxAcceptsSpecialCharacters</span>
                <span class="method-start">20503 ms</span>
              </div> <!-- test-method -->
              <div class="test-method">
                <span class="method-name">TC_008_VerifyVisitorNameTextboxAcceptsNumbers</span>
                <span class="method-start">20506 ms</span>
              </div> <!-- test-method -->
              <div class="test-method">
                <span class="method-name">TC_009_VerifyDesignationTextboxCharacterLimit</span>
                <span class="method-start">20508 ms</span>
              </div> <!-- test-method -->
              <div class="test-method">
                <span class="method-name">TC_010_VerifyDesignationTextboxAcceptsSpecialCharacters</span>
                <span class="method-start">20511 ms</span>
              </div> <!-- test-method -->
              <div class="test-method">
                <span class="method-name">TC_011_VerifyDesignationTextboxAcceptsNumbers</span>
                <span class="method-start">20513 ms</span>
              </div> <!-- test-method -->
              <div class="test-method">
                <span class="method-name">TC_012_VerifyRemarksTextboxCharacterLimit</span>
                <span class="method-start">20516 ms</span>
              </div> <!-- test-method -->
              <div class="test-method">
                <span class="method-name">TC_013_VerifyRemarksTextboxAcceptsSpecialCharacters</span>
                <span class="method-start">20518 ms</span>
              </div> <!-- test-method -->
              <div class="test-method">
                <span class="method-name">TC_014_Verify_RemarksTextboxAcceptsNumbers</span>
                <span class="method-start">20521 ms</span>
              </div> <!-- test-method -->
              <div class="test-method">
                <span class="method-name">TC_015_Verify_Visitor_Upload</span>
                <span class="method-start">20524 ms</span>
              </div> <!-- test-method -->
            </div> <!-- chronological-class -->
            <div class="chronological-class">
              <div class="chronological-class-name">Tests.ResourceCentreTest</div> <!-- chronological-class-name -->
              <div class="test-method">
                <span class="method-name">TC_001_Verify_ResourceCenter_Module_Displayed</span>
                <span class="method-start">20526 ms</span>
              </div> <!-- test-method -->
              <div class="test-method">
                <span class="method-name">TC002_VerifyPPTXFileDownloaded</span>
                <span class="method-start">20528 ms</span>
              </div> <!-- test-method -->
              <div class="test-method">
                <span class="method-name">TC003_VerifyMP4FileDownloaded</span>
                <span class="method-start">20530 ms</span>
              </div> <!-- test-method -->
              <div class="test-method">
                <span class="method-name">TC004_VerifyPDFFileDownloaded</span>
                <span class="method-start">20533 ms</span>
              </div> <!-- test-method -->
              <div class="test-method">
                <span class="method-name">TC005_VerifyDOCXFileDownloaded</span>
                <span class="method-start">20535 ms</span>
              </div> <!-- test-method -->
              <div class="test-method">
                <span class="method-name">TC006_VerifyJPGFileDownloaded</span>
                <span class="method-start">20537 ms</span>
              </div> <!-- test-method -->
              <div class="test-method">
                <span class="method-name">TC007_VerifyXLSXFileDownloaded</span>
                <span class="method-start">20539 ms</span>
              </div> <!-- test-method -->
            </div> <!-- chronological-class -->
            <div class="chronological-class">
              <div class="chronological-class-name">Tests.LoginTest</div> <!-- chronological-class-name -->
              <div class="configuration-suite after">
                <span class="method-name">tearDownApp</span>
                <span class="method-start">20588 ms</span>
              </div> <!-- configuration-suite after -->
          </div> <!-- main-panel-content rounded-window-bottom -->
        </div> <!-- panel -->
      </div> <!-- main-panel-root -->
    </div> <!-- wrapper -->
  </body>
<script type="text/javascript" src="testng-reports2.js"></script>
</html>
