<?xml version="1.0" encoding="UTF-8"?>
<testng-results ignored="39" total="57" passed="15" failed="2" skipped="1">
  <reporter-output>
  </reporter-output>
  <suite started-at="2024-05-21T19:33:43 IST" name="Negative Suite" finished-at="2024-05-21T19:36:53 IST" duration-ms="190157">
    <groups>
      <group name="negative">
        <method signature="AttendanceTest.TC_002_Verify_Attendance_Without_Capturing_Image()[pri:2, instance:Tests.AttendanceTest@4eb386df]" name="TC_002_Verify_Attendance_Without_Capturing_Image" class="Tests.AttendanceTest"/>
        <method signature="VisitorLoginTest.TC_002_Verify_Submit_Button_Without_Enter_fields()[pri:2, instance:Tests.VisitorLoginTest@79517588]" name="TC_002_Verify_Submit_Button_Without_Enter_fields" class="Tests.VisitorLoginTest"/>
        <method signature="DownloadcallsTest.TC_003_VerifyDuplicateCallDownload()[pri:3, instance:Tests.DownloadcallsTest@6a55299e]" name="TC_003_VerifyDuplicateCallDownload" class="Tests.DownloadcallsTest"/>
        <method signature="CallPlanTest.TC_005_Verify_Upload_Button_Without_Completing_Form()[pri:4, instance:Tests.CallPlanTest@2f1de2d6]" name="TC_005_Verify_Upload_Button_Without_Completing_Form" class="Tests.CallPlanTest"/>
        <method signature="DownloadcallsTest.TC_004_VerifyInvalidTargetDownload()[pri:4, instance:Tests.DownloadcallsTest@6a55299e]" name="TC_004_VerifyInvalidTargetDownload" class="Tests.DownloadcallsTest"/>
        <method signature="DownloadcallsTest.TC_006_VerifySubmitButtonWithoutAddingTarget()[pri:6, instance:Tests.DownloadcallsTest@6a55299e]" name="TC_006_VerifySubmitButtonWithoutAddingTarget" class="Tests.DownloadcallsTest"/>
        <method signature="LoginTest.TC_002_Verify_Login_With_Invalid_Username()[pri:2, instance:Tests.LoginTest@460ebd80]" name="TC_002_Verify_Login_With_Invalid_Username" class="Tests.LoginTest"/>
        <method signature="LoginTest.TC_003_Verify_Login_With_Invalid_Password()[pri:3, instance:Tests.LoginTest@460ebd80]" name="TC_003_Verify_Login_With_Invalid_Password" class="Tests.LoginTest"/>
        <method signature="LoginTest.TC_004_Verify_Login_With_Invalid_Project()[pri:4, instance:Tests.LoginTest@460ebd80]" name="TC_004_Verify_Login_With_Invalid_Project" class="Tests.LoginTest"/>
        <method signature="LoginTest.TC_005_Verify_Login_With_Invalid_Mobile_Number()[pri:5, instance:Tests.LoginTest@460ebd80]" name="TC_005_Verify_Login_With_Invalid_Mobile_Number" class="Tests.LoginTest"/>
        <method signature="LoginTest.TC_006_Verify_Login_Without_Entering_Username()[pri:6, instance:Tests.LoginTest@460ebd80]" name="TC_006_Verify_Login_Without_Entering_Username" class="Tests.LoginTest"/>
        <method signature="LoginTest.TC_007_Verify_Login_Without_Entering_Password()[pri:7, instance:Tests.LoginTest@460ebd80]" name="TC_007_Verify_Login_Without_Entering_Password" class="Tests.LoginTest"/>
        <method signature="LoginTest.TC_008_Verify_Login_Without_Entering_Project()[pri:8, instance:Tests.LoginTest@460ebd80]" name="TC_008_Verify_Login_Without_Entering_Project" class="Tests.LoginTest"/>
        <method signature="LoginTest.TC_009_Verify_Login_Without_Entering_Mobile_Number()[pri:9, instance:Tests.LoginTest@460ebd80]" name="TC_009_Verify_Login_Without_Entering_Mobile_Number" class="Tests.LoginTest"/>
      </group> <!-- negative -->
      <group name="regression">
        <method signature="AttendanceTest.TC_001_Verify_Attendance_Module_Displayed()[pri:1, instance:Tests.AttendanceTest@4eb386df]" name="TC_001_Verify_Attendance_Module_Displayed" class="Tests.AttendanceTest"/>
        <method signature="CallPlanTest.TC_001_Verify_Call_Plan_Module_Displayed()[pri:1, instance:Tests.CallPlanTest@2f1de2d6]" name="TC_001_Verify_Call_Plan_Module_Displayed" class="Tests.CallPlanTest"/>
        <method signature="DownloadcallsTest.TC_001_VerifyDownloadCallsModuleIsDisplayed()[pri:1, instance:Tests.DownloadcallsTest@6a55299e]" name="TC_001_VerifyDownloadCallsModuleIsDisplayed" class="Tests.DownloadcallsTest"/>
        <method signature="VisitorLoginTest.TC_001_Verify_VisitorLogin_Module_Displayed()[pri:1, instance:Tests.VisitorLoginTest@79517588]" name="TC_001_Verify_VisitorLogin_Module_Displayed" class="Tests.VisitorLoginTest"/>
        <method signature="AttendanceTest.TC_002_Verify_Attendance_Without_Capturing_Image()[pri:2, instance:Tests.AttendanceTest@4eb386df]" name="TC_002_Verify_Attendance_Without_Capturing_Image" class="Tests.AttendanceTest"/>
        <method signature="VisitorLoginTest.TC_002_Verify_Submit_Button_Without_Enter_fields()[pri:2, instance:Tests.VisitorLoginTest@79517588]" name="TC_002_Verify_Submit_Button_Without_Enter_fields" class="Tests.VisitorLoginTest"/>
        <method signature="DownloadcallsTest.TC_003_VerifyDuplicateCallDownload()[pri:3, instance:Tests.DownloadcallsTest@6a55299e]" name="TC_003_VerifyDuplicateCallDownload" class="Tests.DownloadcallsTest"/>
        <method signature="CallPlanTest.TC_005_Verify_Upload_Button_Without_Completing_Form()[pri:4, instance:Tests.CallPlanTest@2f1de2d6]" name="TC_005_Verify_Upload_Button_Without_Completing_Form" class="Tests.CallPlanTest"/>
        <method signature="DownloadcallsTest.TC_004_VerifyInvalidTargetDownload()[pri:4, instance:Tests.DownloadcallsTest@6a55299e]" name="TC_004_VerifyInvalidTargetDownload" class="Tests.DownloadcallsTest"/>
        <method signature="DownloadcallsTest.TC_006_VerifySubmitButtonWithoutAddingTarget()[pri:6, instance:Tests.DownloadcallsTest@6a55299e]" name="TC_006_VerifySubmitButtonWithoutAddingTarget" class="Tests.DownloadcallsTest"/>
        <method signature="LoginTest.TC_002_Verify_Login_With_Invalid_Username()[pri:2, instance:Tests.LoginTest@460ebd80]" name="TC_002_Verify_Login_With_Invalid_Username" class="Tests.LoginTest"/>
        <method signature="LoginTest.TC_003_Verify_Login_With_Invalid_Password()[pri:3, instance:Tests.LoginTest@460ebd80]" name="TC_003_Verify_Login_With_Invalid_Password" class="Tests.LoginTest"/>
        <method signature="LoginTest.TC_004_Verify_Login_With_Invalid_Project()[pri:4, instance:Tests.LoginTest@460ebd80]" name="TC_004_Verify_Login_With_Invalid_Project" class="Tests.LoginTest"/>
        <method signature="LoginTest.TC_005_Verify_Login_With_Invalid_Mobile_Number()[pri:5, instance:Tests.LoginTest@460ebd80]" name="TC_005_Verify_Login_With_Invalid_Mobile_Number" class="Tests.LoginTest"/>
        <method signature="LoginTest.TC_006_Verify_Login_Without_Entering_Username()[pri:6, instance:Tests.LoginTest@460ebd80]" name="TC_006_Verify_Login_Without_Entering_Username" class="Tests.LoginTest"/>
        <method signature="LoginTest.TC_007_Verify_Login_Without_Entering_Password()[pri:7, instance:Tests.LoginTest@460ebd80]" name="TC_007_Verify_Login_Without_Entering_Password" class="Tests.LoginTest"/>
        <method signature="LoginTest.TC_008_Verify_Login_Without_Entering_Project()[pri:8, instance:Tests.LoginTest@460ebd80]" name="TC_008_Verify_Login_Without_Entering_Project" class="Tests.LoginTest"/>
        <method signature="LoginTest.TC_009_Verify_Login_Without_Entering_Mobile_Number()[pri:9, instance:Tests.LoginTest@460ebd80]" name="TC_009_Verify_Login_Without_Entering_Mobile_Number" class="Tests.LoginTest"/>
      </group> <!-- regression -->
      <group name="smoke">
        <method signature="AttendanceTest.TC_001_Verify_Attendance_Module_Displayed()[pri:1, instance:Tests.AttendanceTest@4eb386df]" name="TC_001_Verify_Attendance_Module_Displayed" class="Tests.AttendanceTest"/>
        <method signature="CallPlanTest.TC_001_Verify_Call_Plan_Module_Displayed()[pri:1, instance:Tests.CallPlanTest@2f1de2d6]" name="TC_001_Verify_Call_Plan_Module_Displayed" class="Tests.CallPlanTest"/>
        <method signature="DownloadcallsTest.TC_001_VerifyDownloadCallsModuleIsDisplayed()[pri:1, instance:Tests.DownloadcallsTest@6a55299e]" name="TC_001_VerifyDownloadCallsModuleIsDisplayed" class="Tests.DownloadcallsTest"/>
        <method signature="VisitorLoginTest.TC_001_Verify_VisitorLogin_Module_Displayed()[pri:1, instance:Tests.VisitorLoginTest@79517588]" name="TC_001_Verify_VisitorLogin_Module_Displayed" class="Tests.VisitorLoginTest"/>
      </group> <!-- smoke -->
    </groups>
    <test started-at="2024-05-21T19:33:43 IST" name="Negative Tests" finished-at="2024-05-21T19:36:53 IST" duration-ms="190157">
      <class name="Tests.DownloadcallsTest">
        <test-method signature="TC_001_VerifyDownloadCallsModuleIsDisplayed()[pri:1, instance:Tests.DownloadcallsTest@6a55299e]" started-at="2024-05-21T19:35:27 IST" name="TC_001_VerifyDownloadCallsModuleIsDisplayed" finished-at="2024-05-21T19:35:43 IST" duration-ms="15729" status="PASS">
          <reporter-output>
          </reporter-output>
        </test-method> <!-- TC_001_VerifyDownloadCallsModuleIsDisplayed -->
        <test-method signature="TC_003_VerifyDuplicateCallDownload()[pri:3, instance:Tests.DownloadcallsTest@6a55299e]" started-at="2024-05-21T19:35:43 IST" name="TC_003_VerifyDuplicateCallDownload" finished-at="2024-05-21T19:35:58 IST" depends-on-methods="Tests.DownloadcallsTest.TC_001_VerifyDownloadCallsModuleIsDisplayed" duration-ms="14749" status="PASS">
          <reporter-output>
          </reporter-output>
        </test-method> <!-- TC_003_VerifyDuplicateCallDownload -->
        <test-method signature="TC_004_VerifyInvalidTargetDownload()[pri:4, instance:Tests.DownloadcallsTest@6a55299e]" started-at="2024-05-21T19:35:58 IST" name="TC_004_VerifyInvalidTargetDownload" finished-at="2024-05-21T19:36:06 IST" depends-on-methods="Tests.DownloadcallsTest.TC_001_VerifyDownloadCallsModuleIsDisplayed" duration-ms="7734" status="PASS">
          <reporter-output>
          </reporter-output>
        </test-method> <!-- TC_004_VerifyInvalidTargetDownload -->
        <test-method signature="TC_006_VerifySubmitButtonWithoutAddingTarget()[pri:6, instance:Tests.DownloadcallsTest@6a55299e]" started-at="2024-05-21T19:36:06 IST" name="TC_006_VerifySubmitButtonWithoutAddingTarget" finished-at="2024-05-21T19:36:11 IST" depends-on-methods="Tests.DownloadcallsTest.TC_001_VerifyDownloadCallsModuleIsDisplayed" duration-ms="5370" status="PASS">
          <reporter-output>
          </reporter-output>
        </test-method> <!-- TC_006_VerifySubmitButtonWithoutAddingTarget -->
      </class> <!-- Tests.DownloadcallsTest -->
      <class name="Tests.AttendanceTest">
        <test-method signature="TC_001_Verify_Attendance_Module_Displayed()[pri:1, instance:Tests.AttendanceTest@4eb386df]" started-at="2024-05-21T19:36:37 IST" name="TC_001_Verify_Attendance_Module_Displayed" finished-at="2024-05-21T19:36:42 IST" duration-ms="4549" status="PASS">
          <reporter-output>
          </reporter-output>
        </test-method> <!-- TC_001_Verify_Attendance_Module_Displayed -->
        <test-method signature="TC_002_Verify_Attendance_Without_Capturing_Image()[pri:2, instance:Tests.AttendanceTest@4eb386df]" started-at="2024-05-21T19:36:42 IST" name="TC_002_Verify_Attendance_Without_Capturing_Image" finished-at="2024-05-21T19:36:49 IST" depends-on-methods="Tests.AttendanceTest.TC_001_Verify_Attendance_Module_Displayed" duration-ms="7141" status="PASS">
          <reporter-output>
          </reporter-output>
        </test-method> <!-- TC_002_Verify_Attendance_Without_Capturing_Image -->
      </class> <!-- Tests.AttendanceTest -->
      <class name="Tests.VisitorLoginTest">
        <test-method signature="TC_001_Verify_VisitorLogin_Module_Displayed()[pri:1, instance:Tests.VisitorLoginTest@79517588]" started-at="2024-05-21T19:36:49 IST" name="TC_001_Verify_VisitorLogin_Module_Displayed" finished-at="2024-05-21T19:36:53 IST" duration-ms="3885" status="FAIL">
          <exception class="java.lang.AssertionError">
            <message>
              <![CDATA[expected [true] but found [false]]]>
            </message>
            <full-stacktrace>
              <![CDATA[java.lang.AssertionError: expected [true] but found [false]
at org.testng.Assert.fail(Assert.java:110)
at org.testng.Assert.failNotEquals(Assert.java:1577)
at org.testng.Assert.assertTrue(Assert.java:56)
at org.testng.Assert.assertTrue(Assert.java:66)
at Utilities.Utils.verifyModuleDisplayedStatus(Utils.java:431)
at Tests.VisitorLoginTest.TC_001_Verify_VisitorLogin_Module_Displayed(VisitorLoginTest.java:29)
at java.base/jdk.internal.reflect.DirectMethodHandleAccessor.invoke(DirectMethodHandleAccessor.java:103)
at java.base/java.lang.reflect.Method.invoke(Method.java:580)
at org.testng.internal.invokers.MethodInvocationHelper.invokeMethod(MethodInvocationHelper.java:139)
at org.testng.internal.invokers.TestInvoker.invokeMethod(TestInvoker.java:677)
at org.testng.internal.invokers.TestInvoker.invokeTestMethod(TestInvoker.java:221)
at org.testng.internal.invokers.MethodRunner.runInSequence(MethodRunner.java:50)
at org.testng.internal.invokers.TestInvoker$MethodInvocationAgent.invoke(TestInvoker.java:969)
at org.testng.internal.invokers.TestInvoker.invokeTestMethods(TestInvoker.java:194)
at org.testng.internal.invokers.TestMethodWorker.invokeTestMethods(TestMethodWorker.java:148)
at org.testng.internal.invokers.TestMethodWorker.run(TestMethodWorker.java:128)
at java.base/java.util.ArrayList.forEach(ArrayList.java:1596)
at org.testng.TestRunner.privateRun(TestRunner.java:829)
at org.testng.TestRunner.run(TestRunner.java:602)
at org.testng.SuiteRunner.runTest(SuiteRunner.java:437)
at org.testng.SuiteRunner.runSequentially(SuiteRunner.java:431)
at org.testng.SuiteRunner.privateRun(SuiteRunner.java:391)
at org.testng.SuiteRunner.run(SuiteRunner.java:330)
at org.testng.SuiteRunnerWorker.runSuite(SuiteRunnerWorker.java:52)
at org.testng.SuiteRunnerWorker.run(SuiteRunnerWorker.java:95)
at org.testng.TestNG.runSuitesSequentially(TestNG.java:1256)
at org.testng.TestNG.runSuitesLocally(TestNG.java:1176)
at org.testng.TestNG.runSuites(TestNG.java:1099)
at org.testng.TestNG.run(TestNG.java:1067)
at Tests.Main.main(Main.java:33)
]]>
            </full-stacktrace>
          </exception> <!-- java.lang.AssertionError -->
          <reporter-output>
          </reporter-output>
        </test-method> <!-- TC_001_Verify_VisitorLogin_Module_Displayed -->
        <test-method signature="TC_002_Verify_Submit_Button_Without_Enter_fields()[pri:2, instance:Tests.VisitorLoginTest@79517588]" started-at="2024-05-21T19:36:53 IST" name="TC_002_Verify_Submit_Button_Without_Enter_fields" finished-at="2024-05-21T19:36:53 IST" depends-on-methods="Tests.VisitorLoginTest.TC_001_Verify_VisitorLogin_Module_Displayed" duration-ms="0" status="SKIP">
          <exception class="java.lang.Throwable">
            <message>
              <![CDATA[Method Tests.VisitorLoginTest.TC_002_Verify_Submit_Button_Without_Enter_fields() on instance Tests.VisitorLoginTest@79517588 depends on not successfully finished methods 
[Tests.VisitorLoginTest.TC_001_Verify_VisitorLogin_Module_Displayed() on instance Tests.VisitorLoginTest@79517588]]]>
            </message>
            <full-stacktrace>
              <![CDATA[java.lang.Throwable: Method Tests.VisitorLoginTest.TC_002_Verify_Submit_Button_Without_Enter_fields() on instance Tests.VisitorLoginTest@79517588 depends on not successfully finished methods 
[Tests.VisitorLoginTest.TC_001_Verify_VisitorLogin_Module_Displayed() on instance Tests.VisitorLoginTest@79517588]
at org.testng.internal.invokers.TestInvoker.invokeTestMethods(TestInvoker.java:150)
at org.testng.internal.invokers.TestMethodWorker.invokeTestMethods(TestMethodWorker.java:148)
at org.testng.internal.invokers.TestMethodWorker.run(TestMethodWorker.java:128)
at java.base/java.util.ArrayList.forEach(ArrayList.java:1596)
at org.testng.TestRunner.privateRun(TestRunner.java:829)
at org.testng.TestRunner.run(TestRunner.java:602)
at org.testng.SuiteRunner.runTest(SuiteRunner.java:437)
at org.testng.SuiteRunner.runSequentially(SuiteRunner.java:431)
at org.testng.SuiteRunner.privateRun(SuiteRunner.java:391)
at org.testng.SuiteRunner.run(SuiteRunner.java:330)
at org.testng.SuiteRunnerWorker.runSuite(SuiteRunnerWorker.java:52)
at org.testng.SuiteRunnerWorker.run(SuiteRunnerWorker.java:95)
at org.testng.TestNG.runSuitesSequentially(TestNG.java:1256)
at org.testng.TestNG.runSuitesLocally(TestNG.java:1176)
at org.testng.TestNG.runSuites(TestNG.java:1099)
at org.testng.TestNG.run(TestNG.java:1067)
at Tests.Main.main(Main.java:33)
]]>
            </full-stacktrace>
          </exception> <!-- java.lang.Throwable -->
          <reporter-output>
          </reporter-output>
        </test-method> <!-- TC_002_Verify_Submit_Button_Without_Enter_fields -->
      </class> <!-- Tests.VisitorLoginTest -->
      <class name="Tests.CallPlanTest">
        <test-method signature="TC_001_Verify_Call_Plan_Module_Displayed()[pri:1, instance:Tests.CallPlanTest@2f1de2d6]" started-at="2024-05-21T19:36:11 IST" name="TC_001_Verify_Call_Plan_Module_Displayed" finished-at="2024-05-21T19:36:13 IST" duration-ms="2401" status="PASS">
          <reporter-output>
          </reporter-output>
        </test-method> <!-- TC_001_Verify_Call_Plan_Module_Displayed -->
        <test-method signature="TC_005_Verify_Upload_Button_Without_Completing_Form()[pri:4, instance:Tests.CallPlanTest@2f1de2d6]" started-at="2024-05-21T19:36:13 IST" name="TC_005_Verify_Upload_Button_Without_Completing_Form" finished-at="2024-05-21T19:36:37 IST" depends-on-methods="Tests.CallPlanTest.TC_001_Verify_Call_Plan_Module_Displayed" duration-ms="23357" status="FAIL">
          <exception class="java.lang.AssertionError">
            <message>
              <![CDATA[expected [true] but found [false]]]>
            </message>
            <full-stacktrace>
              <![CDATA[java.lang.AssertionError: expected [true] but found [false]
at org.testng.Assert.fail(Assert.java:110)
at org.testng.Assert.failNotEquals(Assert.java:1577)
at org.testng.Assert.assertTrue(Assert.java:56)
at org.testng.Assert.assertTrue(Assert.java:66)
at Pages.CallPlan_page.formcompletingvalidation(CallPlan_page.java:144)
at Tests.CallPlanTest.TC_005_Verify_Upload_Button_Without_Completing_Form(CallPlanTest.java:82)
at java.base/jdk.internal.reflect.DirectMethodHandleAccessor.invoke(DirectMethodHandleAccessor.java:103)
at java.base/java.lang.reflect.Method.invoke(Method.java:580)
at org.testng.internal.invokers.MethodInvocationHelper.invokeMethod(MethodInvocationHelper.java:139)
at org.testng.internal.invokers.TestInvoker.invokeMethod(TestInvoker.java:677)
at org.testng.internal.invokers.TestInvoker.invokeTestMethod(TestInvoker.java:221)
at org.testng.internal.invokers.MethodRunner.runInSequence(MethodRunner.java:50)
at org.testng.internal.invokers.TestInvoker$MethodInvocationAgent.invoke(TestInvoker.java:969)
at org.testng.internal.invokers.TestInvoker.invokeTestMethods(TestInvoker.java:194)
at org.testng.internal.invokers.TestMethodWorker.invokeTestMethods(TestMethodWorker.java:148)
at org.testng.internal.invokers.TestMethodWorker.run(TestMethodWorker.java:128)
at java.base/java.util.ArrayList.forEach(ArrayList.java:1596)
at org.testng.TestRunner.privateRun(TestRunner.java:829)
at org.testng.TestRunner.run(TestRunner.java:602)
at org.testng.SuiteRunner.runTest(SuiteRunner.java:437)
at org.testng.SuiteRunner.runSequentially(SuiteRunner.java:431)
at org.testng.SuiteRunner.privateRun(SuiteRunner.java:391)
at org.testng.SuiteRunner.run(SuiteRunner.java:330)
at org.testng.SuiteRunnerWorker.runSuite(SuiteRunnerWorker.java:52)
at org.testng.SuiteRunnerWorker.run(SuiteRunnerWorker.java:95)
at org.testng.TestNG.runSuitesSequentially(TestNG.java:1256)
at org.testng.TestNG.runSuitesLocally(TestNG.java:1176)
at org.testng.TestNG.runSuites(TestNG.java:1099)
at org.testng.TestNG.run(TestNG.java:1067)
at Tests.Main.main(Main.java:33)
]]>
            </full-stacktrace>
          </exception> <!-- java.lang.AssertionError -->
          <reporter-output>
          </reporter-output>
        </test-method> <!-- TC_005_Verify_Upload_Button_Without_Completing_Form -->
      </class> <!-- Tests.CallPlanTest -->
      <class name="Tests.LoginTest">
        <test-method is-config="true" signature="StartApp()[pri:0, instance:Tests.LoginTest@460ebd80]" started-at="2024-05-21T19:33:27 IST" name="StartApp" finished-at="2024-05-21T19:33:43 IST" duration-ms="16027" status="PASS">
          <reporter-output>
          </reporter-output>
        </test-method> <!-- StartApp -->
        <test-method signature="TC_002_Verify_Login_With_Invalid_Username()[pri:2, instance:Tests.LoginTest@460ebd80]" started-at="2024-05-21T19:33:43 IST" name="TC_002_Verify_Login_With_Invalid_Username" finished-at="2024-05-21T19:33:58 IST" duration-ms="14659" status="PASS">
          <reporter-output>
          </reporter-output>
        </test-method> <!-- TC_002_Verify_Login_With_Invalid_Username -->
        <test-method signature="TC_003_Verify_Login_With_Invalid_Password()[pri:3, instance:Tests.LoginTest@460ebd80]" started-at="2024-05-21T19:33:58 IST" name="TC_003_Verify_Login_With_Invalid_Password" finished-at="2024-05-21T19:34:13 IST" duration-ms="14696" status="PASS">
          <reporter-output>
          </reporter-output>
        </test-method> <!-- TC_003_Verify_Login_With_Invalid_Password -->
        <test-method signature="TC_004_Verify_Login_With_Invalid_Project()[pri:4, instance:Tests.LoginTest@460ebd80]" started-at="2024-05-21T19:34:13 IST" name="TC_004_Verify_Login_With_Invalid_Project" finished-at="2024-05-21T19:34:27 IST" duration-ms="13930" status="PASS">
          <reporter-output>
          </reporter-output>
        </test-method> <!-- TC_004_Verify_Login_With_Invalid_Project -->
        <test-method signature="TC_005_Verify_Login_With_Invalid_Mobile_Number()[pri:5, instance:Tests.LoginTest@460ebd80]" started-at="2024-05-21T19:34:27 IST" name="TC_005_Verify_Login_With_Invalid_Mobile_Number" finished-at="2024-05-21T19:34:39 IST" duration-ms="12670" status="PASS">
          <reporter-output>
          </reporter-output>
        </test-method> <!-- TC_005_Verify_Login_With_Invalid_Mobile_Number -->
        <test-method signature="TC_006_Verify_Login_Without_Entering_Username()[pri:6, instance:Tests.LoginTest@460ebd80]" started-at="2024-05-21T19:34:39 IST" name="TC_006_Verify_Login_Without_Entering_Username" finished-at="2024-05-21T19:34:51 IST" duration-ms="11856" status="PASS">
          <reporter-output>
          </reporter-output>
        </test-method> <!-- TC_006_Verify_Login_Without_Entering_Username -->
        <test-method signature="TC_007_Verify_Login_Without_Entering_Password()[pri:7, instance:Tests.LoginTest@460ebd80]" started-at="2024-05-21T19:34:51 IST" name="TC_007_Verify_Login_Without_Entering_Password" finished-at="2024-05-21T19:35:02 IST" duration-ms="11265" status="PASS">
          <reporter-output>
          </reporter-output>
        </test-method> <!-- TC_007_Verify_Login_Without_Entering_Password -->
        <test-method signature="TC_008_Verify_Login_Without_Entering_Project()[pri:8, instance:Tests.LoginTest@460ebd80]" started-at="2024-05-21T19:35:02 IST" name="TC_008_Verify_Login_Without_Entering_Project" finished-at="2024-05-21T19:35:16 IST" duration-ms="13224" status="PASS">
          <reporter-output>
          </reporter-output>
        </test-method> <!-- TC_008_Verify_Login_Without_Entering_Project -->
        <test-method signature="TC_009_Verify_Login_Without_Entering_Mobile_Number()[pri:9, instance:Tests.LoginTest@460ebd80]" started-at="2024-05-21T19:35:16 IST" name="TC_009_Verify_Login_Without_Entering_Mobile_Number" finished-at="2024-05-21T19:35:27 IST" duration-ms="11796" status="PASS">
          <reporter-output>
          </reporter-output>
        </test-method> <!-- TC_009_Verify_Login_Without_Entering_Mobile_Number -->
        <test-method is-config="true" signature="tearDownApp()[pri:0, instance:Tests.LoginTest@460ebd80]" started-at="2024-05-21T19:36:54 IST" name="tearDownApp" finished-at="2024-05-21T19:37:04 IST" duration-ms="10125" status="PASS">
          <reporter-output>
          </reporter-output>
        </test-method> <!-- tearDownApp -->
      </class> <!-- Tests.LoginTest -->
    </test> <!-- Negative Tests -->
  </suite> <!-- Negative Suite -->
</testng-results>
