<?xml version="1.0" encoding="UTF-8"?>
<!-- Generated by org.testng.reporters.JUnitReportReporter -->
<testsuite hostname="DESKTOP-OET6KL6" failures="1" tests="7" name="Tests.DownloadcallsTest" time="53.233" errors="0" timestamp="2024-05-22T15:49:05 IST" skipped="0">
  <testcase classname="Tests.DownloadcallsTest" name="TC_001_VerifyDownloadCallsModuleIsDisplayed" time="12.445"/>
  <system-out/>
  <testcase classname="Tests.DownloadcallsTest" name="TC_002_VerifyCallsAreDownloaded" time="15.126"/>
  <system-out/>
  <testcase classname="Tests.DownloadcallsTest" name="TC_003_VerifyDuplicateCallDownload" time="7.133"/>
  <system-out/>
  <testcase classname="Tests.DownloadcallsTest" name="TC_004_VerifyInvalidTargetDownload" time="7.760"/>
  <system-out/>
  <testcase classname="Tests.DownloadcallsTest" name="TC_005_VerifyRemoveButtonFunctionality" time="6.173"/>
  <system-out/>
  <testcase classname="Tests.DownloadcallsTest" name="TC_006_VerifySubmitButtonWithoutAddingTarget" time="0.884"/>
  <system-out/>
  <testcase classname="Tests.DownloadcallsTest" name="TC_007_VerifyTargetIDTextboxCharacterLimit" time="3.712">
    <failure message="expected [true] but found [false]" type="java.lang.AssertionError">
      <![CDATA[java.lang.AssertionError: expected [true] but found [false]
at org.testng.Assert.fail(Assert.java:110)
at org.testng.Assert.failNotEquals(Assert.java:1577)
at org.testng.Assert.assertTrue(Assert.java:56)
at org.testng.Assert.assertTrue(Assert.java:66)
at Modules.Downloadcalls_Module.validateMaxTextLimitIntargetIDTextbox(Downloadcalls_Module.java:198)
at Tests.DownloadcallsTest.TC_007_VerifyTargetIDTextboxCharacterLimit(DownloadcallsTest.java:91)
at java.base/jdk.internal.reflect.DirectMethodHandleAccessor.invoke(DirectMethodHandleAccessor.java:103)
at java.base/java.lang.reflect.Method.invoke(Method.java:580)
at org.testng.internal.invokers.MethodInvocationHelper.invokeMethod(MethodInvocationHelper.java:139)
at org.testng.internal.invokers.TestInvoker.invokeMethod(TestInvoker.java:677)
at org.testng.internal.invokers.TestInvoker.invokeTestMethod(TestInvoker.java:221)
at org.testng.internal.invokers.MethodRunner.runInSequence(MethodRunner.java:50)
at org.testng.internal.invokers.TestInvoker$MethodInvocationAgent.invoke(TestInvoker.java:969)
at org.testng.internal.invokers.TestInvoker.invokeTestMethods(TestInvoker.java:194)
at org.testng.internal.invokers.TestMethodWorker.invokeTestMethods(TestMethodWorker.java:148)
at org.testng.internal.invokers.TestMethodWorker.run(TestMethodWorker.java:128)
at java.base/java.util.ArrayList.forEach(ArrayList.java:1596)
at org.testng.TestRunner.privateRun(TestRunner.java:829)
at org.testng.TestRunner.run(TestRunner.java:602)
at org.testng.SuiteRunner.runTest(SuiteRunner.java:437)
at org.testng.SuiteRunner.runSequentially(SuiteRunner.java:431)
at org.testng.SuiteRunner.privateRun(SuiteRunner.java:391)
at org.testng.SuiteRunner.run(SuiteRunner.java:330)
at org.testng.SuiteRunnerWorker.runSuite(SuiteRunnerWorker.java:52)
at org.testng.SuiteRunnerWorker.run(SuiteRunnerWorker.java:95)
at org.testng.TestNG.runSuitesSequentially(TestNG.java:1256)
at org.testng.TestNG.runSuitesLocally(TestNG.java:1176)
at org.testng.TestNG.runSuites(TestNG.java:1099)
at org.testng.TestNG.run(TestNG.java:1067)
at Tests.Main.main(Main.java:33)
]]>
    </failure>
  </testcase> <!-- TC_007_VerifyTargetIDTextboxCharacterLimit -->
  <system-out/>
</testsuite> <!-- Tests.DownloadcallsTest -->
